25-Oct-2018 20:33:48.100 INFORMATION [main] org.apache.catalina.startup.VersionLoggerListener.log Server version:        Apache Tomcat/9.0.5
25-Oct-2018 20:33:48.104 INFORMATION [main] org.apache.catalina.startup.VersionLoggerListener.log Server built:          Feb 6 2018 21:42:23 UTC
25-Oct-2018 20:33:48.105 INFORMATION [main] org.apache.catalina.startup.VersionLoggerListener.log Server number:         9.0.5.0
25-Oct-2018 20:33:48.106 INFORMATION [main] org.apache.catalina.startup.VersionLoggerListener.log OS Name:               Windows 8.1
25-Oct-2018 20:33:48.106 INFORMATION [main] org.apache.catalina.startup.VersionLoggerListener.log OS Version:            6.3
25-Oct-2018 20:33:48.106 INFORMATION [main] org.apache.catalina.startup.VersionLoggerListener.log Architecture:          amd64
25-Oct-2018 20:33:48.107 INFORMATION [main] org.apache.catalina.startup.VersionLoggerListener.log Java Home:             C:\Program Files\Java\jdk1.8.0_191\jre
25-Oct-2018 20:33:48.107 INFORMATION [main] org.apache.catalina.startup.VersionLoggerListener.log JVM Version:           1.8.0_191-b12
25-Oct-2018 20:33:48.107 INFORMATION [main] org.apache.catalina.startup.VersionLoggerListener.log JVM Vendor:            Oracle Corporation
25-Oct-2018 20:33:48.108 INFORMATION [main] org.apache.catalina.startup.VersionLoggerListener.log CATALINA_BASE:         C:\Users\Simo\Desktop\Camunda\server\apache-tomcat-9.0.5
25-Oct-2018 20:33:48.108 INFORMATION [main] org.apache.catalina.startup.VersionLoggerListener.log CATALINA_HOME:         C:\Users\Simo\Desktop\Camunda\server\apache-tomcat-9.0.5
25-Oct-2018 20:33:48.109 INFORMATION [main] org.apache.catalina.startup.VersionLoggerListener.log Command line argument: -Djava.util.logging.config.file=C:\Users\Simo\Desktop\Camunda\server\apache-tomcat-9.0.5\conf\logging.properties
25-Oct-2018 20:33:48.111 INFORMATION [main] org.apache.catalina.startup.VersionLoggerListener.log Command line argument: -Djava.util.logging.manager=org.apache.juli.ClassLoaderLogManager
25-Oct-2018 20:33:48.112 INFORMATION [main] org.apache.catalina.startup.VersionLoggerListener.log Command line argument: -Djdk.tls.ephemeralDHKeySize=2048
25-Oct-2018 20:33:48.112 INFORMATION [main] org.apache.catalina.startup.VersionLoggerListener.log Command line argument: -Djava.protocol.handler.pkgs=org.apache.catalina.webresources
25-Oct-2018 20:33:48.113 INFORMATION [main] org.apache.catalina.startup.VersionLoggerListener.log Command line argument: -Xmx512m
25-Oct-2018 20:33:48.114 INFORMATION [main] org.apache.catalina.startup.VersionLoggerListener.log Command line argument: -XX:MaxPermSize=256m
25-Oct-2018 20:33:48.114 INFORMATION [main] org.apache.catalina.startup.VersionLoggerListener.log Command line argument: -XX:PermSize=256m
25-Oct-2018 20:33:48.115 INFORMATION [main] org.apache.catalina.startup.VersionLoggerListener.log Command line argument: -Dignore.endorsed.dirs=
25-Oct-2018 20:33:48.116 INFORMATION [main] org.apache.catalina.startup.VersionLoggerListener.log Command line argument: -Dcatalina.base=C:\Users\Simo\Desktop\Camunda\server\apache-tomcat-9.0.5
25-Oct-2018 20:33:48.117 INFORMATION [main] org.apache.catalina.startup.VersionLoggerListener.log Command line argument: -Dcatalina.home=C:\Users\Simo\Desktop\Camunda\server\apache-tomcat-9.0.5
25-Oct-2018 20:33:48.117 INFORMATION [main] org.apache.catalina.startup.VersionLoggerListener.log Command line argument: -Djava.io.tmpdir=C:\Users\Simo\Desktop\Camunda\server\apache-tomcat-9.0.5\temp
25-Oct-2018 20:33:48.119 INFORMATION [main] org.apache.catalina.core.AprLifecycleListener.lifecycleEvent The APR based Apache Tomcat Native library which allows optimal performance in production environments was not found on the java.library.path: [C:\Program Files\Java\jdk1.8.0_191\bin;C:\WINDOWS\Sun\Java\bin;C:\WINDOWS\system32;C:\WINDOWS;C:\Program Files (x86)\Common Files\Oracle\Java\javapath;C:\Program Files (x86)\Intel\iCLS Client\;C:\Program Files\Intel\iCLS Client\;C:\WINDOWS\system32;C:\WINDOWS;C:\WINDOWS\System32\Wbem;C:\WINDOWS\System32\WindowsPowerShell\v1.0\;C:\Program Files\Intel\Intel(R) Management Engine Components\DAL;C:\Program Files\Intel\Intel(R) Management Engine Components\IPT;C:\Program Files (x86)\Intel\Intel(R) Management Engine Components\DAL;C:\Program Files (x86)\Intel\Intel(R) Management Engine Components\IPT;C:\Program Files\Intel\WiFi\bin\;C:\Program Files\Common Files\Intel\WirelessCommon\;C:\Program Files (x86)\Skype\Phone\;.]
25-Oct-2018 20:33:48.325 INFORMATION [main] org.apache.coyote.AbstractProtocol.init Initializing ProtocolHandler ["http-nio-8080"]
25-Oct-2018 20:33:48.449 INFORMATION [main] org.apache.tomcat.util.net.NioSelectorPool.getSharedSelector Using a shared selector for servlet write/read
25-Oct-2018 20:33:48.462 INFORMATION [main] org.apache.coyote.AbstractProtocol.init Initializing ProtocolHandler ["ajp-nio-8009"]
25-Oct-2018 20:33:48.471 INFORMATION [main] org.apache.tomcat.util.net.NioSelectorPool.getSharedSelector Using a shared selector for servlet write/read
25-Oct-2018 20:33:48.472 INFORMATION [main] org.apache.catalina.startup.Catalina.load Initialization processed in 981 ms
25-Oct-2018 20:33:48.845 INFORMATION [main] org.camunda.commons.logging.BaseLogger.logInfo ENGINE-08046 Found camunda bpm platform configuration in CATALINA_BASE/CATALINA_HOME conf directory [C:\Users\Simo\Desktop\Camunda\server\apache-tomcat-9.0.5\conf\bpm-platform.xml] at 'file:/C:/Users/Simo/Desktop/Camunda/server/apache-tomcat-9.0.5/conf/bpm-platform.xml'
25-Oct-2018 20:33:49.124 INFORMATION [main] org.camunda.commons.logging.BaseLogger.logInfo ENGINE-12003 Plugin 'ProcessApplicationEventListenerPlugin' activated on process engine 'default'
25-Oct-2018 20:33:49.134 INFORMATION [main] org.camunda.commons.logging.BaseLogger.logInfo ENGINE-12003 Plugin 'SpinProcessEnginePlugin' activated on process engine 'default'
25-Oct-2018 20:33:49.140 INFORMATION [main] org.camunda.commons.logging.BaseLogger.logInfo SPIN-01010 Discovered Spin data format provider: org.camunda.spin.impl.json.jackson.format.JacksonJsonDataFormatProvider[name = application/json]
25-Oct-2018 20:33:49.470 INFORMATION [main] org.camunda.commons.logging.BaseLogger.logInfo SPIN-01010 Discovered Spin data format provider: org.camunda.spin.impl.xml.dom.format.DomXmlDataFormatProvider[name = application/xml]
25-Oct-2018 20:33:49.485 INFORMATION [main] org.camunda.commons.logging.BaseLogger.logInfo SPIN-01009 Discovered Spin data format: org.camunda.spin.impl.xml.dom.format.DomXmlDataFormat[name = application/xml]
25-Oct-2018 20:33:49.485 INFORMATION [main] org.camunda.commons.logging.BaseLogger.logInfo SPIN-01009 Discovered Spin data format: org.camunda.spin.impl.json.jackson.format.JacksonJsonDataFormat[name = application/json]
25-Oct-2018 20:33:49.486 INFORMATION [main] org.camunda.commons.logging.BaseLogger.logInfo ENGINE-12003 Plugin 'ConnectProcessEnginePlugin' activated on process engine 'default'
25-Oct-2018 20:33:49.833 INFORMATION [main] org.camunda.commons.logging.BaseLogger.logInfo CNCT-01004 Discovered provider for connector id 'http-connector' and class 'org.camunda.connect.httpclient.impl.HttpConnectorImpl': 'org.camunda.connect.httpclient.impl.HttpConnectorProviderImpl'
25-Oct-2018 20:33:49.837 INFORMATION [main] org.camunda.commons.logging.BaseLogger.logInfo CNCT-01004 Discovered provider for connector id 'soap-http-connector' and class 'org.camunda.connect.httpclient.soap.impl.SoapHttpConnectorImpl': 'org.camunda.connect.httpclient.soap.impl.SoapHttpConnectorProviderImpl'
25-Oct-2018 20:33:56.197 INFORMATION [main] org.camunda.commons.logging.BaseLogger.logInfo ENGINE-03016 Performing database operation 'create' on component 'engine' with resource 'org/camunda/bpm/engine/db/create/activiti.h2.create.engine.sql'
25-Oct-2018 20:33:56.246 INFORMATION [main] org.camunda.commons.logging.BaseLogger.logInfo ENGINE-03016 Performing database operation 'create' on component 'history' with resource 'org/camunda/bpm/engine/db/create/activiti.h2.create.history.sql'
25-Oct-2018 20:33:56.285 INFORMATION [main] org.camunda.commons.logging.BaseLogger.logInfo ENGINE-03016 Performing database operation 'create' on component 'identity' with resource 'org/camunda/bpm/engine/db/create/activiti.h2.create.identity.sql'
25-Oct-2018 20:33:56.310 INFORMATION [main] org.camunda.commons.logging.BaseLogger.logInfo ENGINE-03016 Performing database operation 'create' on component 'case.engine' with resource 'org/camunda/bpm/engine/db/create/activiti.h2.create.case.engine.sql'
25-Oct-2018 20:33:56.325 INFORMATION [main] org.camunda.commons.logging.BaseLogger.logInfo ENGINE-03016 Performing database operation 'create' on component 'case.history' with resource 'org/camunda/bpm/engine/db/create/activiti.h2.create.case.history.sql'
25-Oct-2018 20:33:56.335 INFORMATION [main] org.camunda.commons.logging.BaseLogger.logInfo ENGINE-03016 Performing database operation 'create' on component 'decision.engine' with resource 'org/camunda/bpm/engine/db/create/activiti.h2.create.decision.engine.sql'
25-Oct-2018 20:33:56.350 INFORMATION [main] org.camunda.commons.logging.BaseLogger.logInfo ENGINE-03016 Performing database operation 'create' on component 'decision.history' with resource 'org/camunda/bpm/engine/db/create/activiti.h2.create.decision.history.sql'
25-Oct-2018 20:33:56.414 INFORMATION [main] org.camunda.commons.logging.BaseLogger.logInfo ENGINE-03067 No history level property found in database
25-Oct-2018 20:33:56.419 INFORMATION [main] org.camunda.commons.logging.BaseLogger.logInfo ENGINE-03065 Creating historyLevel property in database for level: HistoryLevelFull(name=full, id=3)
25-Oct-2018 20:33:56.490 INFORMATION [main] org.camunda.commons.logging.BaseLogger.logInfo ENGINE-00001 Process Engine default created.
25-Oct-2018 20:33:56.499 INFORMATION [main] org.camunda.commons.logging.BaseLogger.logInfo ENGINE-14014 Starting up the JobExecutor[org.camunda.bpm.engine.impl.jobexecutor.RuntimeContainerJobExecutor].
25-Oct-2018 20:33:56.507 INFORMATION [Thread-6] org.camunda.commons.logging.BaseLogger.logInfo ENGINE-14018 JobExecutor[org.camunda.bpm.engine.impl.jobexecutor.RuntimeContainerJobExecutor] starting to acquire jobs
25-Oct-2018 20:33:56.524 INFORMATION [main] org.camunda.commons.logging.BaseLogger.logInfo ENGINE-08048 Camunda BPM platform sucessfully started at 'Apache Tomcat/9.0.5'.
25-Oct-2018 20:33:56.550 INFORMATION [main] org.apache.catalina.core.StandardService.startInternal Starting service [Catalina]
25-Oct-2018 20:33:56.551 INFORMATION [main] org.apache.catalina.core.StandardEngine.startInternal Starting Servlet Engine: Apache Tomcat/9.0.5
25-Oct-2018 20:33:56.565 INFORMATION [main] org.apache.catalina.startup.HostConfig.deployDirectory Deploying web application directory [C:\Users\Simo\Desktop\Camunda\server\apache-tomcat-9.0.5\webapps\camunda]
25-Oct-2018 20:34:03.296 INFORMATION [main] org.apache.jasper.servlet.TldScanner.scanJars At least one JAR was scanned for TLDs yet contained no TLDs. Enable debug logging for this logger for a complete list of JARs that were scanned but no TLDs were found in them. Skipping unneeded JARs during scanning can improve startup time and JSP compilation time.
25-Oct-2018 20:34:04.078 INFORMATION [main] org.apache.catalina.startup.HostConfig.deployDirectory Deployment of web application directory [C:\Users\Simo\Desktop\Camunda\server\apache-tomcat-9.0.5\webapps\camunda] has finished in [7,512] ms
25-Oct-2018 20:34:04.079 INFORMATION [main] org.apache.catalina.startup.HostConfig.deployDirectory Deploying web application directory [C:\Users\Simo\Desktop\Camunda\server\apache-tomcat-9.0.5\webapps\camunda-invoice]
25-Oct-2018 20:34:07.437 INFORMATION [main] org.camunda.commons.logging.BaseLogger.logInfo ENGINE-07015 Detected @ProcessApplication class 'org.camunda.bpm.example.invoice.InvoiceProcessApplication'
25-Oct-2018 20:34:07.501 INFORMATION [main] org.apache.jasper.servlet.TldScanner.scanJars At least one JAR was scanned for TLDs yet contained no TLDs. Enable debug logging for this logger for a complete list of JARs that were scanned but no TLDs were found in them. Skipping unneeded JARs during scanning can improve startup time and JSP compilation time.
25-Oct-2018 20:34:07.511 INFORMATION [main] org.camunda.commons.logging.BaseLogger.logInfo ENGINE-08024 Found processes.xml file at file:/C:/Users/Simo/Desktop/Camunda/server/apache-tomcat-9.0.5/webapps/camunda-invoice/WEB-INF/classes/META-INF/processes.xml
25-Oct-2018 20:34:08.088 INFORMATION [main] org.camunda.commons.logging.BaseLogger.logInfo ENGINE-07021 ProcessApplication 'camunda-invoice' registered for DB deployments [8eac2866-d884-11e8-8256-0c8bfdb1d187]. Will execute process definitions 

        invoice[version: 1, id: invoice:1:8ebf624a-d884-11e8-8256-0c8bfdb1d187]

Will execute case definitions 

        ReviewInvoiceCase[version: 1, id: ReviewInvoiceCase:1:8ee316ec-d884-11e8-8256-0c8bfdb1d187]

25-Oct-2018 20:34:08.110 INFORMATION [main] org.camunda.commons.logging.BaseLogger.logInfo ENGINE-08023 Deployment summary for process archive 'camunda-invoice': 

        invoiceBusinessDecisions.dmn
        invoice.v2.bpmn
        review-invoice.cmmn

25-Oct-2018 20:34:08.244 INFORMATION [main] org.camunda.commons.logging.BaseLogger.logInfo ENGINE-07021 ProcessApplication 'camunda-invoice' registered for DB deployments [8eac2866-d884-11e8-8256-0c8bfdb1d187, 8f019b70-d884-11e8-8256-0c8bfdb1d187]. Will execute process definitions 

        invoice[version: 1, id: invoice:1:8ebf624a-d884-11e8-8256-0c8bfdb1d187]
        invoice[version: 2, id: invoice:2:8f093c94-d884-11e8-8256-0c8bfdb1d187]

Will execute case definitions 

        ReviewInvoiceCase[version: 1, id: ReviewInvoiceCase:1:8ee316ec-d884-11e8-8256-0c8bfdb1d187]
        ReviewInvoiceCase[version: 2, id: ReviewInvoiceCase:2:8f0ebad6-d884-11e8-8256-0c8bfdb1d187]

25-Oct-2018 20:34:08.285 INFORMATION [main] org.camunda.commons.logging.BaseLogger.logInfo SPIN-01010 Discovered Spin data format provider: org.camunda.spin.impl.json.jackson.format.JacksonJsonDataFormatProvider[name = application/json]
25-Oct-2018 20:34:08.292 INFORMATION [main] org.camunda.commons.logging.BaseLogger.logInfo SPIN-01010 Discovered Spin data format provider: org.camunda.spin.impl.xml.dom.format.DomXmlDataFormatProvider[name = application/xml]
25-Oct-2018 20:34:08.299 INFORMATION [main] org.camunda.commons.logging.BaseLogger.logInfo SPIN-01009 Discovered Spin data format: org.camunda.spin.impl.xml.dom.format.DomXmlDataFormat[name = application/xml]
25-Oct-2018 20:34:08.300 INFORMATION [main] org.camunda.commons.logging.BaseLogger.logInfo SPIN-01009 Discovered Spin data format: org.camunda.spin.impl.json.jackson.format.JacksonJsonDataFormat[name = application/json]
25-Oct-2018 20:34:08.329 INFORMATION [main] org.camunda.bpm.example.invoice.DemoDataGenerator.createUsers Generating demo data for invoice showcase
25-Oct-2018 20:34:08.896 INFORMATION [main] org.camunda.bpm.example.invoice.InvoiceProcessApplication.startProcessInstances Start 3 instances of Invoice Receipt, version 1
25-Oct-2018 20:34:10.905 INFORMATION [main] org.camunda.bpm.example.invoice.service.NotifyCreditorService.execute 

  ... Now notifying creditor Bobby's Office Supplies


25-Oct-2018 20:34:11.172 INFORMATION [main] org.camunda.bpm.example.invoice.InvoiceProcessApplication.startProcessInstances Start 3 instances of Invoice Receipt, version 2
25-Oct-2018 20:34:11.505 INFORMATION [main] org.camunda.commons.logging.BaseLogger.logInfo ENGINE-08050 Process application camunda-invoice successfully deployed
25-Oct-2018 20:34:11.514 INFORMATION [main] org.apache.catalina.startup.HostConfig.deployDirectory Deployment of web application directory [C:\Users\Simo\Desktop\Camunda\server\apache-tomcat-9.0.5\webapps\camunda-invoice] has finished in [7,434] ms
25-Oct-2018 20:34:11.516 INFORMATION [main] org.apache.catalina.startup.HostConfig.deployDirectory Deploying web application directory [C:\Users\Simo\Desktop\Camunda\server\apache-tomcat-9.0.5\webapps\camunda-welcome]
25-Oct-2018 20:34:14.600 INFORMATION [main] org.apache.jasper.servlet.TldScanner.scanJars At least one JAR was scanned for TLDs yet contained no TLDs. Enable debug logging for this logger for a complete list of JARs that were scanned but no TLDs were found in them. Skipping unneeded JARs during scanning can improve startup time and JSP compilation time.
25-Oct-2018 20:34:14.605 INFORMATION [main] org.apache.catalina.startup.HostConfig.deployDirectory Deployment of web application directory [C:\Users\Simo\Desktop\Camunda\server\apache-tomcat-9.0.5\webapps\camunda-welcome] has finished in [3,089] ms
25-Oct-2018 20:34:14.606 INFORMATION [main] org.apache.catalina.startup.HostConfig.deployDirectory Deploying web application directory [C:\Users\Simo\Desktop\Camunda\server\apache-tomcat-9.0.5\webapps\docs]
25-Oct-2018 20:34:17.199 INFORMATION [main] org.apache.jasper.servlet.TldScanner.scanJars At least one JAR was scanned for TLDs yet contained no TLDs. Enable debug logging for this logger for a complete list of JARs that were scanned but no TLDs were found in them. Skipping unneeded JARs during scanning can improve startup time and JSP compilation time.
25-Oct-2018 20:34:17.205 INFORMATION [main] org.apache.catalina.startup.HostConfig.deployDirectory Deployment of web application directory [C:\Users\Simo\Desktop\Camunda\server\apache-tomcat-9.0.5\webapps\docs] has finished in [2,599] ms
25-Oct-2018 20:34:17.206 INFORMATION [main] org.apache.catalina.startup.HostConfig.deployDirectory Deploying web application directory [C:\Users\Simo\Desktop\Camunda\server\apache-tomcat-9.0.5\webapps\engine-rest]
25-Oct-2018 20:34:20.930 INFORMATION [main] org.apache.jasper.servlet.TldScanner.scanJars At least one JAR was scanned for TLDs yet contained no TLDs. Enable debug logging for this logger for a complete list of JARs that were scanned but no TLDs were found in them. Skipping unneeded JARs during scanning can improve startup time and JSP compilation time.
25-Oct-2018 20:34:21.325 INFORMATION [main] org.apache.catalina.startup.HostConfig.deployDirectory Deployment of web application directory [C:\Users\Simo\Desktop\Camunda\server\apache-tomcat-9.0.5\webapps\engine-rest] has finished in [4,119] ms
25-Oct-2018 20:34:21.327 INFORMATION [main] org.apache.catalina.startup.HostConfig.deployDirectory Deploying web application directory [C:\Users\Simo\Desktop\Camunda\server\apache-tomcat-9.0.5\webapps\examples]
25-Oct-2018 20:34:25.574 INFORMATION [main] org.apache.jasper.servlet.TldScanner.scanJars At least one JAR was scanned for TLDs yet contained no TLDs. Enable debug logging for this logger for a complete list of JARs that were scanned but no TLDs were found in them. Skipping unneeded JARs during scanning can improve startup time and JSP compilation time.
25-Oct-2018 20:34:25.724 INFORMATION [main] org.apache.catalina.startup.HostConfig.deployDirectory Deployment of web application directory [C:\Users\Simo\Desktop\Camunda\server\apache-tomcat-9.0.5\webapps\examples] has finished in [4,397] ms
25-Oct-2018 20:34:25.725 INFORMATION [main] org.apache.catalina.startup.HostConfig.deployDirectory Deploying web application directory [C:\Users\Simo\Desktop\Camunda\server\apache-tomcat-9.0.5\webapps\h2]
25-Oct-2018 20:34:28.945 INFORMATION [main] org.apache.jasper.servlet.TldScanner.scanJars At least one JAR was scanned for TLDs yet contained no TLDs. Enable debug logging for this logger for a complete list of JARs that were scanned but no TLDs were found in them. Skipping unneeded JARs during scanning can improve startup time and JSP compilation time.
25-Oct-2018 20:34:28.962 INFORMATION [main] org.apache.catalina.startup.HostConfig.deployDirectory Deployment of web application directory [C:\Users\Simo\Desktop\Camunda\server\apache-tomcat-9.0.5\webapps\h2] has finished in [3,237] ms
25-Oct-2018 20:34:28.963 INFORMATION [main] org.apache.catalina.startup.HostConfig.deployDirectory Deploying web application directory [C:\Users\Simo\Desktop\Camunda\server\apache-tomcat-9.0.5\webapps\host-manager]
25-Oct-2018 20:34:31.861 INFORMATION [main] org.apache.jasper.servlet.TldScanner.scanJars At least one JAR was scanned for TLDs yet contained no TLDs. Enable debug logging for this logger for a complete list of JARs that were scanned but no TLDs were found in them. Skipping unneeded JARs during scanning can improve startup time and JSP compilation time.
25-Oct-2018 20:34:31.870 INFORMATION [main] org.apache.catalina.startup.HostConfig.deployDirectory Deployment of web application directory [C:\Users\Simo\Desktop\Camunda\server\apache-tomcat-9.0.5\webapps\host-manager] has finished in [2,906] ms
25-Oct-2018 20:34:31.871 INFORMATION [main] org.apache.catalina.startup.HostConfig.deployDirectory Deploying web application directory [C:\Users\Simo\Desktop\Camunda\server\apache-tomcat-9.0.5\webapps\manager]
25-Oct-2018 20:34:36.153 INFORMATION [main] org.apache.jasper.servlet.TldScanner.scanJars At least one JAR was scanned for TLDs yet contained no TLDs. Enable debug logging for this logger for a complete list of JARs that were scanned but no TLDs were found in them. Skipping unneeded JARs during scanning can improve startup time and JSP compilation time.
25-Oct-2018 20:34:36.163 INFORMATION [main] org.apache.catalina.startup.HostConfig.deployDirectory Deployment of web application directory [C:\Users\Simo\Desktop\Camunda\server\apache-tomcat-9.0.5\webapps\manager] has finished in [4,293] ms
25-Oct-2018 20:34:36.164 INFORMATION [main] org.apache.catalina.startup.HostConfig.deployDirectory Deploying web application directory [C:\Users\Simo\Desktop\Camunda\server\apache-tomcat-9.0.5\webapps\ROOT]
25-Oct-2018 20:34:39.894 INFORMATION [main] org.apache.jasper.servlet.TldScanner.scanJars At least one JAR was scanned for TLDs yet contained no TLDs. Enable debug logging for this logger for a complete list of JARs that were scanned but no TLDs were found in them. Skipping unneeded JARs during scanning can improve startup time and JSP compilation time.
25-Oct-2018 20:34:39.899 INFORMATION [main] org.apache.catalina.startup.HostConfig.deployDirectory Deployment of web application directory [C:\Users\Simo\Desktop\Camunda\server\apache-tomcat-9.0.5\webapps\ROOT] has finished in [3,735] ms
25-Oct-2018 20:34:39.904 INFORMATION [main] org.apache.coyote.AbstractProtocol.start Starting ProtocolHandler ["http-nio-8080"]
25-Oct-2018 20:34:39.938 INFORMATION [main] org.apache.coyote.AbstractProtocol.start Starting ProtocolHandler ["ajp-nio-8009"]
25-Oct-2018 20:34:39.955 INFORMATION [main] org.apache.catalina.startup.Catalina.start Server startup in 51481 ms
25-Oct-2018 20:49:44.056 INFORMATION [http-nio-8080-exec-3] org.jboss.resteasy.logging.impl.Slf4jLogger.info Deploying javax.ws.rs.core.Application: class org.camunda.bpm.webapp.impl.engine.EngineRestApplication
25-Oct-2018 20:49:44.060 INFORMATION [http-nio-8080-exec-6] org.jboss.resteasy.logging.impl.Slf4jLogger.info Deploying javax.ws.rs.core.Application: class org.camunda.bpm.admin.impl.web.AdminApplication
