08-Jan-2019 07:09:01.960 INFO [main] org.apache.catalina.startup.VersionLoggerListener.log Server version:        Apache Tomcat/9.0.5
08-Jan-2019 07:09:01.965 INFO [main] org.apache.catalina.startup.VersionLoggerListener.log Server built:          Feb 6 2018 21:42:23 UTC
08-Jan-2019 07:09:01.966 INFO [main] org.apache.catalina.startup.VersionLoggerListener.log Server number:         9.0.5.0
08-Jan-2019 07:09:01.966 INFO [main] org.apache.catalina.startup.VersionLoggerListener.log OS Name:               Windows 8.1
08-Jan-2019 07:09:01.966 INFO [main] org.apache.catalina.startup.VersionLoggerListener.log OS Version:            6.3
08-Jan-2019 07:09:01.967 INFO [main] org.apache.catalina.startup.VersionLoggerListener.log Architecture:          amd64
08-Jan-2019 07:09:01.967 INFO [main] org.apache.catalina.startup.VersionLoggerListener.log Java Home:             C:\Program Files\Java\jdk-11.0.1
08-Jan-2019 07:09:01.968 INFO [main] org.apache.catalina.startup.VersionLoggerListener.log JVM Version:           11.0.1+13-LTS
08-Jan-2019 07:09:01.968 INFO [main] org.apache.catalina.startup.VersionLoggerListener.log JVM Vendor:            Oracle Corporation
08-Jan-2019 07:09:01.969 INFO [main] org.apache.catalina.startup.VersionLoggerListener.log CATALINA_BASE:         C:\Users\Simo\Desktop\Camunda\server\apache-tomcat-9.0.5
08-Jan-2019 07:09:01.970 INFO [main] org.apache.catalina.startup.VersionLoggerListener.log CATALINA_HOME:         C:\Users\Simo\Desktop\Camunda\server\apache-tomcat-9.0.5
08-Jan-2019 07:09:01.972 INFO [main] org.apache.catalina.startup.VersionLoggerListener.log Command line argument: --add-opens=java.base/java.lang=ALL-UNNAMED
08-Jan-2019 07:09:01.972 INFO [main] org.apache.catalina.startup.VersionLoggerListener.log Command line argument: --add-opens=java.rmi/sun.rmi.transport=ALL-UNNAMED
08-Jan-2019 07:09:01.973 INFO [main] org.apache.catalina.startup.VersionLoggerListener.log Command line argument: -Djava.util.logging.config.file=C:\Users\Simo\Desktop\Camunda\server\apache-tomcat-9.0.5\conf\logging.properties
08-Jan-2019 07:09:01.974 INFO [main] org.apache.catalina.startup.VersionLoggerListener.log Command line argument: -Djava.util.logging.manager=org.apache.juli.ClassLoaderLogManager
08-Jan-2019 07:09:01.974 INFO [main] org.apache.catalina.startup.VersionLoggerListener.log Command line argument: -Djdk.tls.ephemeralDHKeySize=2048
08-Jan-2019 07:09:01.975 INFO [main] org.apache.catalina.startup.VersionLoggerListener.log Command line argument: -Djava.protocol.handler.pkgs=org.apache.catalina.webresources
08-Jan-2019 07:09:01.975 INFO [main] org.apache.catalina.startup.VersionLoggerListener.log Command line argument: -Xmx512m
08-Jan-2019 07:09:01.976 INFO [main] org.apache.catalina.startup.VersionLoggerListener.log Command line argument: -XX:MaxPermSize=256m
08-Jan-2019 07:09:01.977 INFO [main] org.apache.catalina.startup.VersionLoggerListener.log Command line argument: -XX:PermSize=256m
08-Jan-2019 07:09:01.977 INFO [main] org.apache.catalina.startup.VersionLoggerListener.log Command line argument: -Dignore.endorsed.dirs=
08-Jan-2019 07:09:01.978 INFO [main] org.apache.catalina.startup.VersionLoggerListener.log Command line argument: -Dcatalina.base=C:\Users\Simo\Desktop\Camunda\server\apache-tomcat-9.0.5
08-Jan-2019 07:09:01.978 INFO [main] org.apache.catalina.startup.VersionLoggerListener.log Command line argument: -Dcatalina.home=C:\Users\Simo\Desktop\Camunda\server\apache-tomcat-9.0.5
08-Jan-2019 07:09:01.979 INFO [main] org.apache.catalina.startup.VersionLoggerListener.log Command line argument: -Djava.io.tmpdir=C:\Users\Simo\Desktop\Camunda\server\apache-tomcat-9.0.5\temp
08-Jan-2019 07:09:01.980 INFO [main] org.apache.catalina.core.AprLifecycleListener.lifecycleEvent The APR based Apache Tomcat Native library which allows optimal performance in production environments was not found on the java.library.path: [C:\Program Files\Java\jdk-11.0.1\bin;C:\WINDOWS\Sun\Java\bin;C:\WINDOWS\system32;C:\WINDOWS;C:\Program Files (x86)\Common Files\Oracle\Java\javapath;C:\Program Files (x86)\Intel\iCLS Client\;C:\Program Files\Intel\iCLS Client\;C:\WINDOWS\system32;C:\WINDOWS;C:\WINDOWS\System32\Wbem;C:\WINDOWS\System32\WindowsPowerShell\v1.0\;C:\Program Files\Intel\Intel(R) Management Engine Components\DAL;C:\Program Files\Intel\Intel(R) Management Engine Components\IPT;C:\Program Files (x86)\Intel\Intel(R) Management Engine Components\DAL;C:\Program Files (x86)\Intel\Intel(R) Management Engine Components\IPT;C:\Program Files\Intel\WiFi\bin\;C:\Program Files\Common Files\Intel\WirelessCommon\;C:\Program Files\nodejs\;C:\opt\apache-maven-3.6.0\bin;C:\Program Files\Git\cmd;C:\Users\Simo\AppData\Local\Programs\Microsoft VS Code\bin;C:\Users\Simo\AppData\Local\GitHubDesktop\bin;C:\Users\Simo\AppData\Roaming\npm;.]
08-Jan-2019 07:09:02.065 INFO [main] org.apache.coyote.AbstractProtocol.init Initializing ProtocolHandler ["http-nio-8080"]
08-Jan-2019 07:09:02.196 INFO [main] org.apache.tomcat.util.net.NioSelectorPool.getSharedSelector Using a shared selector for servlet write/read
08-Jan-2019 07:09:02.203 INFO [main] org.apache.coyote.AbstractProtocol.init Initializing ProtocolHandler ["ajp-nio-8009"]
08-Jan-2019 07:09:02.206 INFO [main] org.apache.tomcat.util.net.NioSelectorPool.getSharedSelector Using a shared selector for servlet write/read
08-Jan-2019 07:09:02.207 INFO [main] org.apache.catalina.startup.Catalina.load Initialization processed in 1067 ms
08-Jan-2019 07:09:02.697 INFO [main] org.camunda.commons.logging.BaseLogger.logInfo ENGINE-08046 Found camunda bpm platform configuration in CATALINA_BASE/CATALINA_HOME conf directory [C:\Users\Simo\Desktop\Camunda\server\apache-tomcat-9.0.5\conf\bpm-platform.xml] at 'file:/C:/Users/Simo/Desktop/Camunda/server/apache-tomcat-9.0.5/conf/bpm-platform.xml'
08-Jan-2019 07:09:02.966 INFO [main] org.camunda.commons.logging.BaseLogger.logInfo ENGINE-12003 Plugin 'ProcessApplicationEventListenerPlugin' activated on process engine 'default'
08-Jan-2019 07:09:02.977 INFO [main] org.camunda.commons.logging.BaseLogger.logInfo ENGINE-12003 Plugin 'SpinProcessEnginePlugin' activated on process engine 'default'
08-Jan-2019 07:09:02.983 INFO [main] org.camunda.commons.logging.BaseLogger.logInfo SPIN-01010 Discovered Spin data format provider: org.camunda.spin.impl.json.jackson.format.JacksonJsonDataFormatProvider[name = application/json]
08-Jan-2019 07:09:03.236 INFO [main] org.camunda.commons.logging.BaseLogger.logInfo SPIN-01010 Discovered Spin data format provider: org.camunda.spin.impl.xml.dom.format.DomXmlDataFormatProvider[name = application/xml]
08-Jan-2019 07:09:03.252 SEVERE [main] org.apache.catalina.startup.Catalina.start The required Server component failed to start so Tomcat is unable to start.
 org.apache.catalina.LifecycleException: Failed to start component [StandardServer[8005]]
	at org.apache.catalina.util.LifecycleBase.handleSubClassException(LifecycleBase.java:441)
	at org.apache.catalina.util.LifecycleBase.start(LifecycleBase.java:198)
	at org.apache.catalina.startup.Catalina.start(Catalina.java:682)
	at java.base/jdk.internal.reflect.NativeMethodAccessorImpl.invoke0(Native Method)
	at java.base/jdk.internal.reflect.NativeMethodAccessorImpl.invoke(NativeMethodAccessorImpl.java:62)
	at java.base/jdk.internal.reflect.DelegatingMethodAccessorImpl.invoke(DelegatingMethodAccessorImpl.java:43)
	at java.base/java.lang.reflect.Method.invoke(Method.java:566)
	at org.apache.catalina.startup.Bootstrap.start(Bootstrap.java:353)
	at org.apache.catalina.startup.Bootstrap.main(Bootstrap.java:493)
Caused by: java.lang.NoClassDefFoundError: javax/xml/bind/JAXBException
	at org.camunda.spin.impl.xml.dom.format.DomXmlDataFormat.defaultJaxBContextProvider(DomXmlDataFormat.java:165)
	at org.camunda.spin.impl.xml.dom.format.DomXmlDataFormat.<init>(DomXmlDataFormat.java:65)
	at org.camunda.spin.impl.xml.dom.format.DomXmlDataFormat.<init>(DomXmlDataFormat.java:53)
	at org.camunda.spin.impl.xml.dom.format.DomXmlDataFormatProvider.createInstance(DomXmlDataFormatProvider.java:32)
	at org.camunda.spin.DataFormats.registerProvider(DataFormats.java:152)
	at org.camunda.spin.DataFormats.registerCustomDataFormats(DataFormats.java:140)
	at org.camunda.spin.DataFormats.registerDataFormats(DataFormats.java:124)
	at org.camunda.spin.DataFormats.loadDataFormats(DataFormats.java:181)
	at org.camunda.spin.plugin.impl.SpinProcessEnginePlugin.preInit(SpinProcessEnginePlugin.java:39)
	at org.camunda.bpm.engine.impl.cfg.ProcessEngineConfigurationImpl.invokePreInit(ProcessEngineConfigurationImpl.java:943)
	at org.camunda.bpm.engine.impl.cfg.ProcessEngineConfigurationImpl.init(ProcessEngineConfigurationImpl.java:770)
	at org.camunda.bpm.engine.impl.cfg.ProcessEngineConfigurationImpl.buildProcessEngine(ProcessEngineConfigurationImpl.java:761)
	at org.camunda.bpm.container.impl.jmx.services.JmxManagedProcessEngineController.start(JmxManagedProcessEngineController.java:34)
	at org.camunda.bpm.container.impl.jmx.MBeanServiceContainer.startService(MBeanServiceContainer.java:73)
	at org.camunda.bpm.container.impl.jmx.MBeanServiceContainer.startService(MBeanServiceContainer.java:59)
	at org.camunda.bpm.container.impl.deployment.StartProcessEngineStep.performOperationStep(StartProcessEngineStep.java:112)
	at org.camunda.bpm.container.impl.spi.DeploymentOperation.execute(DeploymentOperation.java:116)
	at org.camunda.bpm.container.impl.jmx.MBeanServiceContainer.executeDeploymentOperation(MBeanServiceContainer.java:156)
	at org.camunda.bpm.container.impl.spi.DeploymentOperation$DeploymentOperationBuilder.execute(DeploymentOperation.java:212)
	at org.camunda.bpm.container.impl.tomcat.TomcatBpmPlatformBootstrap.deployBpmPlatform(TomcatBpmPlatformBootstrap.java:72)
	at org.camunda.bpm.container.impl.tomcat.TomcatBpmPlatformBootstrap.lifecycleEvent(TomcatBpmPlatformBootstrap.java:57)
	at org.apache.catalina.util.LifecycleBase.fireLifecycleEvent(LifecycleBase.java:123)
	at org.apache.catalina.util.LifecycleBase.setStateInternal(LifecycleBase.java:424)
	at org.apache.catalina.util.LifecycleBase.setState(LifecycleBase.java:367)
	at org.apache.catalina.core.StandardServer.startInternal(StandardServer.java:763)
	at org.apache.catalina.util.LifecycleBase.start(LifecycleBase.java:183)
	... 7 more
Caused by: java.lang.ClassNotFoundException: javax.xml.bind.JAXBException
	at java.base/java.net.URLClassLoader.findClass(URLClassLoader.java:471)
	at java.base/java.lang.ClassLoader.loadClass(ClassLoader.java:588)
	at java.base/java.lang.ClassLoader.loadClass(ClassLoader.java:521)
	... 33 more

08-Jan-2019 07:09:03.260 INFO [main] org.camunda.commons.logging.BaseLogger.logInfo ENGINE-08049 Camunda BPM platform stopped at 'Apache Tomcat/9.0.5'
08-Jan-2019 07:09:03.263 WARNING [main] org.apache.catalina.util.LifecycleBase.destroy Calling stop() on failed component [StandardServer[8005]] to trigger clean-up did not complete.
 org.apache.catalina.LifecycleException: An invalid Lifecycle transition was attempted ([before_stop]) for component [StandardService[Catalina]] in state [INITIALIZED]
	at org.apache.catalina.util.LifecycleBase.invalidTransition(LifecycleBase.java:431)
	at org.apache.catalina.util.LifecycleBase.stop(LifecycleBase.java:244)
	at org.apache.catalina.core.StandardServer.stopInternal(StandardServer.java:791)
	at org.apache.catalina.util.LifecycleBase.stop(LifecycleBase.java:257)
	at org.apache.catalina.util.LifecycleBase.destroy(LifecycleBase.java:293)
	at org.apache.catalina.startup.Catalina.start(Catalina.java:686)
	at java.base/jdk.internal.reflect.NativeMethodAccessorImpl.invoke0(Native Method)
	at java.base/jdk.internal.reflect.NativeMethodAccessorImpl.invoke(NativeMethodAccessorImpl.java:62)
	at java.base/jdk.internal.reflect.DelegatingMethodAccessorImpl.invoke(DelegatingMethodAccessorImpl.java:43)
	at java.base/java.lang.reflect.Method.invoke(Method.java:566)
	at org.apache.catalina.startup.Bootstrap.start(Bootstrap.java:353)
	at org.apache.catalina.startup.Bootstrap.main(Bootstrap.java:493)

08-Jan-2019 07:09:03.266 INFO [main] org.apache.coyote.AbstractProtocol.destroy Destroying ProtocolHandler ["http-nio-8080"]
08-Jan-2019 07:09:03.269 INFO [main] org.apache.coyote.AbstractProtocol.destroy Destroying ProtocolHandler ["ajp-nio-8009"]
