16-Dec-2018 17:53:04.732 INFO [main] org.apache.catalina.startup.VersionLoggerListener.log Server version:        Apache Tomcat/9.0.5
16-Dec-2018 17:53:04.737 INFO [main] org.apache.catalina.startup.VersionLoggerListener.log Server built:          Feb 6 2018 21:42:23 UTC
16-Dec-2018 17:53:04.742 INFO [main] org.apache.catalina.startup.VersionLoggerListener.log Server number:         9.0.5.0
16-Dec-2018 17:53:04.742 INFO [main] org.apache.catalina.startup.VersionLoggerListener.log OS Name:               Windows 8.1
16-Dec-2018 17:53:04.743 INFO [main] org.apache.catalina.startup.VersionLoggerListener.log OS Version:            6.3
16-Dec-2018 17:53:04.744 INFO [main] org.apache.catalina.startup.VersionLoggerListener.log Architecture:          amd64
16-Dec-2018 17:53:04.744 INFO [main] org.apache.catalina.startup.VersionLoggerListener.log Java Home:             C:\Program Files\Java\jdk-11.0.1
16-Dec-2018 17:53:04.744 INFO [main] org.apache.catalina.startup.VersionLoggerListener.log JVM Version:           11.0.1+13-LTS
16-Dec-2018 17:53:04.744 INFO [main] org.apache.catalina.startup.VersionLoggerListener.log JVM Vendor:            Oracle Corporation
16-Dec-2018 17:53:04.745 INFO [main] org.apache.catalina.startup.VersionLoggerListener.log CATALINA_BASE:         C:\Users\Simo\Desktop\Camunda\server\apache-tomcat-9.0.5
16-Dec-2018 17:53:04.745 INFO [main] org.apache.catalina.startup.VersionLoggerListener.log CATALINA_HOME:         C:\Users\Simo\Desktop\Camunda\server\apache-tomcat-9.0.5
16-Dec-2018 17:53:04.746 INFO [main] org.apache.catalina.startup.VersionLoggerListener.log Command line argument: --add-opens=java.base/java.lang=ALL-UNNAMED
16-Dec-2018 17:53:04.746 INFO [main] org.apache.catalina.startup.VersionLoggerListener.log Command line argument: --add-opens=java.rmi/sun.rmi.transport=ALL-UNNAMED
16-Dec-2018 17:53:04.747 INFO [main] org.apache.catalina.startup.VersionLoggerListener.log Command line argument: -Djava.util.logging.config.file=C:\Users\Simo\Desktop\Camunda\server\apache-tomcat-9.0.5\conf\logging.properties
16-Dec-2018 17:53:04.747 INFO [main] org.apache.catalina.startup.VersionLoggerListener.log Command line argument: -Djava.util.logging.manager=org.apache.juli.ClassLoaderLogManager
16-Dec-2018 17:53:04.748 INFO [main] org.apache.catalina.startup.VersionLoggerListener.log Command line argument: -Djdk.tls.ephemeralDHKeySize=2048
16-Dec-2018 17:53:04.748 INFO [main] org.apache.catalina.startup.VersionLoggerListener.log Command line argument: -Djava.protocol.handler.pkgs=org.apache.catalina.webresources
16-Dec-2018 17:53:04.749 INFO [main] org.apache.catalina.startup.VersionLoggerListener.log Command line argument: -Xmx512m
16-Dec-2018 17:53:04.749 INFO [main] org.apache.catalina.startup.VersionLoggerListener.log Command line argument: -XX:MaxPermSize=256m
16-Dec-2018 17:53:04.750 INFO [main] org.apache.catalina.startup.VersionLoggerListener.log Command line argument: -XX:PermSize=256m
16-Dec-2018 17:53:04.750 INFO [main] org.apache.catalina.startup.VersionLoggerListener.log Command line argument: -Dignore.endorsed.dirs=
16-Dec-2018 17:53:04.751 INFO [main] org.apache.catalina.startup.VersionLoggerListener.log Command line argument: -Dcatalina.base=C:\Users\Simo\Desktop\Camunda\server\apache-tomcat-9.0.5
16-Dec-2018 17:53:04.751 INFO [main] org.apache.catalina.startup.VersionLoggerListener.log Command line argument: -Dcatalina.home=C:\Users\Simo\Desktop\Camunda\server\apache-tomcat-9.0.5
16-Dec-2018 17:53:04.751 INFO [main] org.apache.catalina.startup.VersionLoggerListener.log Command line argument: -Djava.io.tmpdir=C:\Users\Simo\Desktop\Camunda\server\apache-tomcat-9.0.5\temp
16-Dec-2018 17:53:04.752 INFO [main] org.apache.catalina.core.AprLifecycleListener.lifecycleEvent The APR based Apache Tomcat Native library which allows optimal performance in production environments was not found on the java.library.path: [C:\Program Files\Java\jdk-11.0.1\bin;C:\WINDOWS\Sun\Java\bin;C:\WINDOWS\system32;C:\WINDOWS;C:\Program Files (x86)\Common Files\Oracle\Java\javapath;C:\Program Files (x86)\Intel\iCLS Client\;C:\Program Files\Intel\iCLS Client\;C:\WINDOWS\system32;C:\WINDOWS;C:\WINDOWS\System32\Wbem;C:\WINDOWS\System32\WindowsPowerShell\v1.0\;C:\Program Files\Intel\Intel(R) Management Engine Components\DAL;C:\Program Files\Intel\Intel(R) Management Engine Components\IPT;C:\Program Files (x86)\Intel\Intel(R) Management Engine Components\DAL;C:\Program Files (x86)\Intel\Intel(R) Management Engine Components\IPT;C:\Program Files\Intel\WiFi\bin\;C:\Program Files\Common Files\Intel\WirelessCommon\;C:\Program Files\nodejs\;C:\opt\apache-maven-3.6.0\bin;C:\Users\Simo\AppData\Local\Programs\Microsoft VS Code\bin;C:\Users\Simo\AppData\Local\GitHubDesktop\bin;C:\Users\Simo\AppData\Roaming\npm;.]
16-Dec-2018 17:53:04.822 INFO [main] org.apache.coyote.AbstractProtocol.init Initializing ProtocolHandler ["http-nio-8080"]
16-Dec-2018 17:53:04.941 INFO [main] org.apache.tomcat.util.net.NioSelectorPool.getSharedSelector Using a shared selector for servlet write/read
16-Dec-2018 17:53:04.950 INFO [main] org.apache.coyote.AbstractProtocol.init Initializing ProtocolHandler ["ajp-nio-8009"]
16-Dec-2018 17:53:04.953 INFO [main] org.apache.tomcat.util.net.NioSelectorPool.getSharedSelector Using a shared selector for servlet write/read
16-Dec-2018 17:53:04.954 INFO [main] org.apache.catalina.startup.Catalina.load Initialization processed in 955 ms
16-Dec-2018 17:53:05.442 INFO [main] org.camunda.commons.logging.BaseLogger.logInfo ENGINE-08046 Found camunda bpm platform configuration in CATALINA_BASE/CATALINA_HOME conf directory [C:\Users\Simo\Desktop\Camunda\server\apache-tomcat-9.0.5\conf\bpm-platform.xml] at 'file:/C:/Users/Simo/Desktop/Camunda/server/apache-tomcat-9.0.5/conf/bpm-platform.xml'
16-Dec-2018 17:53:05.715 INFO [main] org.camunda.commons.logging.BaseLogger.logInfo ENGINE-12003 Plugin 'ProcessApplicationEventListenerPlugin' activated on process engine 'default'
16-Dec-2018 17:53:05.724 INFO [main] org.camunda.commons.logging.BaseLogger.logInfo ENGINE-12003 Plugin 'SpinProcessEnginePlugin' activated on process engine 'default'
16-Dec-2018 17:53:05.731 INFO [main] org.camunda.commons.logging.BaseLogger.logInfo SPIN-01010 Discovered Spin data format provider: org.camunda.spin.impl.json.jackson.format.JacksonJsonDataFormatProvider[name = application/json]
16-Dec-2018 17:53:05.954 INFO [main] org.camunda.commons.logging.BaseLogger.logInfo SPIN-01010 Discovered Spin data format provider: org.camunda.spin.impl.xml.dom.format.DomXmlDataFormatProvider[name = application/xml]
16-Dec-2018 17:53:05.969 SEVERE [main] org.apache.catalina.startup.Catalina.start The required Server component failed to start so Tomcat is unable to start.
 org.apache.catalina.LifecycleException: Failed to start component [StandardServer[8005]]
	at org.apache.catalina.util.LifecycleBase.handleSubClassException(LifecycleBase.java:441)
	at org.apache.catalina.util.LifecycleBase.start(LifecycleBase.java:198)
	at org.apache.catalina.startup.Catalina.start(Catalina.java:682)
	at java.base/jdk.internal.reflect.NativeMethodAccessorImpl.invoke0(Native Method)
	at java.base/jdk.internal.reflect.NativeMethodAccessorImpl.invoke(NativeMethodAccessorImpl.java:62)
	at java.base/jdk.internal.reflect.DelegatingMethodAccessorImpl.invoke(DelegatingMethodAccessorImpl.java:43)
	at java.base/java.lang.reflect.Method.invoke(Method.java:566)
	at org.apache.catalina.startup.Bootstrap.start(Bootstrap.java:353)
	at org.apache.catalina.startup.Bootstrap.main(Bootstrap.java:493)
Caused by: java.lang.NoClassDefFoundError: javax/xml/bind/JAXBException
	at org.camunda.spin.impl.xml.dom.format.DomXmlDataFormat.defaultJaxBContextProvider(DomXmlDataFormat.java:165)
	at org.camunda.spin.impl.xml.dom.format.DomXmlDataFormat.<init>(DomXmlDataFormat.java:65)
	at org.camunda.spin.impl.xml.dom.format.DomXmlDataFormat.<init>(DomXmlDataFormat.java:53)
	at org.camunda.spin.impl.xml.dom.format.DomXmlDataFormatProvider.createInstance(DomXmlDataFormatProvider.java:32)
	at org.camunda.spin.DataFormats.registerProvider(DataFormats.java:152)
	at org.camunda.spin.DataFormats.registerCustomDataFormats(DataFormats.java:140)
	at org.camunda.spin.DataFormats.registerDataFormats(DataFormats.java:124)
	at org.camunda.spin.DataFormats.loadDataFormats(DataFormats.java:181)
	at org.camunda.spin.plugin.impl.SpinProcessEnginePlugin.preInit(SpinProcessEnginePlugin.java:39)
	at org.camunda.bpm.engine.impl.cfg.ProcessEngineConfigurationImpl.invokePreInit(ProcessEngineConfigurationImpl.java:943)
	at org.camunda.bpm.engine.impl.cfg.ProcessEngineConfigurationImpl.init(ProcessEngineConfigurationImpl.java:770)
	at org.camunda.bpm.engine.impl.cfg.ProcessEngineConfigurationImpl.buildProcessEngine(ProcessEngineConfigurationImpl.java:761)
	at org.camunda.bpm.container.impl.jmx.services.JmxManagedProcessEngineController.start(JmxManagedProcessEngineController.java:34)
	at org.camunda.bpm.container.impl.jmx.MBeanServiceContainer.startService(MBeanServiceContainer.java:73)
	at org.camunda.bpm.container.impl.jmx.MBeanServiceContainer.startService(MBeanServiceContainer.java:59)
	at org.camunda.bpm.container.impl.deployment.StartProcessEngineStep.performOperationStep(StartProcessEngineStep.java:112)
	at org.camunda.bpm.container.impl.spi.DeploymentOperation.execute(DeploymentOperation.java:116)
	at org.camunda.bpm.container.impl.jmx.MBeanServiceContainer.executeDeploymentOperation(MBeanServiceContainer.java:156)
	at org.camunda.bpm.container.impl.spi.DeploymentOperation$DeploymentOperationBuilder.execute(DeploymentOperation.java:212)
	at org.camunda.bpm.container.impl.tomcat.TomcatBpmPlatformBootstrap.deployBpmPlatform(TomcatBpmPlatformBootstrap.java:72)
	at org.camunda.bpm.container.impl.tomcat.TomcatBpmPlatformBootstrap.lifecycleEvent(TomcatBpmPlatformBootstrap.java:57)
	at org.apache.catalina.util.LifecycleBase.fireLifecycleEvent(LifecycleBase.java:123)
	at org.apache.catalina.util.LifecycleBase.setStateInternal(LifecycleBase.java:424)
	at org.apache.catalina.util.LifecycleBase.setState(LifecycleBase.java:367)
	at org.apache.catalina.core.StandardServer.startInternal(StandardServer.java:763)
	at org.apache.catalina.util.LifecycleBase.start(LifecycleBase.java:183)
	... 7 more
Caused by: java.lang.ClassNotFoundException: javax.xml.bind.JAXBException
	at java.base/java.net.URLClassLoader.findClass(URLClassLoader.java:471)
	at java.base/java.lang.ClassLoader.loadClass(ClassLoader.java:588)
	at java.base/java.lang.ClassLoader.loadClass(ClassLoader.java:521)
	... 33 more

16-Dec-2018 17:53:05.976 INFO [main] org.camunda.commons.logging.BaseLogger.logInfo ENGINE-08049 Camunda BPM platform stopped at 'Apache Tomcat/9.0.5'
16-Dec-2018 17:53:05.978 WARNING [main] org.apache.catalina.util.LifecycleBase.destroy Calling stop() on failed component [StandardServer[8005]] to trigger clean-up did not complete.
 org.apache.catalina.LifecycleException: An invalid Lifecycle transition was attempted ([before_stop]) for component [StandardService[Catalina]] in state [INITIALIZED]
	at org.apache.catalina.util.LifecycleBase.invalidTransition(LifecycleBase.java:431)
	at org.apache.catalina.util.LifecycleBase.stop(LifecycleBase.java:244)
	at org.apache.catalina.core.StandardServer.stopInternal(StandardServer.java:791)
	at org.apache.catalina.util.LifecycleBase.stop(LifecycleBase.java:257)
	at org.apache.catalina.util.LifecycleBase.destroy(LifecycleBase.java:293)
	at org.apache.catalina.startup.Catalina.start(Catalina.java:686)
	at java.base/jdk.internal.reflect.NativeMethodAccessorImpl.invoke0(Native Method)
	at java.base/jdk.internal.reflect.NativeMethodAccessorImpl.invoke(NativeMethodAccessorImpl.java:62)
	at java.base/jdk.internal.reflect.DelegatingMethodAccessorImpl.invoke(DelegatingMethodAccessorImpl.java:43)
	at java.base/java.lang.reflect.Method.invoke(Method.java:566)
	at org.apache.catalina.startup.Bootstrap.start(Bootstrap.java:353)
	at org.apache.catalina.startup.Bootstrap.main(Bootstrap.java:493)

16-Dec-2018 17:53:05.980 INFO [main] org.apache.coyote.AbstractProtocol.destroy Destroying ProtocolHandler ["http-nio-8080"]
16-Dec-2018 17:53:05.982 INFO [main] org.apache.coyote.AbstractProtocol.destroy Destroying ProtocolHandler ["ajp-nio-8009"]
16-Dec-2018 17:57:41.090 INFO [main] org.apache.catalina.startup.VersionLoggerListener.log Server version:        Apache Tomcat/9.0.5
16-Dec-2018 17:57:41.096 INFO [main] org.apache.catalina.startup.VersionLoggerListener.log Server built:          Feb 6 2018 21:42:23 UTC
16-Dec-2018 17:57:41.097 INFO [main] org.apache.catalina.startup.VersionLoggerListener.log Server number:         9.0.5.0
16-Dec-2018 17:57:41.098 INFO [main] org.apache.catalina.startup.VersionLoggerListener.log OS Name:               Windows 8.1
16-Dec-2018 17:57:41.101 INFO [main] org.apache.catalina.startup.VersionLoggerListener.log OS Version:            6.3
16-Dec-2018 17:57:41.103 INFO [main] org.apache.catalina.startup.VersionLoggerListener.log Architecture:          amd64
16-Dec-2018 17:57:41.104 INFO [main] org.apache.catalina.startup.VersionLoggerListener.log Java Home:             C:\Program Files\Java\jdk-11.0.1
16-Dec-2018 17:57:41.105 INFO [main] org.apache.catalina.startup.VersionLoggerListener.log JVM Version:           11.0.1+13-LTS
16-Dec-2018 17:57:41.105 INFO [main] org.apache.catalina.startup.VersionLoggerListener.log JVM Vendor:            Oracle Corporation
16-Dec-2018 17:57:41.107 INFO [main] org.apache.catalina.startup.VersionLoggerListener.log CATALINA_BASE:         C:\Users\Simo\Desktop\Camunda\server\apache-tomcat-9.0.5
16-Dec-2018 17:57:41.108 INFO [main] org.apache.catalina.startup.VersionLoggerListener.log CATALINA_HOME:         C:\Users\Simo\Desktop\Camunda\server\apache-tomcat-9.0.5
16-Dec-2018 17:57:41.109 INFO [main] org.apache.catalina.startup.VersionLoggerListener.log Command line argument: --add-opens=java.base/java.lang=ALL-UNNAMED
16-Dec-2018 17:57:41.110 INFO [main] org.apache.catalina.startup.VersionLoggerListener.log Command line argument: --add-opens=java.rmi/sun.rmi.transport=ALL-UNNAMED
16-Dec-2018 17:57:41.111 INFO [main] org.apache.catalina.startup.VersionLoggerListener.log Command line argument: -Djava.util.logging.config.file=C:\Users\Simo\Desktop\Camunda\server\apache-tomcat-9.0.5\conf\logging.properties
16-Dec-2018 17:57:41.112 INFO [main] org.apache.catalina.startup.VersionLoggerListener.log Command line argument: -Djava.util.logging.manager=org.apache.juli.ClassLoaderLogManager
16-Dec-2018 17:57:41.113 INFO [main] org.apache.catalina.startup.VersionLoggerListener.log Command line argument: -Djdk.tls.ephemeralDHKeySize=2048
16-Dec-2018 17:57:41.114 INFO [main] org.apache.catalina.startup.VersionLoggerListener.log Command line argument: -Djava.protocol.handler.pkgs=org.apache.catalina.webresources
16-Dec-2018 17:57:41.115 INFO [main] org.apache.catalina.startup.VersionLoggerListener.log Command line argument: -Xmx512m
16-Dec-2018 17:57:41.116 INFO [main] org.apache.catalina.startup.VersionLoggerListener.log Command line argument: -XX:MaxPermSize=256m
16-Dec-2018 17:57:41.116 INFO [main] org.apache.catalina.startup.VersionLoggerListener.log Command line argument: -XX:PermSize=256m
16-Dec-2018 17:57:41.117 INFO [main] org.apache.catalina.startup.VersionLoggerListener.log Command line argument: -Dignore.endorsed.dirs=
16-Dec-2018 17:57:41.118 INFO [main] org.apache.catalina.startup.VersionLoggerListener.log Command line argument: -Dcatalina.base=C:\Users\Simo\Desktop\Camunda\server\apache-tomcat-9.0.5
16-Dec-2018 17:57:41.119 INFO [main] org.apache.catalina.startup.VersionLoggerListener.log Command line argument: -Dcatalina.home=C:\Users\Simo\Desktop\Camunda\server\apache-tomcat-9.0.5
16-Dec-2018 17:57:41.119 INFO [main] org.apache.catalina.startup.VersionLoggerListener.log Command line argument: -Djava.io.tmpdir=C:\Users\Simo\Desktop\Camunda\server\apache-tomcat-9.0.5\temp
16-Dec-2018 17:57:41.120 INFO [main] org.apache.catalina.core.AprLifecycleListener.lifecycleEvent The APR based Apache Tomcat Native library which allows optimal performance in production environments was not found on the java.library.path: [C:\Program Files\Java\jdk-11.0.1\bin;C:\WINDOWS\Sun\Java\bin;C:\WINDOWS\system32;C:\WINDOWS;C:\Program Files (x86)\Common Files\Oracle\Java\javapath;C:\Program Files (x86)\Intel\iCLS Client\;C:\Program Files\Intel\iCLS Client\;C:\WINDOWS\system32;C:\WINDOWS;C:\WINDOWS\System32\Wbem;C:\WINDOWS\System32\WindowsPowerShell\v1.0\;C:\Program Files\Intel\Intel(R) Management Engine Components\DAL;C:\Program Files\Intel\Intel(R) Management Engine Components\IPT;C:\Program Files (x86)\Intel\Intel(R) Management Engine Components\DAL;C:\Program Files (x86)\Intel\Intel(R) Management Engine Components\IPT;C:\Program Files\Intel\WiFi\bin\;C:\Program Files\Common Files\Intel\WirelessCommon\;C:\Program Files\nodejs\;C:\opt\apache-maven-3.6.0\bin;C:\Users\Simo\AppData\Local\Programs\Microsoft VS Code\bin;C:\Users\Simo\AppData\Local\GitHubDesktop\bin;C:\Users\Simo\AppData\Roaming\npm;.]
16-Dec-2018 17:57:41.204 INFO [main] org.apache.coyote.AbstractProtocol.init Initializing ProtocolHandler ["http-nio-8080"]
16-Dec-2018 17:57:41.318 INFO [main] org.apache.tomcat.util.net.NioSelectorPool.getSharedSelector Using a shared selector for servlet write/read
16-Dec-2018 17:57:41.324 INFO [main] org.apache.coyote.AbstractProtocol.init Initializing ProtocolHandler ["ajp-nio-8009"]
16-Dec-2018 17:57:41.328 INFO [main] org.apache.tomcat.util.net.NioSelectorPool.getSharedSelector Using a shared selector for servlet write/read
16-Dec-2018 17:57:41.329 INFO [main] org.apache.catalina.startup.Catalina.load Initialization processed in 903 ms
16-Dec-2018 17:57:41.833 INFO [main] org.camunda.commons.logging.BaseLogger.logInfo ENGINE-08046 Found camunda bpm platform configuration in CATALINA_BASE/CATALINA_HOME conf directory [C:\Users\Simo\Desktop\Camunda\server\apache-tomcat-9.0.5\conf\bpm-platform.xml] at 'file:/C:/Users/Simo/Desktop/Camunda/server/apache-tomcat-9.0.5/conf/bpm-platform.xml'
16-Dec-2018 17:57:42.070 INFO [main] org.camunda.commons.logging.BaseLogger.logInfo ENGINE-12003 Plugin 'ProcessApplicationEventListenerPlugin' activated on process engine 'default'
16-Dec-2018 17:57:42.084 INFO [main] org.camunda.commons.logging.BaseLogger.logInfo ENGINE-12003 Plugin 'SpinProcessEnginePlugin' activated on process engine 'default'
16-Dec-2018 17:57:42.092 INFO [main] org.camunda.commons.logging.BaseLogger.logInfo SPIN-01010 Discovered Spin data format provider: org.camunda.spin.impl.json.jackson.format.JacksonJsonDataFormatProvider[name = application/json]
16-Dec-2018 17:57:42.279 INFO [main] org.camunda.commons.logging.BaseLogger.logInfo SPIN-01010 Discovered Spin data format provider: org.camunda.spin.impl.xml.dom.format.DomXmlDataFormatProvider[name = application/xml]
16-Dec-2018 17:57:42.291 SEVERE [main] org.apache.catalina.startup.Catalina.start The required Server component failed to start so Tomcat is unable to start.
 org.apache.catalina.LifecycleException: Failed to start component [StandardServer[8005]]
	at org.apache.catalina.util.LifecycleBase.handleSubClassException(LifecycleBase.java:441)
	at org.apache.catalina.util.LifecycleBase.start(LifecycleBase.java:198)
	at org.apache.catalina.startup.Catalina.start(Catalina.java:682)
	at java.base/jdk.internal.reflect.NativeMethodAccessorImpl.invoke0(Native Method)
	at java.base/jdk.internal.reflect.NativeMethodAccessorImpl.invoke(NativeMethodAccessorImpl.java:62)
	at java.base/jdk.internal.reflect.DelegatingMethodAccessorImpl.invoke(DelegatingMethodAccessorImpl.java:43)
	at java.base/java.lang.reflect.Method.invoke(Method.java:566)
	at org.apache.catalina.startup.Bootstrap.start(Bootstrap.java:353)
	at org.apache.catalina.startup.Bootstrap.main(Bootstrap.java:493)
Caused by: java.lang.NoClassDefFoundError: javax/xml/bind/JAXBException
	at org.camunda.spin.impl.xml.dom.format.DomXmlDataFormat.defaultJaxBContextProvider(DomXmlDataFormat.java:165)
	at org.camunda.spin.impl.xml.dom.format.DomXmlDataFormat.<init>(DomXmlDataFormat.java:65)
	at org.camunda.spin.impl.xml.dom.format.DomXmlDataFormat.<init>(DomXmlDataFormat.java:53)
	at org.camunda.spin.impl.xml.dom.format.DomXmlDataFormatProvider.createInstance(DomXmlDataFormatProvider.java:32)
	at org.camunda.spin.DataFormats.registerProvider(DataFormats.java:152)
	at org.camunda.spin.DataFormats.registerCustomDataFormats(DataFormats.java:140)
	at org.camunda.spin.DataFormats.registerDataFormats(DataFormats.java:124)
	at org.camunda.spin.DataFormats.loadDataFormats(DataFormats.java:181)
	at org.camunda.spin.plugin.impl.SpinProcessEnginePlugin.preInit(SpinProcessEnginePlugin.java:39)
	at org.camunda.bpm.engine.impl.cfg.ProcessEngineConfigurationImpl.invokePreInit(ProcessEngineConfigurationImpl.java:943)
	at org.camunda.bpm.engine.impl.cfg.ProcessEngineConfigurationImpl.init(ProcessEngineConfigurationImpl.java:770)
	at org.camunda.bpm.engine.impl.cfg.ProcessEngineConfigurationImpl.buildProcessEngine(ProcessEngineConfigurationImpl.java:761)
	at org.camunda.bpm.container.impl.jmx.services.JmxManagedProcessEngineController.start(JmxManagedProcessEngineController.java:34)
	at org.camunda.bpm.container.impl.jmx.MBeanServiceContainer.startService(MBeanServiceContainer.java:73)
	at org.camunda.bpm.container.impl.jmx.MBeanServiceContainer.startService(MBeanServiceContainer.java:59)
	at org.camunda.bpm.container.impl.deployment.StartProcessEngineStep.performOperationStep(StartProcessEngineStep.java:112)
	at org.camunda.bpm.container.impl.spi.DeploymentOperation.execute(DeploymentOperation.java:116)
	at org.camunda.bpm.container.impl.jmx.MBeanServiceContainer.executeDeploymentOperation(MBeanServiceContainer.java:156)
	at org.camunda.bpm.container.impl.spi.DeploymentOperation$DeploymentOperationBuilder.execute(DeploymentOperation.java:212)
	at org.camunda.bpm.container.impl.tomcat.TomcatBpmPlatformBootstrap.deployBpmPlatform(TomcatBpmPlatformBootstrap.java:72)
	at org.camunda.bpm.container.impl.tomcat.TomcatBpmPlatformBootstrap.lifecycleEvent(TomcatBpmPlatformBootstrap.java:57)
	at org.apache.catalina.util.LifecycleBase.fireLifecycleEvent(LifecycleBase.java:123)
	at org.apache.catalina.util.LifecycleBase.setStateInternal(LifecycleBase.java:424)
	at org.apache.catalina.util.LifecycleBase.setState(LifecycleBase.java:367)
	at org.apache.catalina.core.StandardServer.startInternal(StandardServer.java:763)
	at org.apache.catalina.util.LifecycleBase.start(LifecycleBase.java:183)
	... 7 more
Caused by: java.lang.ClassNotFoundException: javax.xml.bind.JAXBException
	at java.base/java.net.URLClassLoader.findClass(URLClassLoader.java:471)
	at java.base/java.lang.ClassLoader.loadClass(ClassLoader.java:588)
	at java.base/java.lang.ClassLoader.loadClass(ClassLoader.java:521)
	... 33 more

16-Dec-2018 17:57:42.299 INFO [main] org.camunda.commons.logging.BaseLogger.logInfo ENGINE-08049 Camunda BPM platform stopped at 'Apache Tomcat/9.0.5'
16-Dec-2018 17:57:42.301 WARNING [main] org.apache.catalina.util.LifecycleBase.destroy Calling stop() on failed component [StandardServer[8005]] to trigger clean-up did not complete.
 org.apache.catalina.LifecycleException: An invalid Lifecycle transition was attempted ([before_stop]) for component [StandardService[Catalina]] in state [INITIALIZED]
	at org.apache.catalina.util.LifecycleBase.invalidTransition(LifecycleBase.java:431)
	at org.apache.catalina.util.LifecycleBase.stop(LifecycleBase.java:244)
	at org.apache.catalina.core.StandardServer.stopInternal(StandardServer.java:791)
	at org.apache.catalina.util.LifecycleBase.stop(LifecycleBase.java:257)
	at org.apache.catalina.util.LifecycleBase.destroy(LifecycleBase.java:293)
	at org.apache.catalina.startup.Catalina.start(Catalina.java:686)
	at java.base/jdk.internal.reflect.NativeMethodAccessorImpl.invoke0(Native Method)
	at java.base/jdk.internal.reflect.NativeMethodAccessorImpl.invoke(NativeMethodAccessorImpl.java:62)
	at java.base/jdk.internal.reflect.DelegatingMethodAccessorImpl.invoke(DelegatingMethodAccessorImpl.java:43)
	at java.base/java.lang.reflect.Method.invoke(Method.java:566)
	at org.apache.catalina.startup.Bootstrap.start(Bootstrap.java:353)
	at org.apache.catalina.startup.Bootstrap.main(Bootstrap.java:493)

16-Dec-2018 17:57:42.303 INFO [main] org.apache.coyote.AbstractProtocol.destroy Destroying ProtocolHandler ["http-nio-8080"]
16-Dec-2018 17:57:42.305 INFO [main] org.apache.coyote.AbstractProtocol.destroy Destroying ProtocolHandler ["ajp-nio-8009"]
16-Dec-2018 18:03:27.800 INFO [main] org.apache.catalina.startup.VersionLoggerListener.log Server version:        Apache Tomcat/9.0.5
16-Dec-2018 18:03:27.805 INFO [main] org.apache.catalina.startup.VersionLoggerListener.log Server built:          Feb 6 2018 21:42:23 UTC
16-Dec-2018 18:03:27.807 INFO [main] org.apache.catalina.startup.VersionLoggerListener.log Server number:         9.0.5.0
16-Dec-2018 18:03:27.807 INFO [main] org.apache.catalina.startup.VersionLoggerListener.log OS Name:               Windows 8.1
16-Dec-2018 18:03:27.808 INFO [main] org.apache.catalina.startup.VersionLoggerListener.log OS Version:            6.3
16-Dec-2018 18:03:27.808 INFO [main] org.apache.catalina.startup.VersionLoggerListener.log Architecture:          amd64
16-Dec-2018 18:03:27.809 INFO [main] org.apache.catalina.startup.VersionLoggerListener.log Java Home:             C:\Program Files\Java\jdk-11.0.1
16-Dec-2018 18:03:27.809 INFO [main] org.apache.catalina.startup.VersionLoggerListener.log JVM Version:           11.0.1+13-LTS
16-Dec-2018 18:03:27.809 INFO [main] org.apache.catalina.startup.VersionLoggerListener.log JVM Vendor:            Oracle Corporation
16-Dec-2018 18:03:27.810 INFO [main] org.apache.catalina.startup.VersionLoggerListener.log CATALINA_BASE:         C:\Users\Simo\Desktop\Camunda\server\apache-tomcat-9.0.5
16-Dec-2018 18:03:27.811 INFO [main] org.apache.catalina.startup.VersionLoggerListener.log CATALINA_HOME:         C:\Users\Simo\Desktop\Camunda\server\apache-tomcat-9.0.5
16-Dec-2018 18:03:27.816 INFO [main] org.apache.catalina.startup.VersionLoggerListener.log Command line argument: --add-opens=java.base/java.lang=ALL-UNNAMED
16-Dec-2018 18:03:27.818 INFO [main] org.apache.catalina.startup.VersionLoggerListener.log Command line argument: --add-opens=java.rmi/sun.rmi.transport=ALL-UNNAMED
16-Dec-2018 18:03:27.819 INFO [main] org.apache.catalina.startup.VersionLoggerListener.log Command line argument: -Djava.util.logging.config.file=C:\Users\Simo\Desktop\Camunda\server\apache-tomcat-9.0.5\conf\logging.properties
16-Dec-2018 18:03:27.819 INFO [main] org.apache.catalina.startup.VersionLoggerListener.log Command line argument: -Djava.util.logging.manager=org.apache.juli.ClassLoaderLogManager
16-Dec-2018 18:03:27.821 INFO [main] org.apache.catalina.startup.VersionLoggerListener.log Command line argument: -Djdk.tls.ephemeralDHKeySize=2048
16-Dec-2018 18:03:27.822 INFO [main] org.apache.catalina.startup.VersionLoggerListener.log Command line argument: -Djava.protocol.handler.pkgs=org.apache.catalina.webresources
16-Dec-2018 18:03:27.823 INFO [main] org.apache.catalina.startup.VersionLoggerListener.log Command line argument: -Xmx512m
16-Dec-2018 18:03:27.823 INFO [main] org.apache.catalina.startup.VersionLoggerListener.log Command line argument: -XX:MaxPermSize=256m
16-Dec-2018 18:03:27.824 INFO [main] org.apache.catalina.startup.VersionLoggerListener.log Command line argument: -XX:PermSize=256m
16-Dec-2018 18:03:27.825 INFO [main] org.apache.catalina.startup.VersionLoggerListener.log Command line argument: -Dignore.endorsed.dirs=
16-Dec-2018 18:03:27.825 INFO [main] org.apache.catalina.startup.VersionLoggerListener.log Command line argument: -Dcatalina.base=C:\Users\Simo\Desktop\Camunda\server\apache-tomcat-9.0.5
16-Dec-2018 18:03:27.826 INFO [main] org.apache.catalina.startup.VersionLoggerListener.log Command line argument: -Dcatalina.home=C:\Users\Simo\Desktop\Camunda\server\apache-tomcat-9.0.5
16-Dec-2018 18:03:27.826 INFO [main] org.apache.catalina.startup.VersionLoggerListener.log Command line argument: -Djava.io.tmpdir=C:\Users\Simo\Desktop\Camunda\server\apache-tomcat-9.0.5\temp
16-Dec-2018 18:03:27.826 INFO [main] org.apache.catalina.core.AprLifecycleListener.lifecycleEvent The APR based Apache Tomcat Native library which allows optimal performance in production environments was not found on the java.library.path: [C:\Program Files\Java\jdk-11.0.1\bin;C:\WINDOWS\Sun\Java\bin;C:\WINDOWS\system32;C:\WINDOWS;C:\Program Files (x86)\Common Files\Oracle\Java\javapath;C:\Program Files (x86)\Intel\iCLS Client\;C:\Program Files\Intel\iCLS Client\;C:\WINDOWS\system32;C:\WINDOWS;C:\WINDOWS\System32\Wbem;C:\WINDOWS\System32\WindowsPowerShell\v1.0\;C:\Program Files\Intel\Intel(R) Management Engine Components\DAL;C:\Program Files\Intel\Intel(R) Management Engine Components\IPT;C:\Program Files (x86)\Intel\Intel(R) Management Engine Components\DAL;C:\Program Files (x86)\Intel\Intel(R) Management Engine Components\IPT;C:\Program Files\Intel\WiFi\bin\;C:\Program Files\Common Files\Intel\WirelessCommon\;C:\Program Files\nodejs\;C:\opt\apache-maven-3.6.0\bin;C:\Users\Simo\AppData\Local\Programs\Microsoft VS Code\bin;C:\Users\Simo\AppData\Local\GitHubDesktop\bin;C:\Users\Simo\AppData\Roaming\npm;.]
16-Dec-2018 18:03:27.913 INFO [main] org.apache.coyote.AbstractProtocol.init Initializing ProtocolHandler ["http-nio-8080"]
16-Dec-2018 18:03:28.033 INFO [main] org.apache.tomcat.util.net.NioSelectorPool.getSharedSelector Using a shared selector for servlet write/read
16-Dec-2018 18:03:28.041 INFO [main] org.apache.coyote.AbstractProtocol.init Initializing ProtocolHandler ["ajp-nio-8009"]
16-Dec-2018 18:03:28.044 INFO [main] org.apache.tomcat.util.net.NioSelectorPool.getSharedSelector Using a shared selector for servlet write/read
16-Dec-2018 18:03:28.045 INFO [main] org.apache.catalina.startup.Catalina.load Initialization processed in 1003 ms
16-Dec-2018 18:03:28.515 INFO [main] org.camunda.commons.logging.BaseLogger.logInfo ENGINE-08046 Found camunda bpm platform configuration in CATALINA_BASE/CATALINA_HOME conf directory [C:\Users\Simo\Desktop\Camunda\server\apache-tomcat-9.0.5\conf\bpm-platform.xml] at 'file:/C:/Users/Simo/Desktop/Camunda/server/apache-tomcat-9.0.5/conf/bpm-platform.xml'
16-Dec-2018 18:03:28.778 INFO [main] org.camunda.commons.logging.BaseLogger.logInfo ENGINE-12003 Plugin 'ProcessApplicationEventListenerPlugin' activated on process engine 'default'
16-Dec-2018 18:03:28.785 INFO [main] org.camunda.commons.logging.BaseLogger.logInfo ENGINE-12003 Plugin 'SpinProcessEnginePlugin' activated on process engine 'default'
16-Dec-2018 18:03:28.791 INFO [main] org.camunda.commons.logging.BaseLogger.logInfo SPIN-01010 Discovered Spin data format provider: org.camunda.spin.impl.json.jackson.format.JacksonJsonDataFormatProvider[name = application/json]
16-Dec-2018 18:03:29.022 INFO [main] org.camunda.commons.logging.BaseLogger.logInfo SPIN-01010 Discovered Spin data format provider: org.camunda.spin.impl.xml.dom.format.DomXmlDataFormatProvider[name = application/xml]
16-Dec-2018 18:03:29.036 SEVERE [main] org.apache.catalina.startup.Catalina.start The required Server component failed to start so Tomcat is unable to start.
 org.apache.catalina.LifecycleException: Failed to start component [StandardServer[8005]]
	at org.apache.catalina.util.LifecycleBase.handleSubClassException(LifecycleBase.java:441)
	at org.apache.catalina.util.LifecycleBase.start(LifecycleBase.java:198)
	at org.apache.catalina.startup.Catalina.start(Catalina.java:682)
	at java.base/jdk.internal.reflect.NativeMethodAccessorImpl.invoke0(Native Method)
	at java.base/jdk.internal.reflect.NativeMethodAccessorImpl.invoke(NativeMethodAccessorImpl.java:62)
	at java.base/jdk.internal.reflect.DelegatingMethodAccessorImpl.invoke(DelegatingMethodAccessorImpl.java:43)
	at java.base/java.lang.reflect.Method.invoke(Method.java:566)
	at org.apache.catalina.startup.Bootstrap.start(Bootstrap.java:353)
	at org.apache.catalina.startup.Bootstrap.main(Bootstrap.java:493)
Caused by: java.lang.NoClassDefFoundError: javax/xml/bind/JAXBException
	at org.camunda.spin.impl.xml.dom.format.DomXmlDataFormat.defaultJaxBContextProvider(DomXmlDataFormat.java:165)
	at org.camunda.spin.impl.xml.dom.format.DomXmlDataFormat.<init>(DomXmlDataFormat.java:65)
	at org.camunda.spin.impl.xml.dom.format.DomXmlDataFormat.<init>(DomXmlDataFormat.java:53)
	at org.camunda.spin.impl.xml.dom.format.DomXmlDataFormatProvider.createInstance(DomXmlDataFormatProvider.java:32)
	at org.camunda.spin.DataFormats.registerProvider(DataFormats.java:152)
	at org.camunda.spin.DataFormats.registerCustomDataFormats(DataFormats.java:140)
	at org.camunda.spin.DataFormats.registerDataFormats(DataFormats.java:124)
	at org.camunda.spin.DataFormats.loadDataFormats(DataFormats.java:181)
	at org.camunda.spin.plugin.impl.SpinProcessEnginePlugin.preInit(SpinProcessEnginePlugin.java:39)
	at org.camunda.bpm.engine.impl.cfg.ProcessEngineConfigurationImpl.invokePreInit(ProcessEngineConfigurationImpl.java:943)
	at org.camunda.bpm.engine.impl.cfg.ProcessEngineConfigurationImpl.init(ProcessEngineConfigurationImpl.java:770)
	at org.camunda.bpm.engine.impl.cfg.ProcessEngineConfigurationImpl.buildProcessEngine(ProcessEngineConfigurationImpl.java:761)
	at org.camunda.bpm.container.impl.jmx.services.JmxManagedProcessEngineController.start(JmxManagedProcessEngineController.java:34)
	at org.camunda.bpm.container.impl.jmx.MBeanServiceContainer.startService(MBeanServiceContainer.java:73)
	at org.camunda.bpm.container.impl.jmx.MBeanServiceContainer.startService(MBeanServiceContainer.java:59)
	at org.camunda.bpm.container.impl.deployment.StartProcessEngineStep.performOperationStep(StartProcessEngineStep.java:112)
	at org.camunda.bpm.container.impl.spi.DeploymentOperation.execute(DeploymentOperation.java:116)
	at org.camunda.bpm.container.impl.jmx.MBeanServiceContainer.executeDeploymentOperation(MBeanServiceContainer.java:156)
	at org.camunda.bpm.container.impl.spi.DeploymentOperation$DeploymentOperationBuilder.execute(DeploymentOperation.java:212)
	at org.camunda.bpm.container.impl.tomcat.TomcatBpmPlatformBootstrap.deployBpmPlatform(TomcatBpmPlatformBootstrap.java:72)
	at org.camunda.bpm.container.impl.tomcat.TomcatBpmPlatformBootstrap.lifecycleEvent(TomcatBpmPlatformBootstrap.java:57)
	at org.apache.catalina.util.LifecycleBase.fireLifecycleEvent(LifecycleBase.java:123)
	at org.apache.catalina.util.LifecycleBase.setStateInternal(LifecycleBase.java:424)
	at org.apache.catalina.util.LifecycleBase.setState(LifecycleBase.java:367)
	at org.apache.catalina.core.StandardServer.startInternal(StandardServer.java:763)
	at org.apache.catalina.util.LifecycleBase.start(LifecycleBase.java:183)
	... 7 more
Caused by: java.lang.ClassNotFoundException: javax.xml.bind.JAXBException
	at java.base/java.net.URLClassLoader.findClass(URLClassLoader.java:471)
	at java.base/java.lang.ClassLoader.loadClass(ClassLoader.java:588)
	at java.base/java.lang.ClassLoader.loadClass(ClassLoader.java:521)
	... 33 more

16-Dec-2018 18:03:29.044 INFO [main] org.camunda.commons.logging.BaseLogger.logInfo ENGINE-08049 Camunda BPM platform stopped at 'Apache Tomcat/9.0.5'
16-Dec-2018 18:03:29.045 WARNING [main] org.apache.catalina.util.LifecycleBase.destroy Calling stop() on failed component [StandardServer[8005]] to trigger clean-up did not complete.
 org.apache.catalina.LifecycleException: An invalid Lifecycle transition was attempted ([before_stop]) for component [StandardService[Catalina]] in state [INITIALIZED]
	at org.apache.catalina.util.LifecycleBase.invalidTransition(LifecycleBase.java:431)
	at org.apache.catalina.util.LifecycleBase.stop(LifecycleBase.java:244)
	at org.apache.catalina.core.StandardServer.stopInternal(StandardServer.java:791)
	at org.apache.catalina.util.LifecycleBase.stop(LifecycleBase.java:257)
	at org.apache.catalina.util.LifecycleBase.destroy(LifecycleBase.java:293)
	at org.apache.catalina.startup.Catalina.start(Catalina.java:686)
	at java.base/jdk.internal.reflect.NativeMethodAccessorImpl.invoke0(Native Method)
	at java.base/jdk.internal.reflect.NativeMethodAccessorImpl.invoke(NativeMethodAccessorImpl.java:62)
	at java.base/jdk.internal.reflect.DelegatingMethodAccessorImpl.invoke(DelegatingMethodAccessorImpl.java:43)
	at java.base/java.lang.reflect.Method.invoke(Method.java:566)
	at org.apache.catalina.startup.Bootstrap.start(Bootstrap.java:353)
	at org.apache.catalina.startup.Bootstrap.main(Bootstrap.java:493)

16-Dec-2018 18:03:29.048 INFO [main] org.apache.coyote.AbstractProtocol.destroy Destroying ProtocolHandler ["http-nio-8080"]
16-Dec-2018 18:03:29.050 INFO [main] org.apache.coyote.AbstractProtocol.destroy Destroying ProtocolHandler ["ajp-nio-8009"]
16-Dec-2018 18:07:13.954 INFORMATION [main] org.apache.catalina.startup.VersionLoggerListener.log Server version:        Apache Tomcat/9.0.5
16-Dec-2018 18:07:13.961 INFORMATION [main] org.apache.catalina.startup.VersionLoggerListener.log Server built:          Feb 6 2018 21:42:23 UTC
16-Dec-2018 18:07:13.962 INFORMATION [main] org.apache.catalina.startup.VersionLoggerListener.log Server number:         9.0.5.0
16-Dec-2018 18:07:13.962 INFORMATION [main] org.apache.catalina.startup.VersionLoggerListener.log OS Name:               Windows 8.1
16-Dec-2018 18:07:13.962 INFORMATION [main] org.apache.catalina.startup.VersionLoggerListener.log OS Version:            6.3
16-Dec-2018 18:07:13.963 INFORMATION [main] org.apache.catalina.startup.VersionLoggerListener.log Architecture:          amd64
16-Dec-2018 18:07:13.963 INFORMATION [main] org.apache.catalina.startup.VersionLoggerListener.log Java Home:             C:\Program Files\Java\jre1.8.0_191
16-Dec-2018 18:07:13.963 INFORMATION [main] org.apache.catalina.startup.VersionLoggerListener.log JVM Version:           1.8.0_191-b12
16-Dec-2018 18:07:13.964 INFORMATION [main] org.apache.catalina.startup.VersionLoggerListener.log JVM Vendor:            Oracle Corporation
16-Dec-2018 18:07:13.964 INFORMATION [main] org.apache.catalina.startup.VersionLoggerListener.log CATALINA_BASE:         C:\Users\Simo\Desktop\Camunda\server\apache-tomcat-9.0.5
16-Dec-2018 18:07:13.965 INFORMATION [main] org.apache.catalina.startup.VersionLoggerListener.log CATALINA_HOME:         C:\Users\Simo\Desktop\Camunda\server\apache-tomcat-9.0.5
16-Dec-2018 18:07:13.966 INFORMATION [main] org.apache.catalina.startup.VersionLoggerListener.log Command line argument: -Djava.util.logging.config.file=C:\Users\Simo\Desktop\Camunda\server\apache-tomcat-9.0.5\conf\logging.properties
16-Dec-2018 18:07:13.967 INFORMATION [main] org.apache.catalina.startup.VersionLoggerListener.log Command line argument: -Djava.util.logging.manager=org.apache.juli.ClassLoaderLogManager
16-Dec-2018 18:07:13.967 INFORMATION [main] org.apache.catalina.startup.VersionLoggerListener.log Command line argument: -Djdk.tls.ephemeralDHKeySize=2048
16-Dec-2018 18:07:13.968 INFORMATION [main] org.apache.catalina.startup.VersionLoggerListener.log Command line argument: -Djava.protocol.handler.pkgs=org.apache.catalina.webresources
16-Dec-2018 18:07:13.969 INFORMATION [main] org.apache.catalina.startup.VersionLoggerListener.log Command line argument: -Xmx512m
16-Dec-2018 18:07:13.970 INFORMATION [main] org.apache.catalina.startup.VersionLoggerListener.log Command line argument: -XX:MaxPermSize=256m
16-Dec-2018 18:07:13.970 INFORMATION [main] org.apache.catalina.startup.VersionLoggerListener.log Command line argument: -XX:PermSize=256m
16-Dec-2018 18:07:13.971 INFORMATION [main] org.apache.catalina.startup.VersionLoggerListener.log Command line argument: -Dignore.endorsed.dirs=
16-Dec-2018 18:07:13.972 INFORMATION [main] org.apache.catalina.startup.VersionLoggerListener.log Command line argument: -Dcatalina.base=C:\Users\Simo\Desktop\Camunda\server\apache-tomcat-9.0.5
16-Dec-2018 18:07:13.973 INFORMATION [main] org.apache.catalina.startup.VersionLoggerListener.log Command line argument: -Dcatalina.home=C:\Users\Simo\Desktop\Camunda\server\apache-tomcat-9.0.5
16-Dec-2018 18:07:13.974 INFORMATION [main] org.apache.catalina.startup.VersionLoggerListener.log Command line argument: -Djava.io.tmpdir=C:\Users\Simo\Desktop\Camunda\server\apache-tomcat-9.0.5\temp
16-Dec-2018 18:07:13.975 INFORMATION [main] org.apache.catalina.core.AprLifecycleListener.lifecycleEvent The APR based Apache Tomcat Native library which allows optimal performance in production environments was not found on the java.library.path: [C:\Program Files\Java\jre1.8.0_191\bin;C:\WINDOWS\Sun\Java\bin;C:\WINDOWS\system32;C:\WINDOWS;C:\Program Files (x86)\Common Files\Oracle\Java\javapath;C:\Program Files (x86)\Intel\iCLS Client\;C:\Program Files\Intel\iCLS Client\;C:\WINDOWS\system32;C:\WINDOWS;C:\WINDOWS\System32\Wbem;C:\WINDOWS\System32\WindowsPowerShell\v1.0\;C:\Program Files\Intel\Intel(R) Management Engine Components\DAL;C:\Program Files\Intel\Intel(R) Management Engine Components\IPT;C:\Program Files (x86)\Intel\Intel(R) Management Engine Components\DAL;C:\Program Files (x86)\Intel\Intel(R) Management Engine Components\IPT;C:\Program Files\Intel\WiFi\bin\;C:\Program Files\Common Files\Intel\WirelessCommon\;C:\Program Files\nodejs\;C:\opt\apache-maven-3.6.0\bin;C:\Users\Simo\AppData\Local\Programs\Microsoft VS Code\bin;C:\Users\Simo\AppData\Local\GitHubDesktop\bin;C:\Users\Simo\AppData\Roaming\npm;.]
16-Dec-2018 18:07:14.191 INFORMATION [main] org.apache.coyote.AbstractProtocol.init Initializing ProtocolHandler ["http-nio-8080"]
16-Dec-2018 18:07:14.306 INFORMATION [main] org.apache.tomcat.util.net.NioSelectorPool.getSharedSelector Using a shared selector for servlet write/read
16-Dec-2018 18:07:14.315 INFORMATION [main] org.apache.coyote.AbstractProtocol.init Initializing ProtocolHandler ["ajp-nio-8009"]
16-Dec-2018 18:07:14.318 INFORMATION [main] org.apache.tomcat.util.net.NioSelectorPool.getSharedSelector Using a shared selector for servlet write/read
16-Dec-2018 18:07:14.319 INFORMATION [main] org.apache.catalina.startup.Catalina.load Initialization processed in 981 ms
16-Dec-2018 18:07:14.693 INFORMATION [main] org.camunda.commons.logging.BaseLogger.logInfo ENGINE-08046 Found camunda bpm platform configuration in CATALINA_BASE/CATALINA_HOME conf directory [C:\Users\Simo\Desktop\Camunda\server\apache-tomcat-9.0.5\conf\bpm-platform.xml] at 'file:/C:/Users/Simo/Desktop/Camunda/server/apache-tomcat-9.0.5/conf/bpm-platform.xml'
16-Dec-2018 18:07:14.916 INFORMATION [main] org.camunda.commons.logging.BaseLogger.logInfo ENGINE-12003 Plugin 'ProcessApplicationEventListenerPlugin' activated on process engine 'default'
16-Dec-2018 18:07:14.923 INFORMATION [main] org.camunda.commons.logging.BaseLogger.logInfo ENGINE-12003 Plugin 'SpinProcessEnginePlugin' activated on process engine 'default'
16-Dec-2018 18:07:14.928 INFORMATION [main] org.camunda.commons.logging.BaseLogger.logInfo SPIN-01010 Discovered Spin data format provider: org.camunda.spin.impl.json.jackson.format.JacksonJsonDataFormatProvider[name = application/json]
16-Dec-2018 18:07:15.218 INFORMATION [main] org.camunda.commons.logging.BaseLogger.logInfo SPIN-01010 Discovered Spin data format provider: org.camunda.spin.impl.xml.dom.format.DomXmlDataFormatProvider[name = application/xml]
16-Dec-2018 18:07:15.232 INFORMATION [main] org.camunda.commons.logging.BaseLogger.logInfo SPIN-01009 Discovered Spin data format: org.camunda.spin.impl.xml.dom.format.DomXmlDataFormat[name = application/xml]
16-Dec-2018 18:07:15.233 INFORMATION [main] org.camunda.commons.logging.BaseLogger.logInfo SPIN-01009 Discovered Spin data format: org.camunda.spin.impl.json.jackson.format.JacksonJsonDataFormat[name = application/json]
16-Dec-2018 18:07:15.233 INFORMATION [main] org.camunda.commons.logging.BaseLogger.logInfo ENGINE-12003 Plugin 'ConnectProcessEnginePlugin' activated on process engine 'default'
16-Dec-2018 18:07:15.551 INFORMATION [main] org.camunda.commons.logging.BaseLogger.logInfo CNCT-01004 Discovered provider for connector id 'http-connector' and class 'org.camunda.connect.httpclient.impl.HttpConnectorImpl': 'org.camunda.connect.httpclient.impl.HttpConnectorProviderImpl'
16-Dec-2018 18:07:15.556 INFORMATION [main] org.camunda.commons.logging.BaseLogger.logInfo CNCT-01004 Discovered provider for connector id 'soap-http-connector' and class 'org.camunda.connect.httpclient.soap.impl.SoapHttpConnectorImpl': 'org.camunda.connect.httpclient.soap.impl.SoapHttpConnectorProviderImpl'
16-Dec-2018 18:07:20.001 INFORMATION [main] org.camunda.commons.logging.BaseLogger.logInfo ENGINE-00001 Process Engine default created.
16-Dec-2018 18:07:20.003 INFORMATION [main] org.camunda.commons.logging.BaseLogger.logInfo ENGINE-14014 Starting up the JobExecutor[org.camunda.bpm.engine.impl.jobexecutor.RuntimeContainerJobExecutor].
16-Dec-2018 18:07:20.007 INFORMATION [Thread-6] org.camunda.commons.logging.BaseLogger.logInfo ENGINE-14018 JobExecutor[org.camunda.bpm.engine.impl.jobexecutor.RuntimeContainerJobExecutor] starting to acquire jobs
16-Dec-2018 18:07:20.021 INFORMATION [main] org.camunda.commons.logging.BaseLogger.logInfo ENGINE-08048 Camunda BPM platform sucessfully started at 'Apache Tomcat/9.0.5'.
16-Dec-2018 18:07:20.044 INFORMATION [main] org.apache.catalina.core.StandardService.startInternal Starting service [Catalina]
16-Dec-2018 18:07:20.044 INFORMATION [main] org.apache.catalina.core.StandardEngine.startInternal Starting Servlet Engine: Apache Tomcat/9.0.5
16-Dec-2018 18:07:20.088 INFORMATION [main] org.apache.catalina.startup.HostConfig.deployWAR Deploying web application archive [C:\Users\Simo\Desktop\Camunda\server\apache-tomcat-9.0.5\webapps\praxissemester.war]
16-Dec-2018 18:07:23.834 INFORMATION [main] org.camunda.commons.logging.BaseLogger.logInfo ENGINE-07015 Detected @ProcessApplication class 'de.fhaachen.praxissemester.CamundaBpmProcessApplication'
16-Dec-2018 18:07:23.897 INFORMATION [main] org.apache.jasper.servlet.TldScanner.scanJars At least one JAR was scanned for TLDs yet contained no TLDs. Enable debug logging for this logger for a complete list of JARs that were scanned but no TLDs were found in them. Skipping unneeded JARs during scanning can improve startup time and JSP compilation time.
16-Dec-2018 18:07:23.942 INFORMATION [main] org.camunda.commons.logging.BaseLogger.logInfo ENGINE-08024 Found processes.xml file at file:/C:/Users/Simo/Desktop/Camunda/server/apache-tomcat-9.0.5/webapps/praxissemester/WEB-INF/classes/META-INF/processes.xml
16-Dec-2018 18:07:23.969 INFORMATION [main] org.camunda.commons.logging.BaseLogger.logInfo ENGINE-08023 Deployment summary for process archive 'praxissemester': 

        praxissemester.bpmn

16-Dec-2018 18:07:24.459 INFORMATION [main] org.camunda.commons.logging.BaseLogger.logInfo ENGINE-07021 ProcessApplication 'praxissemester' registered for DB deployments [f4a6b9aa-f3fe-11e8-bd44-0c8bfdb1d186]. Will execute process definitions 

        Praxissemester[version: 1, id: Praxissemester:1:f4abc2bc-f3fe-11e8-bd44-0c8bfdb1d186]
Deployment does not provide any case definitions.
16-Dec-2018 18:07:24.467 INFORMATION [main] org.camunda.commons.logging.BaseLogger.logInfo SPIN-01010 Discovered Spin data format provider: org.camunda.spin.impl.json.jackson.format.JacksonJsonDataFormatProvider[name = application/json]
16-Dec-2018 18:07:24.471 INFORMATION [main] org.camunda.commons.logging.BaseLogger.logInfo SPIN-01010 Discovered Spin data format provider: org.camunda.spin.impl.xml.dom.format.DomXmlDataFormatProvider[name = application/xml]
16-Dec-2018 18:07:24.474 INFORMATION [main] org.camunda.commons.logging.BaseLogger.logInfo SPIN-01009 Discovered Spin data format: org.camunda.spin.impl.xml.dom.format.DomXmlDataFormat[name = application/xml]
16-Dec-2018 18:07:24.474 INFORMATION [main] org.camunda.commons.logging.BaseLogger.logInfo SPIN-01009 Discovered Spin data format: org.camunda.spin.impl.json.jackson.format.JacksonJsonDataFormat[name = application/json]
16-Dec-2018 18:07:24.476 INFORMATION [main] org.camunda.commons.logging.BaseLogger.logInfo ENGINE-08050 Process application praxissemester successfully deployed
16-Dec-2018 18:07:24.504 INFORMATION [main] org.apache.catalina.startup.HostConfig.deployWAR Deployment of web application archive [C:\Users\Simo\Desktop\Camunda\server\apache-tomcat-9.0.5\webapps\praxissemester.war] has finished in [4,415] ms
16-Dec-2018 18:07:24.508 INFORMATION [main] org.apache.catalina.startup.HostConfig.deployWAR Deploying web application archive [C:\Users\Simo\Desktop\Camunda\server\apache-tomcat-9.0.5\webapps\pruefunganmelden.war]
16-Dec-2018 18:07:27.700 INFORMATION [main] org.camunda.commons.logging.BaseLogger.logInfo ENGINE-07015 Detected @ProcessApplication class 'de.fhaachen.ip.pruefunganmelden.CamundaBpmProcessApplication'
16-Dec-2018 18:07:27.750 INFORMATION [main] org.apache.jasper.servlet.TldScanner.scanJars At least one JAR was scanned for TLDs yet contained no TLDs. Enable debug logging for this logger for a complete list of JARs that were scanned but no TLDs were found in them. Skipping unneeded JARs during scanning can improve startup time and JSP compilation time.
16-Dec-2018 18:07:27.756 INFORMATION [main] org.camunda.commons.logging.BaseLogger.logInfo ENGINE-08024 Found processes.xml file at file:/C:/Users/Simo/Desktop/Camunda/server/apache-tomcat-9.0.5/webapps/pruefunganmelden/WEB-INF/classes/META-INF/processes.xml
16-Dec-2018 18:07:27.764 INFORMATION [main] org.camunda.commons.logging.BaseLogger.logInfo ENGINE-08023 Deployment summary for process archive 'pruefunganmelden': 

        process.bpmn
        pruefunganmelden.dmn

16-Dec-2018 18:07:27.840 INFORMATION [main] org.camunda.commons.logging.BaseLogger.logInfo ENGINE-07021 ProcessApplication 'pruefunganmelden' registered for DB deployments [b5fdf466-f04c-11e8-9890-0c8bfdb1d186]. Will execute process definitions 

        Pruefunganmelden[version: 1, id: Pruefunganmelden:1:b608f0e9-f04c-11e8-9890-0c8bfdb1d186]
Deployment does not provide any case definitions.
16-Dec-2018 18:07:27.846 INFORMATION [main] org.camunda.commons.logging.BaseLogger.logInfo SPIN-01010 Discovered Spin data format provider: org.camunda.spin.impl.json.jackson.format.JacksonJsonDataFormatProvider[name = application/json]
16-Dec-2018 18:07:27.850 INFORMATION [main] org.camunda.commons.logging.BaseLogger.logInfo SPIN-01010 Discovered Spin data format provider: org.camunda.spin.impl.xml.dom.format.DomXmlDataFormatProvider[name = application/xml]
16-Dec-2018 18:07:27.861 INFORMATION [main] org.camunda.commons.logging.BaseLogger.logInfo SPIN-01009 Discovered Spin data format: org.camunda.spin.impl.xml.dom.format.DomXmlDataFormat[name = application/xml]
16-Dec-2018 18:07:27.862 INFORMATION [main] org.camunda.commons.logging.BaseLogger.logInfo SPIN-01009 Discovered Spin data format: org.camunda.spin.impl.json.jackson.format.JacksonJsonDataFormat[name = application/json]
16-Dec-2018 18:07:27.862 INFORMATION [main] org.camunda.commons.logging.BaseLogger.logInfo ENGINE-08050 Process application pruefunganmelden successfully deployed
16-Dec-2018 18:07:27.870 INFORMATION [main] org.apache.catalina.startup.HostConfig.deployWAR Deployment of web application archive [C:\Users\Simo\Desktop\Camunda\server\apache-tomcat-9.0.5\webapps\pruefunganmelden.war] has finished in [3,361] ms
16-Dec-2018 18:07:27.877 INFORMATION [main] org.apache.catalina.startup.HostConfig.deployDirectory Deploying web application directory [C:\Users\Simo\Desktop\Camunda\server\apache-tomcat-9.0.5\webapps\camunda]
16-Dec-2018 18:07:31.512 INFORMATION [main] org.apache.jasper.servlet.TldScanner.scanJars At least one JAR was scanned for TLDs yet contained no TLDs. Enable debug logging for this logger for a complete list of JARs that were scanned but no TLDs were found in them. Skipping unneeded JARs during scanning can improve startup time and JSP compilation time.
16-Dec-2018 18:07:32.035 INFORMATION [main] org.apache.catalina.startup.HostConfig.deployDirectory Deployment of web application directory [C:\Users\Simo\Desktop\Camunda\server\apache-tomcat-9.0.5\webapps\camunda] has finished in [4,158] ms
16-Dec-2018 18:07:32.036 INFORMATION [main] org.apache.catalina.startup.HostConfig.deployDirectory Deploying web application directory [C:\Users\Simo\Desktop\Camunda\server\apache-tomcat-9.0.5\webapps\camunda-invoice]
16-Dec-2018 18:07:34.469 INFORMATION [main] org.camunda.commons.logging.BaseLogger.logInfo ENGINE-07015 Detected @ProcessApplication class 'org.camunda.bpm.example.invoice.InvoiceProcessApplication'
16-Dec-2018 18:07:34.505 INFORMATION [main] org.apache.jasper.servlet.TldScanner.scanJars At least one JAR was scanned for TLDs yet contained no TLDs. Enable debug logging for this logger for a complete list of JARs that were scanned but no TLDs were found in them. Skipping unneeded JARs during scanning can improve startup time and JSP compilation time.
16-Dec-2018 18:07:34.510 INFORMATION [main] org.camunda.commons.logging.BaseLogger.logInfo ENGINE-08024 Found processes.xml file at file:/C:/Users/Simo/Desktop/Camunda/server/apache-tomcat-9.0.5/webapps/camunda-invoice/WEB-INF/classes/META-INF/processes.xml
16-Dec-2018 18:07:34.533 INFORMATION [main] org.camunda.commons.logging.BaseLogger.logInfo ENGINE-08023 Deployment summary for process archive 'camunda-invoice': 

        invoiceBusinessDecisions.dmn
        invoice.v2.bpmn
        review-invoice.cmmn

16-Dec-2018 18:07:34.790 INFORMATION [main] org.camunda.commons.logging.BaseLogger.logInfo ENGINE-07021 ProcessApplication 'camunda-invoice' registered for DB deployments [8eac2866-d884-11e8-8256-0c8bfdb1d187, 8f019b70-d884-11e8-8256-0c8bfdb1d187]. Will execute process definitions 

        invoice[version: 1, id: invoice:1:8ebf624a-d884-11e8-8256-0c8bfdb1d187]
        invoice[version: 2, id: invoice:2:8f093c94-d884-11e8-8256-0c8bfdb1d187]

Will execute case definitions 

        ReviewInvoiceCase[version: 1, id: ReviewInvoiceCase:1:8ee316ec-d884-11e8-8256-0c8bfdb1d187]
        ReviewInvoiceCase[version: 2, id: ReviewInvoiceCase:2:8f0ebad6-d884-11e8-8256-0c8bfdb1d187]

16-Dec-2018 18:07:34.798 INFORMATION [main] org.camunda.commons.logging.BaseLogger.logInfo SPIN-01010 Discovered Spin data format provider: org.camunda.spin.impl.json.jackson.format.JacksonJsonDataFormatProvider[name = application/json]
16-Dec-2018 18:07:34.802 INFORMATION [main] org.camunda.commons.logging.BaseLogger.logInfo SPIN-01010 Discovered Spin data format provider: org.camunda.spin.impl.xml.dom.format.DomXmlDataFormatProvider[name = application/xml]
16-Dec-2018 18:07:34.806 INFORMATION [main] org.camunda.commons.logging.BaseLogger.logInfo SPIN-01009 Discovered Spin data format: org.camunda.spin.impl.xml.dom.format.DomXmlDataFormat[name = application/xml]
16-Dec-2018 18:07:34.807 INFORMATION [main] org.camunda.commons.logging.BaseLogger.logInfo SPIN-01009 Discovered Spin data format: org.camunda.spin.impl.json.jackson.format.JacksonJsonDataFormat[name = application/json]
16-Dec-2018 18:07:34.905 INFORMATION [main] org.camunda.bpm.example.invoice.InvoiceProcessApplication.startProcessInstances No new instances of Invoice Receipt version 1 started, there are 3 instances running
16-Dec-2018 18:07:34.946 INFORMATION [main] org.camunda.bpm.example.invoice.InvoiceProcessApplication.startProcessInstances No new instances of Invoice Receipt version 2 started, there are 3 instances running
16-Dec-2018 18:07:34.947 INFORMATION [main] org.camunda.commons.logging.BaseLogger.logInfo ENGINE-08050 Process application camunda-invoice successfully deployed
16-Dec-2018 18:07:34.952 INFORMATION [main] org.apache.catalina.startup.HostConfig.deployDirectory Deployment of web application directory [C:\Users\Simo\Desktop\Camunda\server\apache-tomcat-9.0.5\webapps\camunda-invoice] has finished in [2,915] ms
16-Dec-2018 18:07:34.953 INFORMATION [main] org.apache.catalina.startup.HostConfig.deployDirectory Deploying web application directory [C:\Users\Simo\Desktop\Camunda\server\apache-tomcat-9.0.5\webapps\camunda-welcome]
16-Dec-2018 18:07:37.600 INFORMATION [main] org.apache.jasper.servlet.TldScanner.scanJars At least one JAR was scanned for TLDs yet contained no TLDs. Enable debug logging for this logger for a complete list of JARs that were scanned but no TLDs were found in them. Skipping unneeded JARs during scanning can improve startup time and JSP compilation time.
16-Dec-2018 18:07:37.604 INFORMATION [main] org.apache.catalina.startup.HostConfig.deployDirectory Deployment of web application directory [C:\Users\Simo\Desktop\Camunda\server\apache-tomcat-9.0.5\webapps\camunda-welcome] has finished in [2,651] ms
16-Dec-2018 18:07:37.605 INFORMATION [main] org.apache.catalina.startup.HostConfig.deployDirectory Deploying web application directory [C:\Users\Simo\Desktop\Camunda\server\apache-tomcat-9.0.5\webapps\docs]
16-Dec-2018 18:07:39.850 INFORMATION [main] org.apache.jasper.servlet.TldScanner.scanJars At least one JAR was scanned for TLDs yet contained no TLDs. Enable debug logging for this logger for a complete list of JARs that were scanned but no TLDs were found in them. Skipping unneeded JARs during scanning can improve startup time and JSP compilation time.
16-Dec-2018 18:07:39.853 INFORMATION [main] org.apache.catalina.startup.HostConfig.deployDirectory Deployment of web application directory [C:\Users\Simo\Desktop\Camunda\server\apache-tomcat-9.0.5\webapps\docs] has finished in [2,248] ms
16-Dec-2018 18:07:39.858 INFORMATION [main] org.apache.catalina.startup.HostConfig.deployDirectory Deploying web application directory [C:\Users\Simo\Desktop\Camunda\server\apache-tomcat-9.0.5\webapps\engine-rest]
16-Dec-2018 18:07:42.783 INFORMATION [main] org.apache.jasper.servlet.TldScanner.scanJars At least one JAR was scanned for TLDs yet contained no TLDs. Enable debug logging for this logger for a complete list of JARs that were scanned but no TLDs were found in them. Skipping unneeded JARs during scanning can improve startup time and JSP compilation time.
16-Dec-2018 18:07:43.077 INFORMATION [main] org.apache.catalina.startup.HostConfig.deployDirectory Deployment of web application directory [C:\Users\Simo\Desktop\Camunda\server\apache-tomcat-9.0.5\webapps\engine-rest] has finished in [3,218] ms
16-Dec-2018 18:07:43.078 INFORMATION [main] org.apache.catalina.startup.HostConfig.deployDirectory Deploying web application directory [C:\Users\Simo\Desktop\Camunda\server\apache-tomcat-9.0.5\webapps\examples]
16-Dec-2018 18:07:46.466 INFORMATION [main] org.apache.jasper.servlet.TldScanner.scanJars At least one JAR was scanned for TLDs yet contained no TLDs. Enable debug logging for this logger for a complete list of JARs that were scanned but no TLDs were found in them. Skipping unneeded JARs during scanning can improve startup time and JSP compilation time.
16-Dec-2018 18:07:46.530 INFORMATION [main] org.apache.catalina.startup.HostConfig.deployDirectory Deployment of web application directory [C:\Users\Simo\Desktop\Camunda\server\apache-tomcat-9.0.5\webapps\examples] has finished in [3,452] ms
16-Dec-2018 18:07:46.531 INFORMATION [main] org.apache.catalina.startup.HostConfig.deployDirectory Deploying web application directory [C:\Users\Simo\Desktop\Camunda\server\apache-tomcat-9.0.5\webapps\h2]
16-Dec-2018 18:07:49.360 INFORMATION [main] org.apache.jasper.servlet.TldScanner.scanJars At least one JAR was scanned for TLDs yet contained no TLDs. Enable debug logging for this logger for a complete list of JARs that were scanned but no TLDs were found in them. Skipping unneeded JARs during scanning can improve startup time and JSP compilation time.
16-Dec-2018 18:07:49.367 INFORMATION [main] org.apache.catalina.startup.HostConfig.deployDirectory Deployment of web application directory [C:\Users\Simo\Desktop\Camunda\server\apache-tomcat-9.0.5\webapps\h2] has finished in [2,837] ms
16-Dec-2018 18:07:49.368 INFORMATION [main] org.apache.catalina.startup.HostConfig.deployDirectory Deploying web application directory [C:\Users\Simo\Desktop\Camunda\server\apache-tomcat-9.0.5\webapps\host-manager]
16-Dec-2018 18:07:51.680 INFORMATION [main] org.apache.jasper.servlet.TldScanner.scanJars At least one JAR was scanned for TLDs yet contained no TLDs. Enable debug logging for this logger for a complete list of JARs that were scanned but no TLDs were found in them. Skipping unneeded JARs during scanning can improve startup time and JSP compilation time.
16-Dec-2018 18:07:51.686 INFORMATION [main] org.apache.catalina.startup.HostConfig.deployDirectory Deployment of web application directory [C:\Users\Simo\Desktop\Camunda\server\apache-tomcat-9.0.5\webapps\host-manager] has finished in [2,318] ms
16-Dec-2018 18:07:51.687 INFORMATION [main] org.apache.catalina.startup.HostConfig.deployDirectory Deploying web application directory [C:\Users\Simo\Desktop\Camunda\server\apache-tomcat-9.0.5\webapps\manager]
16-Dec-2018 18:07:54.271 INFORMATION [main] org.apache.jasper.servlet.TldScanner.scanJars At least one JAR was scanned for TLDs yet contained no TLDs. Enable debug logging for this logger for a complete list of JARs that were scanned but no TLDs were found in them. Skipping unneeded JARs during scanning can improve startup time and JSP compilation time.
16-Dec-2018 18:07:54.274 INFORMATION [main] org.apache.catalina.startup.HostConfig.deployDirectory Deployment of web application directory [C:\Users\Simo\Desktop\Camunda\server\apache-tomcat-9.0.5\webapps\manager] has finished in [2,587] ms
16-Dec-2018 18:07:54.275 INFORMATION [main] org.apache.catalina.startup.HostConfig.deployDirectory Deploying web application directory [C:\Users\Simo\Desktop\Camunda\server\apache-tomcat-9.0.5\webapps\ROOT]
16-Dec-2018 18:07:56.863 INFORMATION [main] org.apache.jasper.servlet.TldScanner.scanJars At least one JAR was scanned for TLDs yet contained no TLDs. Enable debug logging for this logger for a complete list of JARs that were scanned but no TLDs were found in them. Skipping unneeded JARs during scanning can improve startup time and JSP compilation time.
16-Dec-2018 18:07:56.872 INFORMATION [main] org.apache.catalina.startup.HostConfig.deployDirectory Deployment of web application directory [C:\Users\Simo\Desktop\Camunda\server\apache-tomcat-9.0.5\webapps\ROOT] has finished in [2,596] ms
16-Dec-2018 18:07:56.876 INFORMATION [main] org.apache.coyote.AbstractProtocol.start Starting ProtocolHandler ["http-nio-8080"]
16-Dec-2018 18:07:56.887 INFORMATION [main] org.apache.coyote.AbstractProtocol.start Starting ProtocolHandler ["ajp-nio-8009"]
16-Dec-2018 18:07:56.892 INFORMATION [main] org.apache.catalina.startup.Catalina.start Server startup in 42572 ms
16-Dec-2018 18:08:00.500 INFORMATION [http-nio-8080-exec-9] org.jboss.resteasy.logging.impl.Slf4jLogger.info Deploying javax.ws.rs.core.Application: class org.camunda.bpm.admin.impl.web.AdminApplication
16-Dec-2018 18:08:00.790 INFORMATION [http-nio-8080-exec-1] org.jboss.resteasy.logging.impl.Slf4jLogger.info Deploying javax.ws.rs.core.Application: class org.camunda.bpm.webapp.impl.engine.EngineRestApplication
16-Dec-2018 18:08:05.210 INFORMATION [http-nio-8080-exec-1] org.jboss.resteasy.logging.impl.Slf4jLogger.info Deploying javax.ws.rs.core.Application: class org.camunda.bpm.cockpit.impl.web.CockpitApplication
16-Dec-2018 18:27:28.682 INFORMATION [http-nio-8080-exec-9] org.jboss.resteasy.logging.impl.Slf4jLogger.info Deploying javax.ws.rs.core.Application: class org.camunda.bpm.tasklist.impl.web.TasklistApplication
