22-Nov-2018 23:41:02.766 INFO [main] org.apache.catalina.startup.VersionLoggerListener.log Server version:        Apache Tomcat/9.0.5
22-Nov-2018 23:41:02.772 INFO [main] org.apache.catalina.startup.VersionLoggerListener.log Server built:          Feb 6 2018 21:42:23 UTC
22-Nov-2018 23:41:02.772 INFO [main] org.apache.catalina.startup.VersionLoggerListener.log Server number:         9.0.5.0
22-Nov-2018 23:41:02.773 INFO [main] org.apache.catalina.startup.VersionLoggerListener.log OS Name:               Windows 8.1
22-Nov-2018 23:41:02.773 INFO [main] org.apache.catalina.startup.VersionLoggerListener.log OS Version:            6.3
22-Nov-2018 23:41:02.773 INFO [main] org.apache.catalina.startup.VersionLoggerListener.log Architecture:          amd64
22-Nov-2018 23:41:02.774 INFO [main] org.apache.catalina.startup.VersionLoggerListener.log Java Home:             C:\Program Files\Java\jdk-11.0.1
22-Nov-2018 23:41:02.774 INFO [main] org.apache.catalina.startup.VersionLoggerListener.log JVM Version:           11.0.1+13-LTS
22-Nov-2018 23:41:02.775 INFO [main] org.apache.catalina.startup.VersionLoggerListener.log JVM Vendor:            Oracle Corporation
22-Nov-2018 23:41:02.776 INFO [main] org.apache.catalina.startup.VersionLoggerListener.log CATALINA_BASE:         C:\Users\Simo\Desktop\Camunda\server\apache-tomcat-9.0.5
22-Nov-2018 23:41:02.779 INFO [main] org.apache.catalina.startup.VersionLoggerListener.log CATALINA_HOME:         C:\Users\Simo\Desktop\Camunda\server\apache-tomcat-9.0.5
22-Nov-2018 23:41:02.781 INFO [main] org.apache.catalina.startup.VersionLoggerListener.log Command line argument: --add-opens=java.base/java.lang=ALL-UNNAMED
22-Nov-2018 23:41:02.782 INFO [main] org.apache.catalina.startup.VersionLoggerListener.log Command line argument: --add-opens=java.rmi/sun.rmi.transport=ALL-UNNAMED
22-Nov-2018 23:41:02.782 INFO [main] org.apache.catalina.startup.VersionLoggerListener.log Command line argument: -Djava.util.logging.config.file=C:\Users\Simo\Desktop\Camunda\server\apache-tomcat-9.0.5\conf\logging.properties
22-Nov-2018 23:41:02.783 INFO [main] org.apache.catalina.startup.VersionLoggerListener.log Command line argument: -Djava.util.logging.manager=org.apache.juli.ClassLoaderLogManager
22-Nov-2018 23:41:02.784 INFO [main] org.apache.catalina.startup.VersionLoggerListener.log Command line argument: -Djdk.tls.ephemeralDHKeySize=2048
22-Nov-2018 23:41:02.784 INFO [main] org.apache.catalina.startup.VersionLoggerListener.log Command line argument: -Djava.protocol.handler.pkgs=org.apache.catalina.webresources
22-Nov-2018 23:41:02.785 INFO [main] org.apache.catalina.startup.VersionLoggerListener.log Command line argument: -Xmx512m
22-Nov-2018 23:41:02.785 INFO [main] org.apache.catalina.startup.VersionLoggerListener.log Command line argument: -XX:MaxPermSize=256m
22-Nov-2018 23:41:02.786 INFO [main] org.apache.catalina.startup.VersionLoggerListener.log Command line argument: -XX:PermSize=256m
22-Nov-2018 23:41:02.787 INFO [main] org.apache.catalina.startup.VersionLoggerListener.log Command line argument: -Dignore.endorsed.dirs=
22-Nov-2018 23:41:02.788 INFO [main] org.apache.catalina.startup.VersionLoggerListener.log Command line argument: -Dcatalina.base=C:\Users\Simo\Desktop\Camunda\server\apache-tomcat-9.0.5
22-Nov-2018 23:41:02.788 INFO [main] org.apache.catalina.startup.VersionLoggerListener.log Command line argument: -Dcatalina.home=C:\Users\Simo\Desktop\Camunda\server\apache-tomcat-9.0.5
22-Nov-2018 23:41:02.788 INFO [main] org.apache.catalina.startup.VersionLoggerListener.log Command line argument: -Djava.io.tmpdir=C:\Users\Simo\Desktop\Camunda\server\apache-tomcat-9.0.5\temp
22-Nov-2018 23:41:02.789 INFO [main] org.apache.catalina.core.AprLifecycleListener.lifecycleEvent The APR based Apache Tomcat Native library which allows optimal performance in production environments was not found on the java.library.path: [C:\Program Files\Java\jdk-11.0.1\bin;C:\WINDOWS\Sun\Java\bin;C:\WINDOWS\system32;C:\WINDOWS;C:\Program Files (x86)\Common Files\Oracle\Java\javapath;C:\Program Files (x86)\Intel\iCLS Client\;C:\Program Files\Intel\iCLS Client\;C:\WINDOWS\system32;C:\WINDOWS;C:\WINDOWS\System32\Wbem;C:\WINDOWS\System32\WindowsPowerShell\v1.0\;C:\Program Files\Intel\Intel(R) Management Engine Components\DAL;C:\Program Files\Intel\Intel(R) Management Engine Components\IPT;C:\Program Files (x86)\Intel\Intel(R) Management Engine Components\DAL;C:\Program Files (x86)\Intel\Intel(R) Management Engine Components\IPT;C:\Program Files\Intel\WiFi\bin\;C:\Program Files\Common Files\Intel\WirelessCommon\;C:\Program Files (x86)\Skype\Phone\;C:\Program Files\nodejs\;C:\Users\Simo\AppData\Local\Programs\Microsoft VS Code\bin;C:\Users\Simo\AppData\Local\GitHubDesktop\bin;C:\Users\Simo\AppData\Roaming\npm;.]
22-Nov-2018 23:41:02.858 INFO [main] org.apache.coyote.AbstractProtocol.init Initializing ProtocolHandler ["http-nio-8080"]
22-Nov-2018 23:41:02.997 INFO [main] org.apache.tomcat.util.net.NioSelectorPool.getSharedSelector Using a shared selector for servlet write/read
22-Nov-2018 23:41:03.005 INFO [main] org.apache.coyote.AbstractProtocol.init Initializing ProtocolHandler ["ajp-nio-8009"]
22-Nov-2018 23:41:03.008 INFO [main] org.apache.tomcat.util.net.NioSelectorPool.getSharedSelector Using a shared selector for servlet write/read
22-Nov-2018 23:41:03.009 INFO [main] org.apache.catalina.startup.Catalina.load Initialization processed in 961 ms
22-Nov-2018 23:41:03.420 INFO [main] org.camunda.commons.logging.BaseLogger.logInfo ENGINE-08046 Found camunda bpm platform configuration in CATALINA_BASE/CATALINA_HOME conf directory [C:\Users\Simo\Desktop\Camunda\server\apache-tomcat-9.0.5\conf\bpm-platform.xml] at 'file:/C:/Users/Simo/Desktop/Camunda/server/apache-tomcat-9.0.5/conf/bpm-platform.xml'
22-Nov-2018 23:41:03.669 INFO [main] org.camunda.commons.logging.BaseLogger.logInfo ENGINE-12003 Plugin 'ProcessApplicationEventListenerPlugin' activated on process engine 'default'
22-Nov-2018 23:41:03.678 INFO [main] org.camunda.commons.logging.BaseLogger.logInfo ENGINE-12003 Plugin 'SpinProcessEnginePlugin' activated on process engine 'default'
22-Nov-2018 23:41:03.685 INFO [main] org.camunda.commons.logging.BaseLogger.logInfo SPIN-01010 Discovered Spin data format provider: org.camunda.spin.impl.json.jackson.format.JacksonJsonDataFormatProvider[name = application/json]
22-Nov-2018 23:41:03.884 INFO [main] org.camunda.commons.logging.BaseLogger.logInfo SPIN-01010 Discovered Spin data format provider: org.camunda.spin.impl.xml.dom.format.DomXmlDataFormatProvider[name = application/xml]
22-Nov-2018 23:41:03.895 SEVERE [main] org.apache.catalina.startup.Catalina.start The required Server component failed to start so Tomcat is unable to start.
 org.apache.catalina.LifecycleException: Failed to start component [StandardServer[8005]]
	at org.apache.catalina.util.LifecycleBase.handleSubClassException(LifecycleBase.java:441)
	at org.apache.catalina.util.LifecycleBase.start(LifecycleBase.java:198)
	at org.apache.catalina.startup.Catalina.start(Catalina.java:682)
	at java.base/jdk.internal.reflect.NativeMethodAccessorImpl.invoke0(Native Method)
	at java.base/jdk.internal.reflect.NativeMethodAccessorImpl.invoke(NativeMethodAccessorImpl.java:62)
	at java.base/jdk.internal.reflect.DelegatingMethodAccessorImpl.invoke(DelegatingMethodAccessorImpl.java:43)
	at java.base/java.lang.reflect.Method.invoke(Method.java:566)
	at org.apache.catalina.startup.Bootstrap.start(Bootstrap.java:353)
	at org.apache.catalina.startup.Bootstrap.main(Bootstrap.java:493)
Caused by: java.lang.NoClassDefFoundError: javax/xml/bind/JAXBException
	at org.camunda.spin.impl.xml.dom.format.DomXmlDataFormat.defaultJaxBContextProvider(DomXmlDataFormat.java:165)
	at org.camunda.spin.impl.xml.dom.format.DomXmlDataFormat.<init>(DomXmlDataFormat.java:65)
	at org.camunda.spin.impl.xml.dom.format.DomXmlDataFormat.<init>(DomXmlDataFormat.java:53)
	at org.camunda.spin.impl.xml.dom.format.DomXmlDataFormatProvider.createInstance(DomXmlDataFormatProvider.java:32)
	at org.camunda.spin.DataFormats.registerProvider(DataFormats.java:152)
	at org.camunda.spin.DataFormats.registerCustomDataFormats(DataFormats.java:140)
	at org.camunda.spin.DataFormats.registerDataFormats(DataFormats.java:124)
	at org.camunda.spin.DataFormats.loadDataFormats(DataFormats.java:181)
	at org.camunda.spin.plugin.impl.SpinProcessEnginePlugin.preInit(SpinProcessEnginePlugin.java:39)
	at org.camunda.bpm.engine.impl.cfg.ProcessEngineConfigurationImpl.invokePreInit(ProcessEngineConfigurationImpl.java:943)
	at org.camunda.bpm.engine.impl.cfg.ProcessEngineConfigurationImpl.init(ProcessEngineConfigurationImpl.java:770)
	at org.camunda.bpm.engine.impl.cfg.ProcessEngineConfigurationImpl.buildProcessEngine(ProcessEngineConfigurationImpl.java:761)
	at org.camunda.bpm.container.impl.jmx.services.JmxManagedProcessEngineController.start(JmxManagedProcessEngineController.java:34)
	at org.camunda.bpm.container.impl.jmx.MBeanServiceContainer.startService(MBeanServiceContainer.java:73)
	at org.camunda.bpm.container.impl.jmx.MBeanServiceContainer.startService(MBeanServiceContainer.java:59)
	at org.camunda.bpm.container.impl.deployment.StartProcessEngineStep.performOperationStep(StartProcessEngineStep.java:112)
	at org.camunda.bpm.container.impl.spi.DeploymentOperation.execute(DeploymentOperation.java:116)
	at org.camunda.bpm.container.impl.jmx.MBeanServiceContainer.executeDeploymentOperation(MBeanServiceContainer.java:156)
	at org.camunda.bpm.container.impl.spi.DeploymentOperation$DeploymentOperationBuilder.execute(DeploymentOperation.java:212)
	at org.camunda.bpm.container.impl.tomcat.TomcatBpmPlatformBootstrap.deployBpmPlatform(TomcatBpmPlatformBootstrap.java:72)
	at org.camunda.bpm.container.impl.tomcat.TomcatBpmPlatformBootstrap.lifecycleEvent(TomcatBpmPlatformBootstrap.java:57)
	at org.apache.catalina.util.LifecycleBase.fireLifecycleEvent(LifecycleBase.java:123)
	at org.apache.catalina.util.LifecycleBase.setStateInternal(LifecycleBase.java:424)
	at org.apache.catalina.util.LifecycleBase.setState(LifecycleBase.java:367)
	at org.apache.catalina.core.StandardServer.startInternal(StandardServer.java:763)
	at org.apache.catalina.util.LifecycleBase.start(LifecycleBase.java:183)
	... 7 more
Caused by: java.lang.ClassNotFoundException: javax.xml.bind.JAXBException
	at java.base/java.net.URLClassLoader.findClass(URLClassLoader.java:471)
	at java.base/java.lang.ClassLoader.loadClass(ClassLoader.java:588)
	at java.base/java.lang.ClassLoader.loadClass(ClassLoader.java:521)
	... 33 more

22-Nov-2018 23:41:03.903 INFO [main] org.camunda.commons.logging.BaseLogger.logInfo ENGINE-08049 Camunda BPM platform stopped at 'Apache Tomcat/9.0.5'
22-Nov-2018 23:41:03.904 WARNING [main] org.apache.catalina.util.LifecycleBase.destroy Calling stop() on failed component [StandardServer[8005]] to trigger clean-up did not complete.
 org.apache.catalina.LifecycleException: An invalid Lifecycle transition was attempted ([before_stop]) for component [StandardService[Catalina]] in state [INITIALIZED]
	at org.apache.catalina.util.LifecycleBase.invalidTransition(LifecycleBase.java:431)
	at org.apache.catalina.util.LifecycleBase.stop(LifecycleBase.java:244)
	at org.apache.catalina.core.StandardServer.stopInternal(StandardServer.java:791)
	at org.apache.catalina.util.LifecycleBase.stop(LifecycleBase.java:257)
	at org.apache.catalina.util.LifecycleBase.destroy(LifecycleBase.java:293)
	at org.apache.catalina.startup.Catalina.start(Catalina.java:686)
	at java.base/jdk.internal.reflect.NativeMethodAccessorImpl.invoke0(Native Method)
	at java.base/jdk.internal.reflect.NativeMethodAccessorImpl.invoke(NativeMethodAccessorImpl.java:62)
	at java.base/jdk.internal.reflect.DelegatingMethodAccessorImpl.invoke(DelegatingMethodAccessorImpl.java:43)
	at java.base/java.lang.reflect.Method.invoke(Method.java:566)
	at org.apache.catalina.startup.Bootstrap.start(Bootstrap.java:353)
	at org.apache.catalina.startup.Bootstrap.main(Bootstrap.java:493)

22-Nov-2018 23:41:03.907 INFO [main] org.apache.coyote.AbstractProtocol.destroy Destroying ProtocolHandler ["http-nio-8080"]
22-Nov-2018 23:41:03.909 INFO [main] org.apache.coyote.AbstractProtocol.destroy Destroying ProtocolHandler ["ajp-nio-8009"]
22-Nov-2018 23:43:38.287 INFO [main] org.apache.catalina.startup.VersionLoggerListener.log Server version:        Apache Tomcat/9.0.5
22-Nov-2018 23:43:38.292 INFO [main] org.apache.catalina.startup.VersionLoggerListener.log Server built:          Feb 6 2018 21:42:23 UTC
22-Nov-2018 23:43:38.293 INFO [main] org.apache.catalina.startup.VersionLoggerListener.log Server number:         9.0.5.0
22-Nov-2018 23:43:38.293 INFO [main] org.apache.catalina.startup.VersionLoggerListener.log OS Name:               Windows 8.1
22-Nov-2018 23:43:38.294 INFO [main] org.apache.catalina.startup.VersionLoggerListener.log OS Version:            6.3
22-Nov-2018 23:43:38.294 INFO [main] org.apache.catalina.startup.VersionLoggerListener.log Architecture:          amd64
22-Nov-2018 23:43:38.294 INFO [main] org.apache.catalina.startup.VersionLoggerListener.log Java Home:             C:\Program Files\Java\jdk-11.0.1
22-Nov-2018 23:43:38.295 INFO [main] org.apache.catalina.startup.VersionLoggerListener.log JVM Version:           11.0.1+13-LTS
22-Nov-2018 23:43:38.295 INFO [main] org.apache.catalina.startup.VersionLoggerListener.log JVM Vendor:            Oracle Corporation
22-Nov-2018 23:43:38.296 INFO [main] org.apache.catalina.startup.VersionLoggerListener.log CATALINA_BASE:         C:\Users\Simo\Desktop\Camunda\server\apache-tomcat-9.0.5
22-Nov-2018 23:43:38.297 INFO [main] org.apache.catalina.startup.VersionLoggerListener.log CATALINA_HOME:         C:\Users\Simo\Desktop\Camunda\server\apache-tomcat-9.0.5
22-Nov-2018 23:43:38.298 INFO [main] org.apache.catalina.startup.VersionLoggerListener.log Command line argument: --add-opens=java.base/java.lang=ALL-UNNAMED
22-Nov-2018 23:43:38.298 INFO [main] org.apache.catalina.startup.VersionLoggerListener.log Command line argument: --add-opens=java.rmi/sun.rmi.transport=ALL-UNNAMED
22-Nov-2018 23:43:38.299 INFO [main] org.apache.catalina.startup.VersionLoggerListener.log Command line argument: -Djava.util.logging.config.file=C:\Users\Simo\Desktop\Camunda\server\apache-tomcat-9.0.5\conf\logging.properties
22-Nov-2018 23:43:38.299 INFO [main] org.apache.catalina.startup.VersionLoggerListener.log Command line argument: -Djava.util.logging.manager=org.apache.juli.ClassLoaderLogManager
22-Nov-2018 23:43:38.300 INFO [main] org.apache.catalina.startup.VersionLoggerListener.log Command line argument: -Djdk.tls.ephemeralDHKeySize=2048
22-Nov-2018 23:43:38.301 INFO [main] org.apache.catalina.startup.VersionLoggerListener.log Command line argument: -Djava.protocol.handler.pkgs=org.apache.catalina.webresources
22-Nov-2018 23:43:38.301 INFO [main] org.apache.catalina.startup.VersionLoggerListener.log Command line argument: -Xmx512m
22-Nov-2018 23:43:38.302 INFO [main] org.apache.catalina.startup.VersionLoggerListener.log Command line argument: -XX:MaxPermSize=256m
22-Nov-2018 23:43:38.302 INFO [main] org.apache.catalina.startup.VersionLoggerListener.log Command line argument: -XX:PermSize=256m
22-Nov-2018 23:43:38.303 INFO [main] org.apache.catalina.startup.VersionLoggerListener.log Command line argument: -Dignore.endorsed.dirs=
22-Nov-2018 23:43:38.303 INFO [main] org.apache.catalina.startup.VersionLoggerListener.log Command line argument: -Dcatalina.base=C:\Users\Simo\Desktop\Camunda\server\apache-tomcat-9.0.5
22-Nov-2018 23:43:38.304 INFO [main] org.apache.catalina.startup.VersionLoggerListener.log Command line argument: -Dcatalina.home=C:\Users\Simo\Desktop\Camunda\server\apache-tomcat-9.0.5
22-Nov-2018 23:43:38.304 INFO [main] org.apache.catalina.startup.VersionLoggerListener.log Command line argument: -Djava.io.tmpdir=C:\Users\Simo\Desktop\Camunda\server\apache-tomcat-9.0.5\temp
22-Nov-2018 23:43:38.305 INFO [main] org.apache.catalina.core.AprLifecycleListener.lifecycleEvent The APR based Apache Tomcat Native library which allows optimal performance in production environments was not found on the java.library.path: [C:\Program Files\Java\jdk-11.0.1\bin;C:\WINDOWS\Sun\Java\bin;C:\WINDOWS\system32;C:\WINDOWS;C:\Program Files (x86)\Common Files\Oracle\Java\javapath;C:\Program Files (x86)\Intel\iCLS Client\;C:\Program Files\Intel\iCLS Client\;C:\WINDOWS\system32;C:\WINDOWS;C:\WINDOWS\System32\Wbem;C:\WINDOWS\System32\WindowsPowerShell\v1.0\;C:\Program Files\Intel\Intel(R) Management Engine Components\DAL;C:\Program Files\Intel\Intel(R) Management Engine Components\IPT;C:\Program Files (x86)\Intel\Intel(R) Management Engine Components\DAL;C:\Program Files (x86)\Intel\Intel(R) Management Engine Components\IPT;C:\Program Files\Intel\WiFi\bin\;C:\Program Files\Common Files\Intel\WirelessCommon\;C:\Program Files (x86)\Skype\Phone\;C:\Program Files\nodejs\;C:\Users\Simo\AppData\Local\Programs\Microsoft VS Code\bin;C:\Users\Simo\AppData\Local\GitHubDesktop\bin;C:\Users\Simo\AppData\Roaming\npm;.]
22-Nov-2018 23:43:38.382 INFO [main] org.apache.coyote.AbstractProtocol.init Initializing ProtocolHandler ["http-nio-8080"]
22-Nov-2018 23:43:38.529 INFO [main] org.apache.tomcat.util.net.NioSelectorPool.getSharedSelector Using a shared selector for servlet write/read
22-Nov-2018 23:43:38.540 INFO [main] org.apache.coyote.AbstractProtocol.init Initializing ProtocolHandler ["ajp-nio-8009"]
22-Nov-2018 23:43:38.544 INFO [main] org.apache.tomcat.util.net.NioSelectorPool.getSharedSelector Using a shared selector for servlet write/read
22-Nov-2018 23:43:38.545 INFO [main] org.apache.catalina.startup.Catalina.load Initialization processed in 965 ms
22-Nov-2018 23:43:38.995 INFO [main] org.camunda.commons.logging.BaseLogger.logInfo ENGINE-08046 Found camunda bpm platform configuration in CATALINA_BASE/CATALINA_HOME conf directory [C:\Users\Simo\Desktop\Camunda\server\apache-tomcat-9.0.5\conf\bpm-platform.xml] at 'file:/C:/Users/Simo/Desktop/Camunda/server/apache-tomcat-9.0.5/conf/bpm-platform.xml'
22-Nov-2018 23:43:39.243 INFO [main] org.camunda.commons.logging.BaseLogger.logInfo ENGINE-12003 Plugin 'ProcessApplicationEventListenerPlugin' activated on process engine 'default'
22-Nov-2018 23:43:39.253 INFO [main] org.camunda.commons.logging.BaseLogger.logInfo ENGINE-12003 Plugin 'SpinProcessEnginePlugin' activated on process engine 'default'
22-Nov-2018 23:43:39.259 INFO [main] org.camunda.commons.logging.BaseLogger.logInfo SPIN-01010 Discovered Spin data format provider: org.camunda.spin.impl.json.jackson.format.JacksonJsonDataFormatProvider[name = application/json]
22-Nov-2018 23:43:39.463 INFO [main] org.camunda.commons.logging.BaseLogger.logInfo SPIN-01010 Discovered Spin data format provider: org.camunda.spin.impl.xml.dom.format.DomXmlDataFormatProvider[name = application/xml]
22-Nov-2018 23:43:39.476 SEVERE [main] org.apache.catalina.startup.Catalina.start The required Server component failed to start so Tomcat is unable to start.
 org.apache.catalina.LifecycleException: Failed to start component [StandardServer[8005]]
	at org.apache.catalina.util.LifecycleBase.handleSubClassException(LifecycleBase.java:441)
	at org.apache.catalina.util.LifecycleBase.start(LifecycleBase.java:198)
	at org.apache.catalina.startup.Catalina.start(Catalina.java:682)
	at java.base/jdk.internal.reflect.NativeMethodAccessorImpl.invoke0(Native Method)
	at java.base/jdk.internal.reflect.NativeMethodAccessorImpl.invoke(NativeMethodAccessorImpl.java:62)
	at java.base/jdk.internal.reflect.DelegatingMethodAccessorImpl.invoke(DelegatingMethodAccessorImpl.java:43)
	at java.base/java.lang.reflect.Method.invoke(Method.java:566)
	at org.apache.catalina.startup.Bootstrap.start(Bootstrap.java:353)
	at org.apache.catalina.startup.Bootstrap.main(Bootstrap.java:493)
Caused by: java.lang.NoClassDefFoundError: javax/xml/bind/JAXBException
	at org.camunda.spin.impl.xml.dom.format.DomXmlDataFormat.defaultJaxBContextProvider(DomXmlDataFormat.java:165)
	at org.camunda.spin.impl.xml.dom.format.DomXmlDataFormat.<init>(DomXmlDataFormat.java:65)
	at org.camunda.spin.impl.xml.dom.format.DomXmlDataFormat.<init>(DomXmlDataFormat.java:53)
	at org.camunda.spin.impl.xml.dom.format.DomXmlDataFormatProvider.createInstance(DomXmlDataFormatProvider.java:32)
	at org.camunda.spin.DataFormats.registerProvider(DataFormats.java:152)
	at org.camunda.spin.DataFormats.registerCustomDataFormats(DataFormats.java:140)
	at org.camunda.spin.DataFormats.registerDataFormats(DataFormats.java:124)
	at org.camunda.spin.DataFormats.loadDataFormats(DataFormats.java:181)
	at org.camunda.spin.plugin.impl.SpinProcessEnginePlugin.preInit(SpinProcessEnginePlugin.java:39)
	at org.camunda.bpm.engine.impl.cfg.ProcessEngineConfigurationImpl.invokePreInit(ProcessEngineConfigurationImpl.java:943)
	at org.camunda.bpm.engine.impl.cfg.ProcessEngineConfigurationImpl.init(ProcessEngineConfigurationImpl.java:770)
	at org.camunda.bpm.engine.impl.cfg.ProcessEngineConfigurationImpl.buildProcessEngine(ProcessEngineConfigurationImpl.java:761)
	at org.camunda.bpm.container.impl.jmx.services.JmxManagedProcessEngineController.start(JmxManagedProcessEngineController.java:34)
	at org.camunda.bpm.container.impl.jmx.MBeanServiceContainer.startService(MBeanServiceContainer.java:73)
	at org.camunda.bpm.container.impl.jmx.MBeanServiceContainer.startService(MBeanServiceContainer.java:59)
	at org.camunda.bpm.container.impl.deployment.StartProcessEngineStep.performOperationStep(StartProcessEngineStep.java:112)
	at org.camunda.bpm.container.impl.spi.DeploymentOperation.execute(DeploymentOperation.java:116)
	at org.camunda.bpm.container.impl.jmx.MBeanServiceContainer.executeDeploymentOperation(MBeanServiceContainer.java:156)
	at org.camunda.bpm.container.impl.spi.DeploymentOperation$DeploymentOperationBuilder.execute(DeploymentOperation.java:212)
	at org.camunda.bpm.container.impl.tomcat.TomcatBpmPlatformBootstrap.deployBpmPlatform(TomcatBpmPlatformBootstrap.java:72)
	at org.camunda.bpm.container.impl.tomcat.TomcatBpmPlatformBootstrap.lifecycleEvent(TomcatBpmPlatformBootstrap.java:57)
	at org.apache.catalina.util.LifecycleBase.fireLifecycleEvent(LifecycleBase.java:123)
	at org.apache.catalina.util.LifecycleBase.setStateInternal(LifecycleBase.java:424)
	at org.apache.catalina.util.LifecycleBase.setState(LifecycleBase.java:367)
	at org.apache.catalina.core.StandardServer.startInternal(StandardServer.java:763)
	at org.apache.catalina.util.LifecycleBase.start(LifecycleBase.java:183)
	... 7 more
Caused by: java.lang.ClassNotFoundException: javax.xml.bind.JAXBException
	at java.base/java.net.URLClassLoader.findClass(URLClassLoader.java:471)
	at java.base/java.lang.ClassLoader.loadClass(ClassLoader.java:588)
	at java.base/java.lang.ClassLoader.loadClass(ClassLoader.java:521)
	... 33 more

22-Nov-2018 23:43:39.485 INFO [main] org.camunda.commons.logging.BaseLogger.logInfo ENGINE-08049 Camunda BPM platform stopped at 'Apache Tomcat/9.0.5'
22-Nov-2018 23:43:39.487 WARNING [main] org.apache.catalina.util.LifecycleBase.destroy Calling stop() on failed component [StandardServer[8005]] to trigger clean-up did not complete.
 org.apache.catalina.LifecycleException: An invalid Lifecycle transition was attempted ([before_stop]) for component [StandardService[Catalina]] in state [INITIALIZED]
	at org.apache.catalina.util.LifecycleBase.invalidTransition(LifecycleBase.java:431)
	at org.apache.catalina.util.LifecycleBase.stop(LifecycleBase.java:244)
	at org.apache.catalina.core.StandardServer.stopInternal(StandardServer.java:791)
	at org.apache.catalina.util.LifecycleBase.stop(LifecycleBase.java:257)
	at org.apache.catalina.util.LifecycleBase.destroy(LifecycleBase.java:293)
	at org.apache.catalina.startup.Catalina.start(Catalina.java:686)
	at java.base/jdk.internal.reflect.NativeMethodAccessorImpl.invoke0(Native Method)
	at java.base/jdk.internal.reflect.NativeMethodAccessorImpl.invoke(NativeMethodAccessorImpl.java:62)
	at java.base/jdk.internal.reflect.DelegatingMethodAccessorImpl.invoke(DelegatingMethodAccessorImpl.java:43)
	at java.base/java.lang.reflect.Method.invoke(Method.java:566)
	at org.apache.catalina.startup.Bootstrap.start(Bootstrap.java:353)
	at org.apache.catalina.startup.Bootstrap.main(Bootstrap.java:493)

22-Nov-2018 23:43:39.489 INFO [main] org.apache.coyote.AbstractProtocol.destroy Destroying ProtocolHandler ["http-nio-8080"]
22-Nov-2018 23:43:39.491 INFO [main] org.apache.coyote.AbstractProtocol.destroy Destroying ProtocolHandler ["ajp-nio-8009"]
22-Nov-2018 23:50:39.617 INFO [main] org.apache.catalina.startup.VersionLoggerListener.log Server version:        Apache Tomcat/9.0.5
22-Nov-2018 23:50:39.626 INFO [main] org.apache.catalina.startup.VersionLoggerListener.log Server built:          Feb 6 2018 21:42:23 UTC
22-Nov-2018 23:50:39.627 INFO [main] org.apache.catalina.startup.VersionLoggerListener.log Server number:         9.0.5.0
22-Nov-2018 23:50:39.628 INFO [main] org.apache.catalina.startup.VersionLoggerListener.log OS Name:               Windows 8.1
22-Nov-2018 23:50:39.629 INFO [main] org.apache.catalina.startup.VersionLoggerListener.log OS Version:            6.3
22-Nov-2018 23:50:39.629 INFO [main] org.apache.catalina.startup.VersionLoggerListener.log Architecture:          amd64
22-Nov-2018 23:50:39.630 INFO [main] org.apache.catalina.startup.VersionLoggerListener.log Java Home:             C:\Program Files\Java\jdk-11.0.1
22-Nov-2018 23:50:39.630 INFO [main] org.apache.catalina.startup.VersionLoggerListener.log JVM Version:           11.0.1+13-LTS
22-Nov-2018 23:50:39.631 INFO [main] org.apache.catalina.startup.VersionLoggerListener.log JVM Vendor:            Oracle Corporation
22-Nov-2018 23:50:39.631 INFO [main] org.apache.catalina.startup.VersionLoggerListener.log CATALINA_BASE:         C:\Users\Simo\Desktop\Camunda\server\apache-tomcat-9.0.5
22-Nov-2018 23:50:39.633 INFO [main] org.apache.catalina.startup.VersionLoggerListener.log CATALINA_HOME:         C:\Users\Simo\Desktop\Camunda\server\apache-tomcat-9.0.5
22-Nov-2018 23:50:39.634 INFO [main] org.apache.catalina.startup.VersionLoggerListener.log Command line argument: --add-opens=java.base/java.lang=ALL-UNNAMED
22-Nov-2018 23:50:39.635 INFO [main] org.apache.catalina.startup.VersionLoggerListener.log Command line argument: --add-opens=java.rmi/sun.rmi.transport=ALL-UNNAMED
22-Nov-2018 23:50:39.636 INFO [main] org.apache.catalina.startup.VersionLoggerListener.log Command line argument: -Djava.util.logging.config.file=C:\Users\Simo\Desktop\Camunda\server\apache-tomcat-9.0.5\conf\logging.properties
22-Nov-2018 23:50:39.637 INFO [main] org.apache.catalina.startup.VersionLoggerListener.log Command line argument: -Djava.util.logging.manager=org.apache.juli.ClassLoaderLogManager
22-Nov-2018 23:50:39.638 INFO [main] org.apache.catalina.startup.VersionLoggerListener.log Command line argument: -Djdk.tls.ephemeralDHKeySize=2048
22-Nov-2018 23:50:39.638 INFO [main] org.apache.catalina.startup.VersionLoggerListener.log Command line argument: -Djava.protocol.handler.pkgs=org.apache.catalina.webresources
22-Nov-2018 23:50:39.639 INFO [main] org.apache.catalina.startup.VersionLoggerListener.log Command line argument: -Xmx512m
22-Nov-2018 23:50:39.640 INFO [main] org.apache.catalina.startup.VersionLoggerListener.log Command line argument: -XX:MaxPermSize=256m
22-Nov-2018 23:50:39.641 INFO [main] org.apache.catalina.startup.VersionLoggerListener.log Command line argument: -XX:PermSize=256m
22-Nov-2018 23:50:39.642 INFO [main] org.apache.catalina.startup.VersionLoggerListener.log Command line argument: -Dignore.endorsed.dirs=
22-Nov-2018 23:50:39.642 INFO [main] org.apache.catalina.startup.VersionLoggerListener.log Command line argument: -Dcatalina.base=C:\Users\Simo\Desktop\Camunda\server\apache-tomcat-9.0.5
22-Nov-2018 23:50:39.643 INFO [main] org.apache.catalina.startup.VersionLoggerListener.log Command line argument: -Dcatalina.home=C:\Users\Simo\Desktop\Camunda\server\apache-tomcat-9.0.5
22-Nov-2018 23:50:39.643 INFO [main] org.apache.catalina.startup.VersionLoggerListener.log Command line argument: -Djava.io.tmpdir=C:\Users\Simo\Desktop\Camunda\server\apache-tomcat-9.0.5\temp
22-Nov-2018 23:50:39.644 INFO [main] org.apache.catalina.core.AprLifecycleListener.lifecycleEvent The APR based Apache Tomcat Native library which allows optimal performance in production environments was not found on the java.library.path: [C:\Program Files\Java\jdk-11.0.1\bin;C:\WINDOWS\Sun\Java\bin;C:\WINDOWS\system32;C:\WINDOWS;C:\Program Files (x86)\Common Files\Oracle\Java\javapath;C:\Program Files (x86)\Intel\iCLS Client\;C:\Program Files\Intel\iCLS Client\;C:\WINDOWS\system32;C:\WINDOWS;C:\WINDOWS\System32\Wbem;C:\WINDOWS\System32\WindowsPowerShell\v1.0\;C:\Program Files\Intel\Intel(R) Management Engine Components\DAL;C:\Program Files\Intel\Intel(R) Management Engine Components\IPT;C:\Program Files (x86)\Intel\Intel(R) Management Engine Components\DAL;C:\Program Files (x86)\Intel\Intel(R) Management Engine Components\IPT;C:\Program Files\Intel\WiFi\bin\;C:\Program Files\Common Files\Intel\WirelessCommon\;C:\Program Files (x86)\Skype\Phone\;C:\Program Files\nodejs\;C:\Users\Simo\AppData\Local\Programs\Microsoft VS Code\bin;C:\Users\Simo\AppData\Local\GitHubDesktop\bin;C:\Users\Simo\AppData\Roaming\npm;.]
22-Nov-2018 23:50:39.719 INFO [main] org.apache.coyote.AbstractProtocol.init Initializing ProtocolHandler ["http-nio-8080"]
22-Nov-2018 23:50:39.837 INFO [main] org.apache.tomcat.util.net.NioSelectorPool.getSharedSelector Using a shared selector for servlet write/read
22-Nov-2018 23:50:39.844 INFO [main] org.apache.coyote.AbstractProtocol.init Initializing ProtocolHandler ["ajp-nio-8009"]
22-Nov-2018 23:50:39.847 INFO [main] org.apache.tomcat.util.net.NioSelectorPool.getSharedSelector Using a shared selector for servlet write/read
22-Nov-2018 23:50:39.848 INFO [main] org.apache.catalina.startup.Catalina.load Initialization processed in 919 ms
22-Nov-2018 23:50:40.274 INFO [main] org.camunda.commons.logging.BaseLogger.logInfo ENGINE-08046 Found camunda bpm platform configuration in CATALINA_BASE/CATALINA_HOME conf directory [C:\Users\Simo\Desktop\Camunda\server\apache-tomcat-9.0.5\conf\bpm-platform.xml] at 'file:/C:/Users/Simo/Desktop/Camunda/server/apache-tomcat-9.0.5/conf/bpm-platform.xml'
22-Nov-2018 23:50:40.507 INFO [main] org.camunda.commons.logging.BaseLogger.logInfo ENGINE-12003 Plugin 'ProcessApplicationEventListenerPlugin' activated on process engine 'default'
22-Nov-2018 23:50:40.514 INFO [main] org.camunda.commons.logging.BaseLogger.logInfo ENGINE-12003 Plugin 'SpinProcessEnginePlugin' activated on process engine 'default'
22-Nov-2018 23:50:40.523 INFO [main] org.camunda.commons.logging.BaseLogger.logInfo SPIN-01010 Discovered Spin data format provider: org.camunda.spin.impl.json.jackson.format.JacksonJsonDataFormatProvider[name = application/json]
22-Nov-2018 23:50:40.721 INFO [main] org.camunda.commons.logging.BaseLogger.logInfo SPIN-01010 Discovered Spin data format provider: org.camunda.spin.impl.xml.dom.format.DomXmlDataFormatProvider[name = application/xml]
22-Nov-2018 23:50:40.732 SEVERE [main] org.apache.catalina.startup.Catalina.start The required Server component failed to start so Tomcat is unable to start.
 org.apache.catalina.LifecycleException: Failed to start component [StandardServer[8005]]
	at org.apache.catalina.util.LifecycleBase.handleSubClassException(LifecycleBase.java:441)
	at org.apache.catalina.util.LifecycleBase.start(LifecycleBase.java:198)
	at org.apache.catalina.startup.Catalina.start(Catalina.java:682)
	at java.base/jdk.internal.reflect.NativeMethodAccessorImpl.invoke0(Native Method)
	at java.base/jdk.internal.reflect.NativeMethodAccessorImpl.invoke(NativeMethodAccessorImpl.java:62)
	at java.base/jdk.internal.reflect.DelegatingMethodAccessorImpl.invoke(DelegatingMethodAccessorImpl.java:43)
	at java.base/java.lang.reflect.Method.invoke(Method.java:566)
	at org.apache.catalina.startup.Bootstrap.start(Bootstrap.java:353)
	at org.apache.catalina.startup.Bootstrap.main(Bootstrap.java:493)
Caused by: java.lang.NoClassDefFoundError: javax/xml/bind/JAXBException
	at org.camunda.spin.impl.xml.dom.format.DomXmlDataFormat.defaultJaxBContextProvider(DomXmlDataFormat.java:165)
	at org.camunda.spin.impl.xml.dom.format.DomXmlDataFormat.<init>(DomXmlDataFormat.java:65)
	at org.camunda.spin.impl.xml.dom.format.DomXmlDataFormat.<init>(DomXmlDataFormat.java:53)
	at org.camunda.spin.impl.xml.dom.format.DomXmlDataFormatProvider.createInstance(DomXmlDataFormatProvider.java:32)
	at org.camunda.spin.DataFormats.registerProvider(DataFormats.java:152)
	at org.camunda.spin.DataFormats.registerCustomDataFormats(DataFormats.java:140)
	at org.camunda.spin.DataFormats.registerDataFormats(DataFormats.java:124)
	at org.camunda.spin.DataFormats.loadDataFormats(DataFormats.java:181)
	at org.camunda.spin.plugin.impl.SpinProcessEnginePlugin.preInit(SpinProcessEnginePlugin.java:39)
	at org.camunda.bpm.engine.impl.cfg.ProcessEngineConfigurationImpl.invokePreInit(ProcessEngineConfigurationImpl.java:943)
	at org.camunda.bpm.engine.impl.cfg.ProcessEngineConfigurationImpl.init(ProcessEngineConfigurationImpl.java:770)
	at org.camunda.bpm.engine.impl.cfg.ProcessEngineConfigurationImpl.buildProcessEngine(ProcessEngineConfigurationImpl.java:761)
	at org.camunda.bpm.container.impl.jmx.services.JmxManagedProcessEngineController.start(JmxManagedProcessEngineController.java:34)
	at org.camunda.bpm.container.impl.jmx.MBeanServiceContainer.startService(MBeanServiceContainer.java:73)
	at org.camunda.bpm.container.impl.jmx.MBeanServiceContainer.startService(MBeanServiceContainer.java:59)
	at org.camunda.bpm.container.impl.deployment.StartProcessEngineStep.performOperationStep(StartProcessEngineStep.java:112)
	at org.camunda.bpm.container.impl.spi.DeploymentOperation.execute(DeploymentOperation.java:116)
	at org.camunda.bpm.container.impl.jmx.MBeanServiceContainer.executeDeploymentOperation(MBeanServiceContainer.java:156)
	at org.camunda.bpm.container.impl.spi.DeploymentOperation$DeploymentOperationBuilder.execute(DeploymentOperation.java:212)
	at org.camunda.bpm.container.impl.tomcat.TomcatBpmPlatformBootstrap.deployBpmPlatform(TomcatBpmPlatformBootstrap.java:72)
	at org.camunda.bpm.container.impl.tomcat.TomcatBpmPlatformBootstrap.lifecycleEvent(TomcatBpmPlatformBootstrap.java:57)
	at org.apache.catalina.util.LifecycleBase.fireLifecycleEvent(LifecycleBase.java:123)
	at org.apache.catalina.util.LifecycleBase.setStateInternal(LifecycleBase.java:424)
	at org.apache.catalina.util.LifecycleBase.setState(LifecycleBase.java:367)
	at org.apache.catalina.core.StandardServer.startInternal(StandardServer.java:763)
	at org.apache.catalina.util.LifecycleBase.start(LifecycleBase.java:183)
	... 7 more
Caused by: java.lang.ClassNotFoundException: javax.xml.bind.JAXBException
	at java.base/java.net.URLClassLoader.findClass(URLClassLoader.java:471)
	at java.base/java.lang.ClassLoader.loadClass(ClassLoader.java:588)
	at java.base/java.lang.ClassLoader.loadClass(ClassLoader.java:521)
	... 33 more

22-Nov-2018 23:50:40.739 INFO [main] org.camunda.commons.logging.BaseLogger.logInfo ENGINE-08049 Camunda BPM platform stopped at 'Apache Tomcat/9.0.5'
22-Nov-2018 23:50:40.741 WARNING [main] org.apache.catalina.util.LifecycleBase.destroy Calling stop() on failed component [StandardServer[8005]] to trigger clean-up did not complete.
 org.apache.catalina.LifecycleException: An invalid Lifecycle transition was attempted ([before_stop]) for component [StandardService[Catalina]] in state [INITIALIZED]
	at org.apache.catalina.util.LifecycleBase.invalidTransition(LifecycleBase.java:431)
	at org.apache.catalina.util.LifecycleBase.stop(LifecycleBase.java:244)
	at org.apache.catalina.core.StandardServer.stopInternal(StandardServer.java:791)
	at org.apache.catalina.util.LifecycleBase.stop(LifecycleBase.java:257)
	at org.apache.catalina.util.LifecycleBase.destroy(LifecycleBase.java:293)
	at org.apache.catalina.startup.Catalina.start(Catalina.java:686)
	at java.base/jdk.internal.reflect.NativeMethodAccessorImpl.invoke0(Native Method)
	at java.base/jdk.internal.reflect.NativeMethodAccessorImpl.invoke(NativeMethodAccessorImpl.java:62)
	at java.base/jdk.internal.reflect.DelegatingMethodAccessorImpl.invoke(DelegatingMethodAccessorImpl.java:43)
	at java.base/java.lang.reflect.Method.invoke(Method.java:566)
	at org.apache.catalina.startup.Bootstrap.start(Bootstrap.java:353)
	at org.apache.catalina.startup.Bootstrap.main(Bootstrap.java:493)

22-Nov-2018 23:50:40.744 INFO [main] org.apache.coyote.AbstractProtocol.destroy Destroying ProtocolHandler ["http-nio-8080"]
22-Nov-2018 23:50:40.746 INFO [main] org.apache.coyote.AbstractProtocol.destroy Destroying ProtocolHandler ["ajp-nio-8009"]
22-Nov-2018 23:58:47.207 INFO [main] org.apache.catalina.startup.VersionLoggerListener.log Server version:        Apache Tomcat/9.0.5
22-Nov-2018 23:58:47.213 INFO [main] org.apache.catalina.startup.VersionLoggerListener.log Server built:          Feb 6 2018 21:42:23 UTC
22-Nov-2018 23:58:47.213 INFO [main] org.apache.catalina.startup.VersionLoggerListener.log Server number:         9.0.5.0
22-Nov-2018 23:58:47.214 INFO [main] org.apache.catalina.startup.VersionLoggerListener.log OS Name:               Windows 8.1
22-Nov-2018 23:58:47.214 INFO [main] org.apache.catalina.startup.VersionLoggerListener.log OS Version:            6.3
22-Nov-2018 23:58:47.214 INFO [main] org.apache.catalina.startup.VersionLoggerListener.log Architecture:          amd64
22-Nov-2018 23:58:47.215 INFO [main] org.apache.catalina.startup.VersionLoggerListener.log Java Home:             C:\Program Files\Java\jdk-11.0.1
22-Nov-2018 23:58:47.215 INFO [main] org.apache.catalina.startup.VersionLoggerListener.log JVM Version:           11.0.1+13-LTS
22-Nov-2018 23:58:47.215 INFO [main] org.apache.catalina.startup.VersionLoggerListener.log JVM Vendor:            Oracle Corporation
22-Nov-2018 23:58:47.216 INFO [main] org.apache.catalina.startup.VersionLoggerListener.log CATALINA_BASE:         C:\Users\Simo\Desktop\Camunda\server\apache-tomcat-9.0.5
22-Nov-2018 23:58:47.217 INFO [main] org.apache.catalina.startup.VersionLoggerListener.log CATALINA_HOME:         C:\Users\Simo\Desktop\Camunda\server\apache-tomcat-9.0.5
22-Nov-2018 23:58:47.218 INFO [main] org.apache.catalina.startup.VersionLoggerListener.log Command line argument: --add-opens=java.base/java.lang=ALL-UNNAMED
22-Nov-2018 23:58:47.219 INFO [main] org.apache.catalina.startup.VersionLoggerListener.log Command line argument: --add-opens=java.rmi/sun.rmi.transport=ALL-UNNAMED
22-Nov-2018 23:58:47.219 INFO [main] org.apache.catalina.startup.VersionLoggerListener.log Command line argument: -Djava.util.logging.config.file=C:\Users\Simo\Desktop\Camunda\server\apache-tomcat-9.0.5\conf\logging.properties
22-Nov-2018 23:58:47.220 INFO [main] org.apache.catalina.startup.VersionLoggerListener.log Command line argument: -Djava.util.logging.manager=org.apache.juli.ClassLoaderLogManager
22-Nov-2018 23:58:47.221 INFO [main] org.apache.catalina.startup.VersionLoggerListener.log Command line argument: -Djdk.tls.ephemeralDHKeySize=2048
22-Nov-2018 23:58:47.222 INFO [main] org.apache.catalina.startup.VersionLoggerListener.log Command line argument: -Djava.protocol.handler.pkgs=org.apache.catalina.webresources
22-Nov-2018 23:58:47.222 INFO [main] org.apache.catalina.startup.VersionLoggerListener.log Command line argument: -Xmx512m
22-Nov-2018 23:58:47.223 INFO [main] org.apache.catalina.startup.VersionLoggerListener.log Command line argument: -XX:MaxPermSize=256m
22-Nov-2018 23:58:47.224 INFO [main] org.apache.catalina.startup.VersionLoggerListener.log Command line argument: -XX:PermSize=256m
22-Nov-2018 23:58:47.224 INFO [main] org.apache.catalina.startup.VersionLoggerListener.log Command line argument: -Dignore.endorsed.dirs=
22-Nov-2018 23:58:47.225 INFO [main] org.apache.catalina.startup.VersionLoggerListener.log Command line argument: -Dcatalina.base=C:\Users\Simo\Desktop\Camunda\server\apache-tomcat-9.0.5
22-Nov-2018 23:58:47.225 INFO [main] org.apache.catalina.startup.VersionLoggerListener.log Command line argument: -Dcatalina.home=C:\Users\Simo\Desktop\Camunda\server\apache-tomcat-9.0.5
22-Nov-2018 23:58:47.226 INFO [main] org.apache.catalina.startup.VersionLoggerListener.log Command line argument: -Djava.io.tmpdir=C:\Users\Simo\Desktop\Camunda\server\apache-tomcat-9.0.5\temp
22-Nov-2018 23:58:47.227 INFO [main] org.apache.catalina.core.AprLifecycleListener.lifecycleEvent The APR based Apache Tomcat Native library which allows optimal performance in production environments was not found on the java.library.path: [C:\Program Files\Java\jdk-11.0.1\bin;C:\WINDOWS\Sun\Java\bin;C:\WINDOWS\system32;C:\WINDOWS;C:\Program Files (x86)\Common Files\Oracle\Java\javapath;C:\Program Files (x86)\Intel\iCLS Client\;C:\Program Files\Intel\iCLS Client\;C:\WINDOWS\system32;C:\WINDOWS;C:\WINDOWS\System32\Wbem;C:\WINDOWS\System32\WindowsPowerShell\v1.0\;C:\Program Files\Intel\Intel(R) Management Engine Components\DAL;C:\Program Files\Intel\Intel(R) Management Engine Components\IPT;C:\Program Files (x86)\Intel\Intel(R) Management Engine Components\DAL;C:\Program Files (x86)\Intel\Intel(R) Management Engine Components\IPT;C:\Program Files\Intel\WiFi\bin\;C:\Program Files\Common Files\Intel\WirelessCommon\;C:\Program Files (x86)\Skype\Phone\;C:\Program Files\nodejs\;C:\Users\Simo\AppData\Local\Programs\Microsoft VS Code\bin;C:\Users\Simo\AppData\Local\GitHubDesktop\bin;C:\Users\Simo\AppData\Roaming\npm;.]
22-Nov-2018 23:58:47.338 INFO [main] org.apache.coyote.AbstractProtocol.init Initializing ProtocolHandler ["http-nio-8080"]
22-Nov-2018 23:58:47.512 INFO [main] org.apache.tomcat.util.net.NioSelectorPool.getSharedSelector Using a shared selector for servlet write/read
22-Nov-2018 23:58:47.521 INFO [main] org.apache.coyote.AbstractProtocol.init Initializing ProtocolHandler ["ajp-nio-8009"]
22-Nov-2018 23:58:47.525 INFO [main] org.apache.tomcat.util.net.NioSelectorPool.getSharedSelector Using a shared selector for servlet write/read
22-Nov-2018 23:58:47.526 INFO [main] org.apache.catalina.startup.Catalina.load Initialization processed in 1135 ms
22-Nov-2018 23:58:48.045 INFO [main] org.camunda.commons.logging.BaseLogger.logInfo ENGINE-08046 Found camunda bpm platform configuration in CATALINA_BASE/CATALINA_HOME conf directory [C:\Users\Simo\Desktop\Camunda\server\apache-tomcat-9.0.5\conf\bpm-platform.xml] at 'file:/C:/Users/Simo/Desktop/Camunda/server/apache-tomcat-9.0.5/conf/bpm-platform.xml'
22-Nov-2018 23:58:48.371 INFO [main] org.camunda.commons.logging.BaseLogger.logInfo ENGINE-12003 Plugin 'ProcessApplicationEventListenerPlugin' activated on process engine 'default'
22-Nov-2018 23:58:48.380 INFO [main] org.camunda.commons.logging.BaseLogger.logInfo ENGINE-12003 Plugin 'SpinProcessEnginePlugin' activated on process engine 'default'
22-Nov-2018 23:58:48.387 INFO [main] org.camunda.commons.logging.BaseLogger.logInfo SPIN-01010 Discovered Spin data format provider: org.camunda.spin.impl.json.jackson.format.JacksonJsonDataFormatProvider[name = application/json]
22-Nov-2018 23:58:48.612 INFO [main] org.camunda.commons.logging.BaseLogger.logInfo SPIN-01010 Discovered Spin data format provider: org.camunda.spin.impl.xml.dom.format.DomXmlDataFormatProvider[name = application/xml]
22-Nov-2018 23:58:48.625 SEVERE [main] org.apache.catalina.startup.Catalina.start The required Server component failed to start so Tomcat is unable to start.
 org.apache.catalina.LifecycleException: Failed to start component [StandardServer[8005]]
	at org.apache.catalina.util.LifecycleBase.handleSubClassException(LifecycleBase.java:441)
	at org.apache.catalina.util.LifecycleBase.start(LifecycleBase.java:198)
	at org.apache.catalina.startup.Catalina.start(Catalina.java:682)
	at java.base/jdk.internal.reflect.NativeMethodAccessorImpl.invoke0(Native Method)
	at java.base/jdk.internal.reflect.NativeMethodAccessorImpl.invoke(NativeMethodAccessorImpl.java:62)
	at java.base/jdk.internal.reflect.DelegatingMethodAccessorImpl.invoke(DelegatingMethodAccessorImpl.java:43)
	at java.base/java.lang.reflect.Method.invoke(Method.java:566)
	at org.apache.catalina.startup.Bootstrap.start(Bootstrap.java:353)
	at org.apache.catalina.startup.Bootstrap.main(Bootstrap.java:493)
Caused by: java.lang.NoClassDefFoundError: javax/xml/bind/JAXBException
	at org.camunda.spin.impl.xml.dom.format.DomXmlDataFormat.defaultJaxBContextProvider(DomXmlDataFormat.java:165)
	at org.camunda.spin.impl.xml.dom.format.DomXmlDataFormat.<init>(DomXmlDataFormat.java:65)
	at org.camunda.spin.impl.xml.dom.format.DomXmlDataFormat.<init>(DomXmlDataFormat.java:53)
	at org.camunda.spin.impl.xml.dom.format.DomXmlDataFormatProvider.createInstance(DomXmlDataFormatProvider.java:32)
	at org.camunda.spin.DataFormats.registerProvider(DataFormats.java:152)
	at org.camunda.spin.DataFormats.registerCustomDataFormats(DataFormats.java:140)
	at org.camunda.spin.DataFormats.registerDataFormats(DataFormats.java:124)
	at org.camunda.spin.DataFormats.loadDataFormats(DataFormats.java:181)
	at org.camunda.spin.plugin.impl.SpinProcessEnginePlugin.preInit(SpinProcessEnginePlugin.java:39)
	at org.camunda.bpm.engine.impl.cfg.ProcessEngineConfigurationImpl.invokePreInit(ProcessEngineConfigurationImpl.java:943)
	at org.camunda.bpm.engine.impl.cfg.ProcessEngineConfigurationImpl.init(ProcessEngineConfigurationImpl.java:770)
	at org.camunda.bpm.engine.impl.cfg.ProcessEngineConfigurationImpl.buildProcessEngine(ProcessEngineConfigurationImpl.java:761)
	at org.camunda.bpm.container.impl.jmx.services.JmxManagedProcessEngineController.start(JmxManagedProcessEngineController.java:34)
	at org.camunda.bpm.container.impl.jmx.MBeanServiceContainer.startService(MBeanServiceContainer.java:73)
	at org.camunda.bpm.container.impl.jmx.MBeanServiceContainer.startService(MBeanServiceContainer.java:59)
	at org.camunda.bpm.container.impl.deployment.StartProcessEngineStep.performOperationStep(StartProcessEngineStep.java:112)
	at org.camunda.bpm.container.impl.spi.DeploymentOperation.execute(DeploymentOperation.java:116)
	at org.camunda.bpm.container.impl.jmx.MBeanServiceContainer.executeDeploymentOperation(MBeanServiceContainer.java:156)
	at org.camunda.bpm.container.impl.spi.DeploymentOperation$DeploymentOperationBuilder.execute(DeploymentOperation.java:212)
	at org.camunda.bpm.container.impl.tomcat.TomcatBpmPlatformBootstrap.deployBpmPlatform(TomcatBpmPlatformBootstrap.java:72)
	at org.camunda.bpm.container.impl.tomcat.TomcatBpmPlatformBootstrap.lifecycleEvent(TomcatBpmPlatformBootstrap.java:57)
	at org.apache.catalina.util.LifecycleBase.fireLifecycleEvent(LifecycleBase.java:123)
	at org.apache.catalina.util.LifecycleBase.setStateInternal(LifecycleBase.java:424)
	at org.apache.catalina.util.LifecycleBase.setState(LifecycleBase.java:367)
	at org.apache.catalina.core.StandardServer.startInternal(StandardServer.java:763)
	at org.apache.catalina.util.LifecycleBase.start(LifecycleBase.java:183)
	... 7 more
Caused by: java.lang.ClassNotFoundException: javax.xml.bind.JAXBException
	at java.base/java.net.URLClassLoader.findClass(URLClassLoader.java:471)
	at java.base/java.lang.ClassLoader.loadClass(ClassLoader.java:588)
	at java.base/java.lang.ClassLoader.loadClass(ClassLoader.java:521)
	... 33 more

22-Nov-2018 23:58:48.633 INFO [main] org.camunda.commons.logging.BaseLogger.logInfo ENGINE-08049 Camunda BPM platform stopped at 'Apache Tomcat/9.0.5'
22-Nov-2018 23:58:48.635 WARNING [main] org.apache.catalina.util.LifecycleBase.destroy Calling stop() on failed component [StandardServer[8005]] to trigger clean-up did not complete.
 org.apache.catalina.LifecycleException: An invalid Lifecycle transition was attempted ([before_stop]) for component [StandardService[Catalina]] in state [INITIALIZED]
	at org.apache.catalina.util.LifecycleBase.invalidTransition(LifecycleBase.java:431)
	at org.apache.catalina.util.LifecycleBase.stop(LifecycleBase.java:244)
	at org.apache.catalina.core.StandardServer.stopInternal(StandardServer.java:791)
	at org.apache.catalina.util.LifecycleBase.stop(LifecycleBase.java:257)
	at org.apache.catalina.util.LifecycleBase.destroy(LifecycleBase.java:293)
	at org.apache.catalina.startup.Catalina.start(Catalina.java:686)
	at java.base/jdk.internal.reflect.NativeMethodAccessorImpl.invoke0(Native Method)
	at java.base/jdk.internal.reflect.NativeMethodAccessorImpl.invoke(NativeMethodAccessorImpl.java:62)
	at java.base/jdk.internal.reflect.DelegatingMethodAccessorImpl.invoke(DelegatingMethodAccessorImpl.java:43)
	at java.base/java.lang.reflect.Method.invoke(Method.java:566)
	at org.apache.catalina.startup.Bootstrap.start(Bootstrap.java:353)
	at org.apache.catalina.startup.Bootstrap.main(Bootstrap.java:493)

22-Nov-2018 23:58:48.637 INFO [main] org.apache.coyote.AbstractProtocol.destroy Destroying ProtocolHandler ["http-nio-8080"]
22-Nov-2018 23:58:48.639 INFO [main] org.apache.coyote.AbstractProtocol.destroy Destroying ProtocolHandler ["ajp-nio-8009"]
