30-Nov-2018 13:39:38.677 INFORMATION [main] org.apache.catalina.startup.VersionLoggerListener.log Server version:        Apache Tomcat/9.0.5
30-Nov-2018 13:39:38.684 INFORMATION [main] org.apache.catalina.startup.VersionLoggerListener.log Server built:          Feb 6 2018 21:42:23 UTC
30-Nov-2018 13:39:38.685 INFORMATION [main] org.apache.catalina.startup.VersionLoggerListener.log Server number:         9.0.5.0
30-Nov-2018 13:39:38.685 INFORMATION [main] org.apache.catalina.startup.VersionLoggerListener.log OS Name:               Windows 8.1
30-Nov-2018 13:39:38.685 INFORMATION [main] org.apache.catalina.startup.VersionLoggerListener.log OS Version:            6.3
30-Nov-2018 13:39:38.685 INFORMATION [main] org.apache.catalina.startup.VersionLoggerListener.log Architecture:          amd64
30-Nov-2018 13:39:38.686 INFORMATION [main] org.apache.catalina.startup.VersionLoggerListener.log Java Home:             C:\Program Files\Java\jre1.8.0_191
30-Nov-2018 13:39:38.686 INFORMATION [main] org.apache.catalina.startup.VersionLoggerListener.log JVM Version:           1.8.0_191-b12
30-Nov-2018 13:39:38.686 INFORMATION [main] org.apache.catalina.startup.VersionLoggerListener.log JVM Vendor:            Oracle Corporation
30-Nov-2018 13:39:38.686 INFORMATION [main] org.apache.catalina.startup.VersionLoggerListener.log CATALINA_BASE:         C:\Users\Simo\Desktop\Camunda\server\apache-tomcat-9.0.5
30-Nov-2018 13:39:38.687 INFORMATION [main] org.apache.catalina.startup.VersionLoggerListener.log CATALINA_HOME:         C:\Users\Simo\Desktop\Camunda\server\apache-tomcat-9.0.5
30-Nov-2018 13:39:38.692 INFORMATION [main] org.apache.catalina.startup.VersionLoggerListener.log Command line argument: -Djava.util.logging.config.file=C:\Users\Simo\Desktop\Camunda\server\apache-tomcat-9.0.5\conf\logging.properties
30-Nov-2018 13:39:38.692 INFORMATION [main] org.apache.catalina.startup.VersionLoggerListener.log Command line argument: -Djava.util.logging.manager=org.apache.juli.ClassLoaderLogManager
30-Nov-2018 13:39:38.693 INFORMATION [main] org.apache.catalina.startup.VersionLoggerListener.log Command line argument: -Djdk.tls.ephemeralDHKeySize=2048
30-Nov-2018 13:39:38.694 INFORMATION [main] org.apache.catalina.startup.VersionLoggerListener.log Command line argument: -Djava.protocol.handler.pkgs=org.apache.catalina.webresources
30-Nov-2018 13:39:38.694 INFORMATION [main] org.apache.catalina.startup.VersionLoggerListener.log Command line argument: -Xmx512m
30-Nov-2018 13:39:38.695 INFORMATION [main] org.apache.catalina.startup.VersionLoggerListener.log Command line argument: -XX:MaxPermSize=256m
30-Nov-2018 13:39:38.695 INFORMATION [main] org.apache.catalina.startup.VersionLoggerListener.log Command line argument: -XX:PermSize=256m
30-Nov-2018 13:39:38.696 INFORMATION [main] org.apache.catalina.startup.VersionLoggerListener.log Command line argument: -Dignore.endorsed.dirs=
30-Nov-2018 13:39:38.696 INFORMATION [main] org.apache.catalina.startup.VersionLoggerListener.log Command line argument: -Dcatalina.base=C:\Users\Simo\Desktop\Camunda\server\apache-tomcat-9.0.5
30-Nov-2018 13:39:38.697 INFORMATION [main] org.apache.catalina.startup.VersionLoggerListener.log Command line argument: -Dcatalina.home=C:\Users\Simo\Desktop\Camunda\server\apache-tomcat-9.0.5
30-Nov-2018 13:39:38.697 INFORMATION [main] org.apache.catalina.startup.VersionLoggerListener.log Command line argument: -Djava.io.tmpdir=C:\Users\Simo\Desktop\Camunda\server\apache-tomcat-9.0.5\temp
30-Nov-2018 13:39:38.698 INFORMATION [main] org.apache.catalina.core.AprLifecycleListener.lifecycleEvent The APR based Apache Tomcat Native library which allows optimal performance in production environments was not found on the java.library.path: [C:\Program Files\Java\jre1.8.0_191\bin;C:\WINDOWS\Sun\Java\bin;C:\WINDOWS\system32;C:\WINDOWS;C:\Program Files (x86)\Common Files\Oracle\Java\javapath;C:\Program Files (x86)\Intel\iCLS Client\;C:\Program Files\Intel\iCLS Client\;C:\WINDOWS\system32;C:\WINDOWS;C:\WINDOWS\System32\Wbem;C:\WINDOWS\System32\WindowsPowerShell\v1.0\;C:\Program Files\Intel\Intel(R) Management Engine Components\DAL;C:\Program Files\Intel\Intel(R) Management Engine Components\IPT;C:\Program Files (x86)\Intel\Intel(R) Management Engine Components\DAL;C:\Program Files (x86)\Intel\Intel(R) Management Engine Components\IPT;C:\Program Files\Intel\WiFi\bin\;C:\Program Files\Common Files\Intel\WirelessCommon\;C:\Program Files\nodejs\;C:\Users\Simo\AppData\Local\Programs\Microsoft VS Code\bin;C:\Users\Simo\AppData\Local\GitHubDesktop\bin;C:\Users\Simo\AppData\Roaming\npm;.]
30-Nov-2018 13:39:39.295 INFORMATION [main] org.apache.coyote.AbstractProtocol.init Initializing ProtocolHandler ["http-nio-8080"]
30-Nov-2018 13:39:39.537 INFORMATION [main] org.apache.tomcat.util.net.NioSelectorPool.getSharedSelector Using a shared selector for servlet write/read
30-Nov-2018 13:39:39.549 INFORMATION [main] org.apache.coyote.AbstractProtocol.init Initializing ProtocolHandler ["ajp-nio-8009"]
30-Nov-2018 13:39:39.552 INFORMATION [main] org.apache.tomcat.util.net.NioSelectorPool.getSharedSelector Using a shared selector for servlet write/read
30-Nov-2018 13:39:39.553 INFORMATION [main] org.apache.catalina.startup.Catalina.load Initialization processed in 1860 ms
30-Nov-2018 13:39:40.286 INFORMATION [main] org.camunda.commons.logging.BaseLogger.logInfo ENGINE-08046 Found camunda bpm platform configuration in CATALINA_BASE/CATALINA_HOME conf directory [C:\Users\Simo\Desktop\Camunda\server\apache-tomcat-9.0.5\conf\bpm-platform.xml] at 'file:/C:/Users/Simo/Desktop/Camunda/server/apache-tomcat-9.0.5/conf/bpm-platform.xml'
30-Nov-2018 13:39:40.787 INFORMATION [main] org.camunda.commons.logging.BaseLogger.logInfo ENGINE-12003 Plugin 'ProcessApplicationEventListenerPlugin' activated on process engine 'default'
30-Nov-2018 13:39:40.806 INFORMATION [main] org.camunda.commons.logging.BaseLogger.logInfo ENGINE-12003 Plugin 'SpinProcessEnginePlugin' activated on process engine 'default'
30-Nov-2018 13:39:40.814 INFORMATION [main] org.camunda.commons.logging.BaseLogger.logInfo SPIN-01010 Discovered Spin data format provider: org.camunda.spin.impl.json.jackson.format.JacksonJsonDataFormatProvider[name = application/json]
30-Nov-2018 13:39:41.535 INFORMATION [main] org.camunda.commons.logging.BaseLogger.logInfo SPIN-01010 Discovered Spin data format provider: org.camunda.spin.impl.xml.dom.format.DomXmlDataFormatProvider[name = application/xml]
30-Nov-2018 13:39:41.564 INFORMATION [main] org.camunda.commons.logging.BaseLogger.logInfo SPIN-01009 Discovered Spin data format: org.camunda.spin.impl.xml.dom.format.DomXmlDataFormat[name = application/xml]
30-Nov-2018 13:39:41.565 INFORMATION [main] org.camunda.commons.logging.BaseLogger.logInfo SPIN-01009 Discovered Spin data format: org.camunda.spin.impl.json.jackson.format.JacksonJsonDataFormat[name = application/json]
30-Nov-2018 13:39:41.566 INFORMATION [main] org.camunda.commons.logging.BaseLogger.logInfo ENGINE-12003 Plugin 'ConnectProcessEnginePlugin' activated on process engine 'default'
30-Nov-2018 13:39:42.353 INFORMATION [main] org.camunda.commons.logging.BaseLogger.logInfo CNCT-01004 Discovered provider for connector id 'http-connector' and class 'org.camunda.connect.httpclient.impl.HttpConnectorImpl': 'org.camunda.connect.httpclient.impl.HttpConnectorProviderImpl'
30-Nov-2018 13:39:42.358 INFORMATION [main] org.camunda.commons.logging.BaseLogger.logInfo CNCT-01004 Discovered provider for connector id 'soap-http-connector' and class 'org.camunda.connect.httpclient.soap.impl.SoapHttpConnectorImpl': 'org.camunda.connect.httpclient.soap.impl.SoapHttpConnectorProviderImpl'
30-Nov-2018 13:39:54.383 INFORMATION [main] org.camunda.commons.logging.BaseLogger.logInfo ENGINE-00001 Process Engine default created.
30-Nov-2018 13:39:55.885 INFORMATION [main] org.camunda.commons.logging.BaseLogger.logInfo ENGINE-14014 Starting up the JobExecutor[org.camunda.bpm.engine.impl.jobexecutor.RuntimeContainerJobExecutor].
30-Nov-2018 13:39:55.898 INFORMATION [Thread-6] org.camunda.commons.logging.BaseLogger.logInfo ENGINE-14018 JobExecutor[org.camunda.bpm.engine.impl.jobexecutor.RuntimeContainerJobExecutor] starting to acquire jobs
30-Nov-2018 13:39:55.917 INFORMATION [main] org.camunda.commons.logging.BaseLogger.logInfo ENGINE-08048 Camunda BPM platform sucessfully started at 'Apache Tomcat/9.0.5'.
30-Nov-2018 13:39:55.938 INFORMATION [main] org.apache.catalina.core.StandardService.startInternal Starting service [Catalina]
30-Nov-2018 13:39:55.939 INFORMATION [main] org.apache.catalina.core.StandardEngine.startInternal Starting Servlet Engine: Apache Tomcat/9.0.5
30-Nov-2018 13:39:56.017 INFORMATION [main] org.apache.catalina.startup.HostConfig.deployWAR Deploying web application archive [C:\Users\Simo\Desktop\Camunda\server\apache-tomcat-9.0.5\webapps\praxissemester.war]
30-Nov-2018 13:40:06.975 INFORMATION [main] org.camunda.commons.logging.BaseLogger.logInfo ENGINE-07015 Detected @ProcessApplication class 'de.fhaachen.praxissemester.CamundaBpmProcessApplication'
30-Nov-2018 13:40:07.034 INFORMATION [main] org.apache.jasper.servlet.TldScanner.scanJars At least one JAR was scanned for TLDs yet contained no TLDs. Enable debug logging for this logger for a complete list of JARs that were scanned but no TLDs were found in them. Skipping unneeded JARs during scanning can improve startup time and JSP compilation time.
30-Nov-2018 13:40:07.080 INFORMATION [main] org.camunda.commons.logging.BaseLogger.logInfo ENGINE-08024 Found processes.xml file at file:/C:/Users/Simo/Desktop/Camunda/server/apache-tomcat-9.0.5/webapps/praxissemester/WEB-INF/classes/META-INF/processes.xml
30-Nov-2018 13:40:07.101 INFORMATION [main] org.camunda.commons.logging.BaseLogger.logInfo ENGINE-08023 Deployment summary for process archive 'praxissemester': 

        praxissemester.bpmn

30-Nov-2018 13:40:07.887 INFORMATION [main] org.camunda.commons.logging.BaseLogger.logInfo ENGINE-07021 ProcessApplication 'praxissemester' registered for DB deployments [f4a6b9aa-f3fe-11e8-bd44-0c8bfdb1d186]. Will execute process definitions 

        Praxissemester[version: 1, id: Praxissemester:1:f4abc2bc-f3fe-11e8-bd44-0c8bfdb1d186]
Deployment does not provide any case definitions.
30-Nov-2018 13:40:07.905 INFORMATION [main] org.camunda.commons.logging.BaseLogger.logInfo SPIN-01010 Discovered Spin data format provider: org.camunda.spin.impl.json.jackson.format.JacksonJsonDataFormatProvider[name = application/json]
30-Nov-2018 13:40:07.911 INFORMATION [main] org.camunda.commons.logging.BaseLogger.logInfo SPIN-01010 Discovered Spin data format provider: org.camunda.spin.impl.xml.dom.format.DomXmlDataFormatProvider[name = application/xml]
30-Nov-2018 13:40:07.914 INFORMATION [main] org.camunda.commons.logging.BaseLogger.logInfo SPIN-01009 Discovered Spin data format: org.camunda.spin.impl.xml.dom.format.DomXmlDataFormat[name = application/xml]
30-Nov-2018 13:40:07.915 INFORMATION [main] org.camunda.commons.logging.BaseLogger.logInfo SPIN-01009 Discovered Spin data format: org.camunda.spin.impl.json.jackson.format.JacksonJsonDataFormat[name = application/json]
30-Nov-2018 13:40:07.917 INFORMATION [main] org.camunda.commons.logging.BaseLogger.logInfo ENGINE-08050 Process application praxissemester successfully deployed
30-Nov-2018 13:40:07.939 INFORMATION [main] org.apache.catalina.startup.HostConfig.deployWAR Deployment of web application archive [C:\Users\Simo\Desktop\Camunda\server\apache-tomcat-9.0.5\webapps\praxissemester.war] has finished in [11,921] ms
30-Nov-2018 13:40:07.947 INFORMATION [main] org.apache.catalina.startup.HostConfig.deployWAR Deploying web application archive [C:\Users\Simo\Desktop\Camunda\server\apache-tomcat-9.0.5\webapps\pruefunganmelden.war]
30-Nov-2018 13:40:14.172 INFORMATION [main] org.camunda.commons.logging.BaseLogger.logInfo ENGINE-07015 Detected @ProcessApplication class 'de.fhaachen.ip.pruefunganmelden.CamundaBpmProcessApplication'
30-Nov-2018 13:40:14.259 INFORMATION [main] org.apache.jasper.servlet.TldScanner.scanJars At least one JAR was scanned for TLDs yet contained no TLDs. Enable debug logging for this logger for a complete list of JARs that were scanned but no TLDs were found in them. Skipping unneeded JARs during scanning can improve startup time and JSP compilation time.
30-Nov-2018 13:40:14.266 INFORMATION [main] org.camunda.commons.logging.BaseLogger.logInfo ENGINE-08024 Found processes.xml file at file:/C:/Users/Simo/Desktop/Camunda/server/apache-tomcat-9.0.5/webapps/pruefunganmelden/WEB-INF/classes/META-INF/processes.xml
30-Nov-2018 13:40:14.309 INFORMATION [main] org.camunda.commons.logging.BaseLogger.logInfo ENGINE-08023 Deployment summary for process archive 'pruefunganmelden': 

        process.bpmn
        pruefunganmelden.dmn

30-Nov-2018 13:40:14.509 INFORMATION [main] org.camunda.commons.logging.BaseLogger.logInfo ENGINE-07021 ProcessApplication 'pruefunganmelden' registered for DB deployments [b5fdf466-f04c-11e8-9890-0c8bfdb1d186]. Will execute process definitions 

        Pruefunganmelden[version: 1, id: Pruefunganmelden:1:b608f0e9-f04c-11e8-9890-0c8bfdb1d186]
Deployment does not provide any case definitions.
30-Nov-2018 13:40:14.524 INFORMATION [main] org.camunda.commons.logging.BaseLogger.logInfo SPIN-01010 Discovered Spin data format provider: org.camunda.spin.impl.json.jackson.format.JacksonJsonDataFormatProvider[name = application/json]
30-Nov-2018 13:40:14.533 INFORMATION [main] org.camunda.commons.logging.BaseLogger.logInfo SPIN-01010 Discovered Spin data format provider: org.camunda.spin.impl.xml.dom.format.DomXmlDataFormatProvider[name = application/xml]
30-Nov-2018 13:40:14.553 INFORMATION [main] org.camunda.commons.logging.BaseLogger.logInfo SPIN-01009 Discovered Spin data format: org.camunda.spin.impl.xml.dom.format.DomXmlDataFormat[name = application/xml]
30-Nov-2018 13:40:14.555 INFORMATION [main] org.camunda.commons.logging.BaseLogger.logInfo SPIN-01009 Discovered Spin data format: org.camunda.spin.impl.json.jackson.format.JacksonJsonDataFormat[name = application/json]
30-Nov-2018 13:40:14.558 INFORMATION [main] org.camunda.commons.logging.BaseLogger.logInfo ENGINE-08050 Process application pruefunganmelden successfully deployed
30-Nov-2018 13:40:14.581 INFORMATION [main] org.apache.catalina.startup.HostConfig.deployWAR Deployment of web application archive [C:\Users\Simo\Desktop\Camunda\server\apache-tomcat-9.0.5\webapps\pruefunganmelden.war] has finished in [6,634] ms
30-Nov-2018 13:40:14.588 INFORMATION [main] org.apache.catalina.startup.HostConfig.deployDirectory Deploying web application directory [C:\Users\Simo\Desktop\Camunda\server\apache-tomcat-9.0.5\webapps\camunda]
30-Nov-2018 13:40:19.013 INFORMATION [main] org.apache.jasper.servlet.TldScanner.scanJars At least one JAR was scanned for TLDs yet contained no TLDs. Enable debug logging for this logger for a complete list of JARs that were scanned but no TLDs were found in them. Skipping unneeded JARs during scanning can improve startup time and JSP compilation time.
30-Nov-2018 13:40:19.615 INFORMATION [main] org.apache.catalina.startup.HostConfig.deployDirectory Deployment of web application directory [C:\Users\Simo\Desktop\Camunda\server\apache-tomcat-9.0.5\webapps\camunda] has finished in [5,027] ms
30-Nov-2018 13:40:19.616 INFORMATION [main] org.apache.catalina.startup.HostConfig.deployDirectory Deploying web application directory [C:\Users\Simo\Desktop\Camunda\server\apache-tomcat-9.0.5\webapps\camunda-invoice]
30-Nov-2018 13:40:22.528 INFORMATION [main] org.camunda.commons.logging.BaseLogger.logInfo ENGINE-07015 Detected @ProcessApplication class 'org.camunda.bpm.example.invoice.InvoiceProcessApplication'
30-Nov-2018 13:40:22.578 INFORMATION [main] org.apache.jasper.servlet.TldScanner.scanJars At least one JAR was scanned for TLDs yet contained no TLDs. Enable debug logging for this logger for a complete list of JARs that were scanned but no TLDs were found in them. Skipping unneeded JARs during scanning can improve startup time and JSP compilation time.
30-Nov-2018 13:40:22.582 INFORMATION [main] org.camunda.commons.logging.BaseLogger.logInfo ENGINE-08024 Found processes.xml file at file:/C:/Users/Simo/Desktop/Camunda/server/apache-tomcat-9.0.5/webapps/camunda-invoice/WEB-INF/classes/META-INF/processes.xml
30-Nov-2018 13:40:22.610 INFORMATION [main] org.camunda.commons.logging.BaseLogger.logInfo ENGINE-08023 Deployment summary for process archive 'camunda-invoice': 

        invoiceBusinessDecisions.dmn
        invoice.v2.bpmn
        review-invoice.cmmn

30-Nov-2018 13:40:22.913 INFORMATION [main] org.camunda.commons.logging.BaseLogger.logInfo ENGINE-07021 ProcessApplication 'camunda-invoice' registered for DB deployments [8eac2866-d884-11e8-8256-0c8bfdb1d187, 8f019b70-d884-11e8-8256-0c8bfdb1d187]. Will execute process definitions 

        invoice[version: 1, id: invoice:1:8ebf624a-d884-11e8-8256-0c8bfdb1d187]
        invoice[version: 2, id: invoice:2:8f093c94-d884-11e8-8256-0c8bfdb1d187]

Will execute case definitions 

        ReviewInvoiceCase[version: 1, id: ReviewInvoiceCase:1:8ee316ec-d884-11e8-8256-0c8bfdb1d187]
        ReviewInvoiceCase[version: 2, id: ReviewInvoiceCase:2:8f0ebad6-d884-11e8-8256-0c8bfdb1d187]

30-Nov-2018 13:40:22.917 INFORMATION [main] org.camunda.commons.logging.BaseLogger.logInfo SPIN-01010 Discovered Spin data format provider: org.camunda.spin.impl.json.jackson.format.JacksonJsonDataFormatProvider[name = application/json]
30-Nov-2018 13:40:22.922 INFORMATION [main] org.camunda.commons.logging.BaseLogger.logInfo SPIN-01010 Discovered Spin data format provider: org.camunda.spin.impl.xml.dom.format.DomXmlDataFormatProvider[name = application/xml]
30-Nov-2018 13:40:22.928 INFORMATION [main] org.camunda.commons.logging.BaseLogger.logInfo SPIN-01009 Discovered Spin data format: org.camunda.spin.impl.xml.dom.format.DomXmlDataFormat[name = application/xml]
30-Nov-2018 13:40:22.932 INFORMATION [main] org.camunda.commons.logging.BaseLogger.logInfo SPIN-01009 Discovered Spin data format: org.camunda.spin.impl.json.jackson.format.JacksonJsonDataFormat[name = application/json]
30-Nov-2018 13:40:23.058 INFORMATION [main] org.camunda.bpm.example.invoice.InvoiceProcessApplication.startProcessInstances No new instances of Invoice Receipt version 1 started, there are 3 instances running
30-Nov-2018 13:40:23.109 INFORMATION [main] org.camunda.bpm.example.invoice.InvoiceProcessApplication.startProcessInstances No new instances of Invoice Receipt version 2 started, there are 3 instances running
30-Nov-2018 13:40:23.110 INFORMATION [main] org.camunda.commons.logging.BaseLogger.logInfo ENGINE-08050 Process application camunda-invoice successfully deployed
30-Nov-2018 13:40:23.115 INFORMATION [main] org.apache.catalina.startup.HostConfig.deployDirectory Deployment of web application directory [C:\Users\Simo\Desktop\Camunda\server\apache-tomcat-9.0.5\webapps\camunda-invoice] has finished in [3,499] ms
30-Nov-2018 13:40:23.116 INFORMATION [main] org.apache.catalina.startup.HostConfig.deployDirectory Deploying web application directory [C:\Users\Simo\Desktop\Camunda\server\apache-tomcat-9.0.5\webapps\camunda-welcome]
30-Nov-2018 13:40:25.849 INFORMATION [main] org.apache.jasper.servlet.TldScanner.scanJars At least one JAR was scanned for TLDs yet contained no TLDs. Enable debug logging for this logger for a complete list of JARs that were scanned but no TLDs were found in them. Skipping unneeded JARs during scanning can improve startup time and JSP compilation time.
30-Nov-2018 13:40:25.854 INFORMATION [main] org.apache.catalina.startup.HostConfig.deployDirectory Deployment of web application directory [C:\Users\Simo\Desktop\Camunda\server\apache-tomcat-9.0.5\webapps\camunda-welcome] has finished in [2,738] ms
30-Nov-2018 13:40:25.857 INFORMATION [main] org.apache.catalina.startup.HostConfig.deployDirectory Deploying web application directory [C:\Users\Simo\Desktop\Camunda\server\apache-tomcat-9.0.5\webapps\docs]
30-Nov-2018 13:40:28.485 INFORMATION [main] org.apache.jasper.servlet.TldScanner.scanJars At least one JAR was scanned for TLDs yet contained no TLDs. Enable debug logging for this logger for a complete list of JARs that were scanned but no TLDs were found in them. Skipping unneeded JARs during scanning can improve startup time and JSP compilation time.
30-Nov-2018 13:40:28.489 INFORMATION [main] org.apache.catalina.startup.HostConfig.deployDirectory Deployment of web application directory [C:\Users\Simo\Desktop\Camunda\server\apache-tomcat-9.0.5\webapps\docs] has finished in [2,632] ms
30-Nov-2018 13:40:28.489 INFORMATION [main] org.apache.catalina.startup.HostConfig.deployDirectory Deploying web application directory [C:\Users\Simo\Desktop\Camunda\server\apache-tomcat-9.0.5\webapps\engine-rest]
30-Nov-2018 13:40:32.059 INFORMATION [main] org.apache.jasper.servlet.TldScanner.scanJars At least one JAR was scanned for TLDs yet contained no TLDs. Enable debug logging for this logger for a complete list of JARs that were scanned but no TLDs were found in them. Skipping unneeded JARs during scanning can improve startup time and JSP compilation time.
30-Nov-2018 13:40:32.385 INFORMATION [main] org.apache.catalina.startup.HostConfig.deployDirectory Deployment of web application directory [C:\Users\Simo\Desktop\Camunda\server\apache-tomcat-9.0.5\webapps\engine-rest] has finished in [3,896] ms
30-Nov-2018 13:40:32.386 INFORMATION [main] org.apache.catalina.startup.HostConfig.deployDirectory Deploying web application directory [C:\Users\Simo\Desktop\Camunda\server\apache-tomcat-9.0.5\webapps\examples]
30-Nov-2018 13:40:36.230 INFORMATION [main] org.apache.jasper.servlet.TldScanner.scanJars At least one JAR was scanned for TLDs yet contained no TLDs. Enable debug logging for this logger for a complete list of JARs that were scanned but no TLDs were found in them. Skipping unneeded JARs during scanning can improve startup time and JSP compilation time.
30-Nov-2018 13:40:36.342 INFORMATION [main] org.apache.catalina.startup.HostConfig.deployDirectory Deployment of web application directory [C:\Users\Simo\Desktop\Camunda\server\apache-tomcat-9.0.5\webapps\examples] has finished in [3,955] ms
30-Nov-2018 13:40:36.342 INFORMATION [main] org.apache.catalina.startup.HostConfig.deployDirectory Deploying web application directory [C:\Users\Simo\Desktop\Camunda\server\apache-tomcat-9.0.5\webapps\h2]
30-Nov-2018 13:40:39.964 INFORMATION [main] org.apache.jasper.servlet.TldScanner.scanJars At least one JAR was scanned for TLDs yet contained no TLDs. Enable debug logging for this logger for a complete list of JARs that were scanned but no TLDs were found in them. Skipping unneeded JARs during scanning can improve startup time and JSP compilation time.
30-Nov-2018 13:40:39.975 INFORMATION [main] org.apache.catalina.startup.HostConfig.deployDirectory Deployment of web application directory [C:\Users\Simo\Desktop\Camunda\server\apache-tomcat-9.0.5\webapps\h2] has finished in [3,633] ms
30-Nov-2018 13:40:39.976 INFORMATION [main] org.apache.catalina.startup.HostConfig.deployDirectory Deploying web application directory [C:\Users\Simo\Desktop\Camunda\server\apache-tomcat-9.0.5\webapps\host-manager]
30-Nov-2018 13:40:43.916 INFORMATION [main] org.apache.jasper.servlet.TldScanner.scanJars At least one JAR was scanned for TLDs yet contained no TLDs. Enable debug logging for this logger for a complete list of JARs that were scanned but no TLDs were found in them. Skipping unneeded JARs during scanning can improve startup time and JSP compilation time.
30-Nov-2018 13:40:43.932 INFORMATION [main] org.apache.catalina.startup.HostConfig.deployDirectory Deployment of web application directory [C:\Users\Simo\Desktop\Camunda\server\apache-tomcat-9.0.5\webapps\host-manager] has finished in [3,955] ms
30-Nov-2018 13:40:43.933 INFORMATION [main] org.apache.catalina.startup.HostConfig.deployDirectory Deploying web application directory [C:\Users\Simo\Desktop\Camunda\server\apache-tomcat-9.0.5\webapps\manager]
30-Nov-2018 13:40:48.709 INFORMATION [main] org.apache.jasper.servlet.TldScanner.scanJars At least one JAR was scanned for TLDs yet contained no TLDs. Enable debug logging for this logger for a complete list of JARs that were scanned but no TLDs were found in them. Skipping unneeded JARs during scanning can improve startup time and JSP compilation time.
30-Nov-2018 13:40:48.717 INFORMATION [main] org.apache.catalina.startup.HostConfig.deployDirectory Deployment of web application directory [C:\Users\Simo\Desktop\Camunda\server\apache-tomcat-9.0.5\webapps\manager] has finished in [4,784] ms
30-Nov-2018 13:40:48.718 INFORMATION [main] org.apache.catalina.startup.HostConfig.deployDirectory Deploying web application directory [C:\Users\Simo\Desktop\Camunda\server\apache-tomcat-9.0.5\webapps\ROOT]
30-Nov-2018 13:40:51.772 INFORMATION [main] org.apache.jasper.servlet.TldScanner.scanJars At least one JAR was scanned for TLDs yet contained no TLDs. Enable debug logging for this logger for a complete list of JARs that were scanned but no TLDs were found in them. Skipping unneeded JARs during scanning can improve startup time and JSP compilation time.
30-Nov-2018 13:40:51.775 INFORMATION [main] org.apache.catalina.startup.HostConfig.deployDirectory Deployment of web application directory [C:\Users\Simo\Desktop\Camunda\server\apache-tomcat-9.0.5\webapps\ROOT] has finished in [3,057] ms
30-Nov-2018 13:40:51.778 INFORMATION [main] org.apache.coyote.AbstractProtocol.start Starting ProtocolHandler ["http-nio-8080"]
30-Nov-2018 13:40:51.793 INFORMATION [main] org.apache.coyote.AbstractProtocol.start Starting ProtocolHandler ["ajp-nio-8009"]
30-Nov-2018 13:40:51.801 INFORMATION [main] org.apache.catalina.startup.Catalina.start Server startup in 72247 ms
30-Nov-2018 14:24:49.009 INFORMATION [main] org.apache.catalina.startup.VersionLoggerListener.log Server version:        Apache Tomcat/9.0.5
30-Nov-2018 14:24:49.014 INFORMATION [main] org.apache.catalina.startup.VersionLoggerListener.log Server built:          Feb 6 2018 21:42:23 UTC
30-Nov-2018 14:24:49.014 INFORMATION [main] org.apache.catalina.startup.VersionLoggerListener.log Server number:         9.0.5.0
30-Nov-2018 14:24:49.014 INFORMATION [main] org.apache.catalina.startup.VersionLoggerListener.log OS Name:               Windows 8.1
30-Nov-2018 14:24:49.014 INFORMATION [main] org.apache.catalina.startup.VersionLoggerListener.log OS Version:            6.3
30-Nov-2018 14:24:49.015 INFORMATION [main] org.apache.catalina.startup.VersionLoggerListener.log Architecture:          amd64
30-Nov-2018 14:24:49.015 INFORMATION [main] org.apache.catalina.startup.VersionLoggerListener.log Java Home:             C:\Program Files\Java\jre1.8.0_191
30-Nov-2018 14:24:49.015 INFORMATION [main] org.apache.catalina.startup.VersionLoggerListener.log JVM Version:           1.8.0_191-b12
30-Nov-2018 14:24:49.015 INFORMATION [main] org.apache.catalina.startup.VersionLoggerListener.log JVM Vendor:            Oracle Corporation
30-Nov-2018 14:24:49.016 INFORMATION [main] org.apache.catalina.startup.VersionLoggerListener.log CATALINA_BASE:         C:\Users\Simo\Desktop\Camunda\server\apache-tomcat-9.0.5
30-Nov-2018 14:24:49.016 INFORMATION [main] org.apache.catalina.startup.VersionLoggerListener.log CATALINA_HOME:         C:\Users\Simo\Desktop\Camunda\server\apache-tomcat-9.0.5
30-Nov-2018 14:24:49.017 INFORMATION [main] org.apache.catalina.startup.VersionLoggerListener.log Command line argument: -Djava.util.logging.config.file=C:\Users\Simo\Desktop\Camunda\server\apache-tomcat-9.0.5\conf\logging.properties
30-Nov-2018 14:24:49.018 INFORMATION [main] org.apache.catalina.startup.VersionLoggerListener.log Command line argument: -Djava.util.logging.manager=org.apache.juli.ClassLoaderLogManager
30-Nov-2018 14:24:49.019 INFORMATION [main] org.apache.catalina.startup.VersionLoggerListener.log Command line argument: -Djdk.tls.ephemeralDHKeySize=2048
30-Nov-2018 14:24:49.019 INFORMATION [main] org.apache.catalina.startup.VersionLoggerListener.log Command line argument: -Djava.protocol.handler.pkgs=org.apache.catalina.webresources
30-Nov-2018 14:24:49.021 INFORMATION [main] org.apache.catalina.startup.VersionLoggerListener.log Command line argument: -Xmx512m
30-Nov-2018 14:24:49.022 INFORMATION [main] org.apache.catalina.startup.VersionLoggerListener.log Command line argument: -XX:MaxPermSize=256m
30-Nov-2018 14:24:49.022 INFORMATION [main] org.apache.catalina.startup.VersionLoggerListener.log Command line argument: -XX:PermSize=256m
30-Nov-2018 14:24:49.023 INFORMATION [main] org.apache.catalina.startup.VersionLoggerListener.log Command line argument: -Dignore.endorsed.dirs=
30-Nov-2018 14:24:49.023 INFORMATION [main] org.apache.catalina.startup.VersionLoggerListener.log Command line argument: -Dcatalina.base=C:\Users\Simo\Desktop\Camunda\server\apache-tomcat-9.0.5
30-Nov-2018 14:24:49.024 INFORMATION [main] org.apache.catalina.startup.VersionLoggerListener.log Command line argument: -Dcatalina.home=C:\Users\Simo\Desktop\Camunda\server\apache-tomcat-9.0.5
30-Nov-2018 14:24:49.024 INFORMATION [main] org.apache.catalina.startup.VersionLoggerListener.log Command line argument: -Djava.io.tmpdir=C:\Users\Simo\Desktop\Camunda\server\apache-tomcat-9.0.5\temp
30-Nov-2018 14:24:49.025 INFORMATION [main] org.apache.catalina.core.AprLifecycleListener.lifecycleEvent The APR based Apache Tomcat Native library which allows optimal performance in production environments was not found on the java.library.path: [C:\Program Files\Java\jre1.8.0_191\bin;C:\WINDOWS\Sun\Java\bin;C:\WINDOWS\system32;C:\WINDOWS;C:\Program Files (x86)\Common Files\Oracle\Java\javapath;C:\Program Files (x86)\Intel\iCLS Client\;C:\Program Files\Intel\iCLS Client\;C:\WINDOWS\system32;C:\WINDOWS;C:\WINDOWS\System32\Wbem;C:\WINDOWS\System32\WindowsPowerShell\v1.0\;C:\Program Files\Intel\Intel(R) Management Engine Components\DAL;C:\Program Files\Intel\Intel(R) Management Engine Components\IPT;C:\Program Files (x86)\Intel\Intel(R) Management Engine Components\DAL;C:\Program Files (x86)\Intel\Intel(R) Management Engine Components\IPT;C:\Program Files\Intel\WiFi\bin\;C:\Program Files\Common Files\Intel\WirelessCommon\;C:\Program Files\nodejs\;C:\Users\Simo\AppData\Local\Programs\Microsoft VS Code\bin;C:\Users\Simo\AppData\Local\GitHubDesktop\bin;C:\Users\Simo\AppData\Roaming\npm;.]
30-Nov-2018 14:24:49.239 INFORMATION [main] org.apache.coyote.AbstractProtocol.init Initializing ProtocolHandler ["http-nio-8080"]
30-Nov-2018 14:24:49.379 INFORMATION [main] org.apache.tomcat.util.net.NioSelectorPool.getSharedSelector Using a shared selector for servlet write/read
30-Nov-2018 14:24:49.387 INFORMATION [main] org.apache.coyote.AbstractProtocol.init Initializing ProtocolHandler ["ajp-nio-8009"]
30-Nov-2018 14:24:49.390 INFORMATION [main] org.apache.tomcat.util.net.NioSelectorPool.getSharedSelector Using a shared selector for servlet write/read
30-Nov-2018 14:24:49.391 INFORMATION [main] org.apache.catalina.startup.Catalina.load Initialization processed in 987 ms
30-Nov-2018 14:24:49.800 INFORMATION [main] org.camunda.commons.logging.BaseLogger.logInfo ENGINE-08046 Found camunda bpm platform configuration in CATALINA_BASE/CATALINA_HOME conf directory [C:\Users\Simo\Desktop\Camunda\server\apache-tomcat-9.0.5\conf\bpm-platform.xml] at 'file:/C:/Users/Simo/Desktop/Camunda/server/apache-tomcat-9.0.5/conf/bpm-platform.xml'
30-Nov-2018 14:24:50.097 INFORMATION [main] org.camunda.commons.logging.BaseLogger.logInfo ENGINE-12003 Plugin 'ProcessApplicationEventListenerPlugin' activated on process engine 'default'
30-Nov-2018 14:24:50.112 INFORMATION [main] org.camunda.commons.logging.BaseLogger.logInfo ENGINE-12003 Plugin 'SpinProcessEnginePlugin' activated on process engine 'default'
30-Nov-2018 14:24:50.119 INFORMATION [main] org.camunda.commons.logging.BaseLogger.logInfo SPIN-01010 Discovered Spin data format provider: org.camunda.spin.impl.json.jackson.format.JacksonJsonDataFormatProvider[name = application/json]
30-Nov-2018 14:24:50.447 INFORMATION [main] org.camunda.commons.logging.BaseLogger.logInfo SPIN-01010 Discovered Spin data format provider: org.camunda.spin.impl.xml.dom.format.DomXmlDataFormatProvider[name = application/xml]
30-Nov-2018 14:24:50.461 INFORMATION [main] org.camunda.commons.logging.BaseLogger.logInfo SPIN-01009 Discovered Spin data format: org.camunda.spin.impl.xml.dom.format.DomXmlDataFormat[name = application/xml]
30-Nov-2018 14:24:50.461 INFORMATION [main] org.camunda.commons.logging.BaseLogger.logInfo SPIN-01009 Discovered Spin data format: org.camunda.spin.impl.json.jackson.format.JacksonJsonDataFormat[name = application/json]
30-Nov-2018 14:24:50.462 INFORMATION [main] org.camunda.commons.logging.BaseLogger.logInfo ENGINE-12003 Plugin 'ConnectProcessEnginePlugin' activated on process engine 'default'
30-Nov-2018 14:24:50.779 INFORMATION [main] org.camunda.commons.logging.BaseLogger.logInfo CNCT-01004 Discovered provider for connector id 'http-connector' and class 'org.camunda.connect.httpclient.impl.HttpConnectorImpl': 'org.camunda.connect.httpclient.impl.HttpConnectorProviderImpl'
30-Nov-2018 14:24:50.782 INFORMATION [main] org.camunda.commons.logging.BaseLogger.logInfo CNCT-01004 Discovered provider for connector id 'soap-http-connector' and class 'org.camunda.connect.httpclient.soap.impl.SoapHttpConnectorImpl': 'org.camunda.connect.httpclient.soap.impl.SoapHttpConnectorProviderImpl'
30-Nov-2018 14:24:55.341 INFORMATION [main] org.camunda.commons.logging.BaseLogger.logInfo ENGINE-00001 Process Engine default created.
30-Nov-2018 14:24:55.350 INFORMATION [main] org.camunda.commons.logging.BaseLogger.logInfo ENGINE-14014 Starting up the JobExecutor[org.camunda.bpm.engine.impl.jobexecutor.RuntimeContainerJobExecutor].
30-Nov-2018 14:24:55.358 INFORMATION [Thread-6] org.camunda.commons.logging.BaseLogger.logInfo ENGINE-14018 JobExecutor[org.camunda.bpm.engine.impl.jobexecutor.RuntimeContainerJobExecutor] starting to acquire jobs
30-Nov-2018 14:24:55.372 INFORMATION [main] org.camunda.commons.logging.BaseLogger.logInfo ENGINE-08048 Camunda BPM platform sucessfully started at 'Apache Tomcat/9.0.5'.
30-Nov-2018 14:24:55.390 INFORMATION [main] org.apache.catalina.core.StandardService.startInternal Starting service [Catalina]
30-Nov-2018 14:24:55.391 INFORMATION [main] org.apache.catalina.core.StandardEngine.startInternal Starting Servlet Engine: Apache Tomcat/9.0.5
30-Nov-2018 14:24:55.422 INFORMATION [main] org.apache.catalina.startup.HostConfig.deployWAR Deploying web application archive [C:\Users\Simo\Desktop\Camunda\server\apache-tomcat-9.0.5\webapps\praxissemester.war]
30-Nov-2018 14:24:58.642 INFORMATION [main] org.camunda.commons.logging.BaseLogger.logInfo ENGINE-07015 Detected @ProcessApplication class 'de.fhaachen.praxissemester.CamundaBpmProcessApplication'
30-Nov-2018 14:24:58.697 INFORMATION [main] org.apache.jasper.servlet.TldScanner.scanJars At least one JAR was scanned for TLDs yet contained no TLDs. Enable debug logging for this logger for a complete list of JARs that were scanned but no TLDs were found in them. Skipping unneeded JARs during scanning can improve startup time and JSP compilation time.
30-Nov-2018 14:24:58.733 INFORMATION [main] org.camunda.commons.logging.BaseLogger.logInfo ENGINE-08024 Found processes.xml file at file:/C:/Users/Simo/Desktop/Camunda/server/apache-tomcat-9.0.5/webapps/praxissemester/WEB-INF/classes/META-INF/processes.xml
30-Nov-2018 14:24:58.756 INFORMATION [main] org.camunda.commons.logging.BaseLogger.logInfo ENGINE-08023 Deployment summary for process archive 'praxissemester': 

        praxissemester.bpmn

30-Nov-2018 14:24:59.248 INFORMATION [main] org.camunda.commons.logging.BaseLogger.logInfo ENGINE-07021 ProcessApplication 'praxissemester' registered for DB deployments [f4a6b9aa-f3fe-11e8-bd44-0c8bfdb1d186]. Will execute process definitions 

        Praxissemester[version: 1, id: Praxissemester:1:f4abc2bc-f3fe-11e8-bd44-0c8bfdb1d186]
Deployment does not provide any case definitions.
30-Nov-2018 14:24:59.257 INFORMATION [main] org.camunda.commons.logging.BaseLogger.logInfo SPIN-01010 Discovered Spin data format provider: org.camunda.spin.impl.json.jackson.format.JacksonJsonDataFormatProvider[name = application/json]
30-Nov-2018 14:24:59.259 INFORMATION [main] org.camunda.commons.logging.BaseLogger.logInfo SPIN-01010 Discovered Spin data format provider: org.camunda.spin.impl.xml.dom.format.DomXmlDataFormatProvider[name = application/xml]
30-Nov-2018 14:24:59.263 INFORMATION [main] org.camunda.commons.logging.BaseLogger.logInfo SPIN-01009 Discovered Spin data format: org.camunda.spin.impl.xml.dom.format.DomXmlDataFormat[name = application/xml]
30-Nov-2018 14:24:59.263 INFORMATION [main] org.camunda.commons.logging.BaseLogger.logInfo SPIN-01009 Discovered Spin data format: org.camunda.spin.impl.json.jackson.format.JacksonJsonDataFormat[name = application/json]
30-Nov-2018 14:24:59.265 INFORMATION [main] org.camunda.commons.logging.BaseLogger.logInfo ENGINE-08050 Process application praxissemester successfully deployed
30-Nov-2018 14:24:59.287 INFORMATION [main] org.apache.catalina.startup.HostConfig.deployWAR Deployment of web application archive [C:\Users\Simo\Desktop\Camunda\server\apache-tomcat-9.0.5\webapps\praxissemester.war] has finished in [3,865] ms
30-Nov-2018 14:24:59.290 INFORMATION [main] org.apache.catalina.startup.HostConfig.deployWAR Deploying web application archive [C:\Users\Simo\Desktop\Camunda\server\apache-tomcat-9.0.5\webapps\pruefunganmelden.war]
30-Nov-2018 14:25:02.313 INFORMATION [main] org.camunda.commons.logging.BaseLogger.logInfo ENGINE-07015 Detected @ProcessApplication class 'de.fhaachen.ip.pruefunganmelden.CamundaBpmProcessApplication'
30-Nov-2018 14:25:02.377 INFORMATION [main] org.apache.jasper.servlet.TldScanner.scanJars At least one JAR was scanned for TLDs yet contained no TLDs. Enable debug logging for this logger for a complete list of JARs that were scanned but no TLDs were found in them. Skipping unneeded JARs during scanning can improve startup time and JSP compilation time.
30-Nov-2018 14:25:02.381 INFORMATION [main] org.camunda.commons.logging.BaseLogger.logInfo ENGINE-08024 Found processes.xml file at file:/C:/Users/Simo/Desktop/Camunda/server/apache-tomcat-9.0.5/webapps/pruefunganmelden/WEB-INF/classes/META-INF/processes.xml
30-Nov-2018 14:25:02.396 INFORMATION [main] org.camunda.commons.logging.BaseLogger.logInfo ENGINE-08023 Deployment summary for process archive 'pruefunganmelden': 

        process.bpmn
        pruefunganmelden.dmn

30-Nov-2018 14:25:02.472 INFORMATION [main] org.camunda.commons.logging.BaseLogger.logInfo ENGINE-07021 ProcessApplication 'pruefunganmelden' registered for DB deployments [b5fdf466-f04c-11e8-9890-0c8bfdb1d186]. Will execute process definitions 

        Pruefunganmelden[version: 1, id: Pruefunganmelden:1:b608f0e9-f04c-11e8-9890-0c8bfdb1d186]
Deployment does not provide any case definitions.
30-Nov-2018 14:25:02.479 INFORMATION [main] org.camunda.commons.logging.BaseLogger.logInfo SPIN-01010 Discovered Spin data format provider: org.camunda.spin.impl.json.jackson.format.JacksonJsonDataFormatProvider[name = application/json]
30-Nov-2018 14:25:02.484 INFORMATION [main] org.camunda.commons.logging.BaseLogger.logInfo SPIN-01010 Discovered Spin data format provider: org.camunda.spin.impl.xml.dom.format.DomXmlDataFormatProvider[name = application/xml]
30-Nov-2018 14:25:02.491 INFORMATION [main] org.camunda.commons.logging.BaseLogger.logInfo SPIN-01009 Discovered Spin data format: org.camunda.spin.impl.xml.dom.format.DomXmlDataFormat[name = application/xml]
30-Nov-2018 14:25:02.492 INFORMATION [main] org.camunda.commons.logging.BaseLogger.logInfo SPIN-01009 Discovered Spin data format: org.camunda.spin.impl.json.jackson.format.JacksonJsonDataFormat[name = application/json]
30-Nov-2018 14:25:02.497 INFORMATION [main] org.camunda.commons.logging.BaseLogger.logInfo ENGINE-08050 Process application pruefunganmelden successfully deployed
30-Nov-2018 14:25:02.502 INFORMATION [main] org.apache.catalina.startup.HostConfig.deployWAR Deployment of web application archive [C:\Users\Simo\Desktop\Camunda\server\apache-tomcat-9.0.5\webapps\pruefunganmelden.war] has finished in [3,212] ms
30-Nov-2018 14:25:02.504 INFORMATION [main] org.apache.catalina.startup.HostConfig.deployDirectory Deploying web application directory [C:\Users\Simo\Desktop\Camunda\server\apache-tomcat-9.0.5\webapps\camunda]
30-Nov-2018 14:25:06.050 INFORMATION [main] org.apache.jasper.servlet.TldScanner.scanJars At least one JAR was scanned for TLDs yet contained no TLDs. Enable debug logging for this logger for a complete list of JARs that were scanned but no TLDs were found in them. Skipping unneeded JARs during scanning can improve startup time and JSP compilation time.
30-Nov-2018 14:25:06.501 INFORMATION [main] org.apache.catalina.startup.HostConfig.deployDirectory Deployment of web application directory [C:\Users\Simo\Desktop\Camunda\server\apache-tomcat-9.0.5\webapps\camunda] has finished in [3,997] ms
30-Nov-2018 14:25:06.501 INFORMATION [main] org.apache.catalina.startup.HostConfig.deployDirectory Deploying web application directory [C:\Users\Simo\Desktop\Camunda\server\apache-tomcat-9.0.5\webapps\camunda-invoice]
30-Nov-2018 14:25:08.586 INFORMATION [main] org.camunda.commons.logging.BaseLogger.logInfo ENGINE-07015 Detected @ProcessApplication class 'org.camunda.bpm.example.invoice.InvoiceProcessApplication'
30-Nov-2018 14:25:08.617 INFORMATION [main] org.apache.jasper.servlet.TldScanner.scanJars At least one JAR was scanned for TLDs yet contained no TLDs. Enable debug logging for this logger for a complete list of JARs that were scanned but no TLDs were found in them. Skipping unneeded JARs during scanning can improve startup time and JSP compilation time.
30-Nov-2018 14:25:08.620 INFORMATION [main] org.camunda.commons.logging.BaseLogger.logInfo ENGINE-08024 Found processes.xml file at file:/C:/Users/Simo/Desktop/Camunda/server/apache-tomcat-9.0.5/webapps/camunda-invoice/WEB-INF/classes/META-INF/processes.xml
30-Nov-2018 14:25:08.640 INFORMATION [main] org.camunda.commons.logging.BaseLogger.logInfo ENGINE-08023 Deployment summary for process archive 'camunda-invoice': 

        invoiceBusinessDecisions.dmn
        invoice.v2.bpmn
        review-invoice.cmmn

30-Nov-2018 14:25:08.864 INFORMATION [main] org.camunda.commons.logging.BaseLogger.logInfo ENGINE-07021 ProcessApplication 'camunda-invoice' registered for DB deployments [8eac2866-d884-11e8-8256-0c8bfdb1d187, 8f019b70-d884-11e8-8256-0c8bfdb1d187]. Will execute process definitions 

        invoice[version: 1, id: invoice:1:8ebf624a-d884-11e8-8256-0c8bfdb1d187]
        invoice[version: 2, id: invoice:2:8f093c94-d884-11e8-8256-0c8bfdb1d187]

Will execute case definitions 

        ReviewInvoiceCase[version: 1, id: ReviewInvoiceCase:1:8ee316ec-d884-11e8-8256-0c8bfdb1d187]
        ReviewInvoiceCase[version: 2, id: ReviewInvoiceCase:2:8f0ebad6-d884-11e8-8256-0c8bfdb1d187]

30-Nov-2018 14:25:08.869 INFORMATION [main] org.camunda.commons.logging.BaseLogger.logInfo SPIN-01010 Discovered Spin data format provider: org.camunda.spin.impl.json.jackson.format.JacksonJsonDataFormatProvider[name = application/json]
30-Nov-2018 14:25:08.873 INFORMATION [main] org.camunda.commons.logging.BaseLogger.logInfo SPIN-01010 Discovered Spin data format provider: org.camunda.spin.impl.xml.dom.format.DomXmlDataFormatProvider[name = application/xml]
30-Nov-2018 14:25:08.878 INFORMATION [main] org.camunda.commons.logging.BaseLogger.logInfo SPIN-01009 Discovered Spin data format: org.camunda.spin.impl.xml.dom.format.DomXmlDataFormat[name = application/xml]
30-Nov-2018 14:25:08.878 INFORMATION [main] org.camunda.commons.logging.BaseLogger.logInfo SPIN-01009 Discovered Spin data format: org.camunda.spin.impl.json.jackson.format.JacksonJsonDataFormat[name = application/json]
30-Nov-2018 14:25:08.960 INFORMATION [main] org.camunda.bpm.example.invoice.InvoiceProcessApplication.startProcessInstances No new instances of Invoice Receipt version 1 started, there are 3 instances running
30-Nov-2018 14:25:08.995 INFORMATION [main] org.camunda.bpm.example.invoice.InvoiceProcessApplication.startProcessInstances No new instances of Invoice Receipt version 2 started, there are 3 instances running
30-Nov-2018 14:25:08.996 INFORMATION [main] org.camunda.commons.logging.BaseLogger.logInfo ENGINE-08050 Process application camunda-invoice successfully deployed
30-Nov-2018 14:25:09.001 INFORMATION [main] org.apache.catalina.startup.HostConfig.deployDirectory Deployment of web application directory [C:\Users\Simo\Desktop\Camunda\server\apache-tomcat-9.0.5\webapps\camunda-invoice] has finished in [2,499] ms
30-Nov-2018 14:25:09.002 INFORMATION [main] org.apache.catalina.startup.HostConfig.deployDirectory Deploying web application directory [C:\Users\Simo\Desktop\Camunda\server\apache-tomcat-9.0.5\webapps\camunda-welcome]
30-Nov-2018 14:25:10.964 INFORMATION [main] org.apache.jasper.servlet.TldScanner.scanJars At least one JAR was scanned for TLDs yet contained no TLDs. Enable debug logging for this logger for a complete list of JARs that were scanned but no TLDs were found in them. Skipping unneeded JARs during scanning can improve startup time and JSP compilation time.
30-Nov-2018 14:25:10.967 INFORMATION [main] org.apache.catalina.startup.HostConfig.deployDirectory Deployment of web application directory [C:\Users\Simo\Desktop\Camunda\server\apache-tomcat-9.0.5\webapps\camunda-welcome] has finished in [1,965] ms
30-Nov-2018 14:25:10.967 INFORMATION [main] org.apache.catalina.startup.HostConfig.deployDirectory Deploying web application directory [C:\Users\Simo\Desktop\Camunda\server\apache-tomcat-9.0.5\webapps\docs]
30-Nov-2018 14:25:12.874 INFORMATION [main] org.apache.jasper.servlet.TldScanner.scanJars At least one JAR was scanned for TLDs yet contained no TLDs. Enable debug logging for this logger for a complete list of JARs that were scanned but no TLDs were found in them. Skipping unneeded JARs during scanning can improve startup time and JSP compilation time.
30-Nov-2018 14:25:12.878 INFORMATION [main] org.apache.catalina.startup.HostConfig.deployDirectory Deployment of web application directory [C:\Users\Simo\Desktop\Camunda\server\apache-tomcat-9.0.5\webapps\docs] has finished in [1,910] ms
30-Nov-2018 14:25:12.878 INFORMATION [main] org.apache.catalina.startup.HostConfig.deployDirectory Deploying web application directory [C:\Users\Simo\Desktop\Camunda\server\apache-tomcat-9.0.5\webapps\engine-rest]
30-Nov-2018 14:25:15.615 INFORMATION [main] org.apache.jasper.servlet.TldScanner.scanJars At least one JAR was scanned for TLDs yet contained no TLDs. Enable debug logging for this logger for a complete list of JARs that were scanned but no TLDs were found in them. Skipping unneeded JARs during scanning can improve startup time and JSP compilation time.
30-Nov-2018 14:25:15.894 INFORMATION [main] org.apache.catalina.startup.HostConfig.deployDirectory Deployment of web application directory [C:\Users\Simo\Desktop\Camunda\server\apache-tomcat-9.0.5\webapps\engine-rest] has finished in [3,016] ms
30-Nov-2018 14:25:15.895 INFORMATION [main] org.apache.catalina.startup.HostConfig.deployDirectory Deploying web application directory [C:\Users\Simo\Desktop\Camunda\server\apache-tomcat-9.0.5\webapps\examples]
30-Nov-2018 14:25:18.991 INFORMATION [main] org.apache.jasper.servlet.TldScanner.scanJars At least one JAR was scanned for TLDs yet contained no TLDs. Enable debug logging for this logger for a complete list of JARs that were scanned but no TLDs were found in them. Skipping unneeded JARs during scanning can improve startup time and JSP compilation time.
30-Nov-2018 14:25:19.083 INFORMATION [main] org.apache.catalina.startup.HostConfig.deployDirectory Deployment of web application directory [C:\Users\Simo\Desktop\Camunda\server\apache-tomcat-9.0.5\webapps\examples] has finished in [3,187] ms
30-Nov-2018 14:25:19.086 INFORMATION [main] org.apache.catalina.startup.HostConfig.deployDirectory Deploying web application directory [C:\Users\Simo\Desktop\Camunda\server\apache-tomcat-9.0.5\webapps\h2]
30-Nov-2018 14:25:21.324 INFORMATION [main] org.apache.jasper.servlet.TldScanner.scanJars At least one JAR was scanned for TLDs yet contained no TLDs. Enable debug logging for this logger for a complete list of JARs that were scanned but no TLDs were found in them. Skipping unneeded JARs during scanning can improve startup time and JSP compilation time.
30-Nov-2018 14:25:21.329 INFORMATION [main] org.apache.catalina.startup.HostConfig.deployDirectory Deployment of web application directory [C:\Users\Simo\Desktop\Camunda\server\apache-tomcat-9.0.5\webapps\h2] has finished in [2,243] ms
30-Nov-2018 14:25:21.330 INFORMATION [main] org.apache.catalina.startup.HostConfig.deployDirectory Deploying web application directory [C:\Users\Simo\Desktop\Camunda\server\apache-tomcat-9.0.5\webapps\host-manager]
30-Nov-2018 14:25:23.272 INFORMATION [main] org.apache.jasper.servlet.TldScanner.scanJars At least one JAR was scanned for TLDs yet contained no TLDs. Enable debug logging for this logger for a complete list of JARs that were scanned but no TLDs were found in them. Skipping unneeded JARs during scanning can improve startup time and JSP compilation time.
30-Nov-2018 14:25:23.279 INFORMATION [main] org.apache.catalina.startup.HostConfig.deployDirectory Deployment of web application directory [C:\Users\Simo\Desktop\Camunda\server\apache-tomcat-9.0.5\webapps\host-manager] has finished in [1,948] ms
30-Nov-2018 14:25:23.279 INFORMATION [main] org.apache.catalina.startup.HostConfig.deployDirectory Deploying web application directory [C:\Users\Simo\Desktop\Camunda\server\apache-tomcat-9.0.5\webapps\manager]
30-Nov-2018 14:25:25.313 INFORMATION [main] org.apache.jasper.servlet.TldScanner.scanJars At least one JAR was scanned for TLDs yet contained no TLDs. Enable debug logging for this logger for a complete list of JARs that were scanned but no TLDs were found in them. Skipping unneeded JARs during scanning can improve startup time and JSP compilation time.
30-Nov-2018 14:25:25.316 INFORMATION [main] org.apache.catalina.startup.HostConfig.deployDirectory Deployment of web application directory [C:\Users\Simo\Desktop\Camunda\server\apache-tomcat-9.0.5\webapps\manager] has finished in [2,037] ms
30-Nov-2018 14:25:25.317 INFORMATION [main] org.apache.catalina.startup.HostConfig.deployDirectory Deploying web application directory [C:\Users\Simo\Desktop\Camunda\server\apache-tomcat-9.0.5\webapps\ROOT]
30-Nov-2018 14:25:27.406 INFORMATION [main] org.apache.jasper.servlet.TldScanner.scanJars At least one JAR was scanned for TLDs yet contained no TLDs. Enable debug logging for this logger for a complete list of JARs that were scanned but no TLDs were found in them. Skipping unneeded JARs during scanning can improve startup time and JSP compilation time.
30-Nov-2018 14:25:27.409 INFORMATION [main] org.apache.catalina.startup.HostConfig.deployDirectory Deployment of web application directory [C:\Users\Simo\Desktop\Camunda\server\apache-tomcat-9.0.5\webapps\ROOT] has finished in [2,092] ms
30-Nov-2018 14:25:27.413 INFORMATION [main] org.apache.coyote.AbstractProtocol.start Starting ProtocolHandler ["http-nio-8080"]
30-Nov-2018 14:25:27.422 INFORMATION [main] org.apache.coyote.AbstractProtocol.start Starting ProtocolHandler ["ajp-nio-8009"]
30-Nov-2018 14:25:27.427 INFORMATION [main] org.apache.catalina.startup.Catalina.start Server startup in 38035 ms
30-Nov-2018 14:25:34.174 INFORMATION [http-nio-8080-exec-9] org.jboss.resteasy.logging.impl.Slf4jLogger.info Deploying javax.ws.rs.core.Application: class org.camunda.bpm.webapp.impl.engine.EngineRestApplication
30-Nov-2018 14:25:34.206 INFORMATION [http-nio-8080-exec-10] org.jboss.resteasy.logging.impl.Slf4jLogger.info Deploying javax.ws.rs.core.Application: class org.camunda.bpm.admin.impl.web.AdminApplication
30-Nov-2018 14:25:47.131 INFORMATION [http-nio-8080-exec-5] org.jboss.resteasy.logging.impl.Slf4jLogger.info Deploying javax.ws.rs.core.Application: class org.camunda.bpm.tasklist.impl.web.TasklistApplication
30-Nov-2018 14:55:39.578 INFORMATION [ContainerBackgroundProcessor[StandardEngine[Catalina]]] org.apache.catalina.startup.HostConfig.undeploy Undeploying context [/praxissemester]
30-Nov-2018 14:55:39.606 INFORMATION [ContainerBackgroundProcessor[StandardEngine[Catalina]]] org.camunda.commons.logging.BaseLogger.logInfo ENGINE-08051 Process application praxissemester undeployed
30-Nov-2018 14:55:39.720 INFORMATION [ContainerBackgroundProcessor[StandardEngine[Catalina]]] org.apache.catalina.startup.HostConfig.deployWAR Deploying web application archive [C:\Users\Simo\Desktop\Camunda\server\apache-tomcat-9.0.5\webapps\praxissemester.war]
30-Nov-2018 14:55:43.209 INFORMATION [ContainerBackgroundProcessor[StandardEngine[Catalina]]] org.camunda.commons.logging.BaseLogger.logInfo ENGINE-07015 Detected @ProcessApplication class 'de.fhaachen.praxissemester.CamundaBpmProcessApplication'
30-Nov-2018 14:55:43.367 INFORMATION [ContainerBackgroundProcessor[StandardEngine[Catalina]]] org.camunda.commons.logging.BaseLogger.logInfo ENGINE-08024 Found processes.xml file at file:/C:/Users/Simo/Desktop/Camunda/server/apache-tomcat-9.0.5/webapps/praxissemester/WEB-INF/classes/META-INF/processes.xml
30-Nov-2018 14:55:43.423 INFORMATION [ContainerBackgroundProcessor[StandardEngine[Catalina]]] org.camunda.commons.logging.BaseLogger.logInfo ENGINE-08023 Deployment summary for process archive 'praxissemester': 

        praxissemester.bpmn

30-Nov-2018 14:55:43.658 INFORMATION [ContainerBackgroundProcessor[StandardEngine[Catalina]]] org.camunda.commons.logging.BaseLogger.logInfo ENGINE-07021 ProcessApplication 'praxissemester' registered for DB deployments [f4a6b9aa-f3fe-11e8-bd44-0c8bfdb1d186]. Will execute process definitions 

        Praxissemester[version: 1, id: Praxissemester:1:f4abc2bc-f3fe-11e8-bd44-0c8bfdb1d186]
Deployment does not provide any case definitions.
30-Nov-2018 14:55:43.674 INFORMATION [ContainerBackgroundProcessor[StandardEngine[Catalina]]] org.camunda.commons.logging.BaseLogger.logInfo SPIN-01010 Discovered Spin data format provider: org.camunda.spin.impl.json.jackson.format.JacksonJsonDataFormatProvider[name = application/json]
30-Nov-2018 14:55:43.684 INFORMATION [ContainerBackgroundProcessor[StandardEngine[Catalina]]] org.camunda.commons.logging.BaseLogger.logInfo SPIN-01010 Discovered Spin data format provider: org.camunda.spin.impl.xml.dom.format.DomXmlDataFormatProvider[name = application/xml]
30-Nov-2018 14:55:43.703 INFORMATION [ContainerBackgroundProcessor[StandardEngine[Catalina]]] org.camunda.commons.logging.BaseLogger.logInfo SPIN-01009 Discovered Spin data format: org.camunda.spin.impl.xml.dom.format.DomXmlDataFormat[name = application/xml]
30-Nov-2018 14:55:43.706 INFORMATION [ContainerBackgroundProcessor[StandardEngine[Catalina]]] org.camunda.commons.logging.BaseLogger.logInfo SPIN-01009 Discovered Spin data format: org.camunda.spin.impl.json.jackson.format.JacksonJsonDataFormat[name = application/json]
30-Nov-2018 14:55:43.708 INFORMATION [ContainerBackgroundProcessor[StandardEngine[Catalina]]] org.camunda.commons.logging.BaseLogger.logInfo ENGINE-08050 Process application praxissemester successfully deployed
30-Nov-2018 14:55:43.723 INFORMATION [ContainerBackgroundProcessor[StandardEngine[Catalina]]] org.apache.catalina.startup.HostConfig.deployWAR Deployment of web application archive [C:\Users\Simo\Desktop\Camunda\server\apache-tomcat-9.0.5\webapps\praxissemester.war] has finished in [4,003] ms
30-Nov-2018 14:57:43.870 INFORMATION [ContainerBackgroundProcessor[StandardEngine[Catalina]]] org.apache.catalina.startup.HostConfig.undeploy Undeploying context [/praxissemester]
30-Nov-2018 14:57:43.873 INFORMATION [ContainerBackgroundProcessor[StandardEngine[Catalina]]] org.camunda.commons.logging.BaseLogger.logInfo ENGINE-08051 Process application praxissemester undeployed
30-Nov-2018 14:57:43.914 INFORMATION [ContainerBackgroundProcessor[StandardEngine[Catalina]]] org.apache.catalina.startup.HostConfig.deployWAR Deploying web application archive [C:\Users\Simo\Desktop\Camunda\server\apache-tomcat-9.0.5\webapps\praxissemester.war]
30-Nov-2018 14:57:46.674 INFORMATION [ContainerBackgroundProcessor[StandardEngine[Catalina]]] org.camunda.commons.logging.BaseLogger.logInfo ENGINE-07015 Detected @ProcessApplication class 'de.fhaachen.praxissemester.CamundaBpmProcessApplication'
30-Nov-2018 14:57:46.697 INFORMATION [ContainerBackgroundProcessor[StandardEngine[Catalina]]] org.camunda.commons.logging.BaseLogger.logInfo ENGINE-08024 Found processes.xml file at file:/C:/Users/Simo/Desktop/Camunda/server/apache-tomcat-9.0.5/webapps/praxissemester/WEB-INF/classes/META-INF/processes.xml
30-Nov-2018 14:57:46.704 INFORMATION [ContainerBackgroundProcessor[StandardEngine[Catalina]]] org.camunda.commons.logging.BaseLogger.logInfo ENGINE-08023 Deployment summary for process archive 'praxissemester': 

        praxissemester.bpmn

30-Nov-2018 14:57:46.726 INFORMATION [ContainerBackgroundProcessor[StandardEngine[Catalina]]] org.camunda.commons.logging.BaseLogger.logInfo ENGINE-07021 ProcessApplication 'praxissemester' registered for DB deployments [f4a6b9aa-f3fe-11e8-bd44-0c8bfdb1d186]. Will execute process definitions 

        Praxissemester[version: 1, id: Praxissemester:1:f4abc2bc-f3fe-11e8-bd44-0c8bfdb1d186]
Deployment does not provide any case definitions.
30-Nov-2018 14:57:46.730 INFORMATION [ContainerBackgroundProcessor[StandardEngine[Catalina]]] org.camunda.commons.logging.BaseLogger.logInfo SPIN-01010 Discovered Spin data format provider: org.camunda.spin.impl.json.jackson.format.JacksonJsonDataFormatProvider[name = application/json]
30-Nov-2018 14:57:46.732 INFORMATION [ContainerBackgroundProcessor[StandardEngine[Catalina]]] org.camunda.commons.logging.BaseLogger.logInfo SPIN-01010 Discovered Spin data format provider: org.camunda.spin.impl.xml.dom.format.DomXmlDataFormatProvider[name = application/xml]
30-Nov-2018 14:57:46.735 INFORMATION [ContainerBackgroundProcessor[StandardEngine[Catalina]]] org.camunda.commons.logging.BaseLogger.logInfo SPIN-01009 Discovered Spin data format: org.camunda.spin.impl.xml.dom.format.DomXmlDataFormat[name = application/xml]
30-Nov-2018 14:57:46.736 INFORMATION [ContainerBackgroundProcessor[StandardEngine[Catalina]]] org.camunda.commons.logging.BaseLogger.logInfo SPIN-01009 Discovered Spin data format: org.camunda.spin.impl.json.jackson.format.JacksonJsonDataFormat[name = application/json]
30-Nov-2018 14:57:46.736 INFORMATION [ContainerBackgroundProcessor[StandardEngine[Catalina]]] org.camunda.commons.logging.BaseLogger.logInfo ENGINE-08050 Process application praxissemester successfully deployed
30-Nov-2018 14:57:46.740 INFORMATION [ContainerBackgroundProcessor[StandardEngine[Catalina]]] org.apache.catalina.startup.HostConfig.deployWAR Deployment of web application archive [C:\Users\Simo\Desktop\Camunda\server\apache-tomcat-9.0.5\webapps\praxissemester.war] has finished in [2,826] ms
30-Nov-2018 15:03:37.109 INFORMATION [ContainerBackgroundProcessor[StandardEngine[Catalina]]] org.apache.catalina.startup.HostConfig.undeploy Undeploying context [/praxissemester]
30-Nov-2018 15:03:37.118 INFORMATION [ContainerBackgroundProcessor[StandardEngine[Catalina]]] org.camunda.commons.logging.BaseLogger.logInfo ENGINE-08051 Process application praxissemester undeployed
30-Nov-2018 15:03:37.152 INFORMATION [ContainerBackgroundProcessor[StandardEngine[Catalina]]] org.apache.catalina.startup.HostConfig.deployWAR Deploying web application archive [C:\Users\Simo\Desktop\Camunda\server\apache-tomcat-9.0.5\webapps\praxissemester.war]
30-Nov-2018 15:03:40.041 INFORMATION [ContainerBackgroundProcessor[StandardEngine[Catalina]]] org.camunda.commons.logging.BaseLogger.logInfo ENGINE-07015 Detected @ProcessApplication class 'de.fhaachen.praxissemester.CamundaBpmProcessApplication'
30-Nov-2018 15:03:40.079 INFORMATION [ContainerBackgroundProcessor[StandardEngine[Catalina]]] org.camunda.commons.logging.BaseLogger.logInfo ENGINE-08024 Found processes.xml file at file:/C:/Users/Simo/Desktop/Camunda/server/apache-tomcat-9.0.5/webapps/praxissemester/WEB-INF/classes/META-INF/processes.xml
30-Nov-2018 15:03:40.085 INFORMATION [ContainerBackgroundProcessor[StandardEngine[Catalina]]] org.camunda.commons.logging.BaseLogger.logInfo ENGINE-08023 Deployment summary for process archive 'praxissemester': 

        praxissemester.bpmn

30-Nov-2018 15:03:40.104 INFORMATION [ContainerBackgroundProcessor[StandardEngine[Catalina]]] org.camunda.commons.logging.BaseLogger.logInfo ENGINE-07021 ProcessApplication 'praxissemester' registered for DB deployments [f4a6b9aa-f3fe-11e8-bd44-0c8bfdb1d186]. Will execute process definitions 

        Praxissemester[version: 1, id: Praxissemester:1:f4abc2bc-f3fe-11e8-bd44-0c8bfdb1d186]
Deployment does not provide any case definitions.
30-Nov-2018 15:03:40.111 INFORMATION [ContainerBackgroundProcessor[StandardEngine[Catalina]]] org.camunda.commons.logging.BaseLogger.logInfo SPIN-01010 Discovered Spin data format provider: org.camunda.spin.impl.json.jackson.format.JacksonJsonDataFormatProvider[name = application/json]
30-Nov-2018 15:03:40.114 INFORMATION [ContainerBackgroundProcessor[StandardEngine[Catalina]]] org.camunda.commons.logging.BaseLogger.logInfo SPIN-01010 Discovered Spin data format provider: org.camunda.spin.impl.xml.dom.format.DomXmlDataFormatProvider[name = application/xml]
30-Nov-2018 15:03:40.121 INFORMATION [ContainerBackgroundProcessor[StandardEngine[Catalina]]] org.camunda.commons.logging.BaseLogger.logInfo SPIN-01009 Discovered Spin data format: org.camunda.spin.impl.xml.dom.format.DomXmlDataFormat[name = application/xml]
30-Nov-2018 15:03:40.122 INFORMATION [ContainerBackgroundProcessor[StandardEngine[Catalina]]] org.camunda.commons.logging.BaseLogger.logInfo SPIN-01009 Discovered Spin data format: org.camunda.spin.impl.json.jackson.format.JacksonJsonDataFormat[name = application/json]
30-Nov-2018 15:03:40.122 INFORMATION [ContainerBackgroundProcessor[StandardEngine[Catalina]]] org.camunda.commons.logging.BaseLogger.logInfo ENGINE-08050 Process application praxissemester successfully deployed
30-Nov-2018 15:03:40.127 INFORMATION [ContainerBackgroundProcessor[StandardEngine[Catalina]]] org.apache.catalina.startup.HostConfig.deployWAR Deployment of web application archive [C:\Users\Simo\Desktop\Camunda\server\apache-tomcat-9.0.5\webapps\praxissemester.war] has finished in [2,975] ms
