05-Dec-2018 18:31:27.035 INFORMATION [main] org.apache.catalina.startup.VersionLoggerListener.log Server version:        Apache Tomcat/9.0.12
05-Dec-2018 18:31:27.036 INFORMATION [main] org.apache.catalina.startup.VersionLoggerListener.log Server built:          Sep 4 2018 22:13:41 UTC
05-Dec-2018 18:31:27.037 INFORMATION [main] org.apache.catalina.startup.VersionLoggerListener.log Server number:         9.0.12.0
05-Dec-2018 18:31:27.037 INFORMATION [main] org.apache.catalina.startup.VersionLoggerListener.log OS Name:               Windows 10
05-Dec-2018 18:31:27.037 INFORMATION [main] org.apache.catalina.startup.VersionLoggerListener.log OS Version:            10.0
05-Dec-2018 18:31:27.037 INFORMATION [main] org.apache.catalina.startup.VersionLoggerListener.log Architecture:          amd64
05-Dec-2018 18:31:27.037 INFORMATION [main] org.apache.catalina.startup.VersionLoggerListener.log Java Home:             C:\Program Files\Java\jdk1.8.0_191\jre
05-Dec-2018 18:31:27.037 INFORMATION [main] org.apache.catalina.startup.VersionLoggerListener.log JVM Version:           1.8.0_191-b12
05-Dec-2018 18:31:27.038 INFORMATION [main] org.apache.catalina.startup.VersionLoggerListener.log JVM Vendor:            Oracle Corporation
05-Dec-2018 18:31:27.038 INFORMATION [main] org.apache.catalina.startup.VersionLoggerListener.log CATALINA_BASE:         C:\Users\Mario\Desktop\camunda-bpm-tomcat-7.10.0\server\apache-tomcat-9.0.12
05-Dec-2018 18:31:27.038 INFORMATION [main] org.apache.catalina.startup.VersionLoggerListener.log CATALINA_HOME:         C:\Users\Mario\Desktop\camunda-bpm-tomcat-7.10.0\server\apache-tomcat-9.0.12
05-Dec-2018 18:31:27.038 INFORMATION [main] org.apache.catalina.startup.VersionLoggerListener.log Command line argument: -Djava.util.logging.config.file=C:\Users\Mario\Desktop\camunda-bpm-tomcat-7.10.0\server\apache-tomcat-9.0.12\conf\logging.properties
05-Dec-2018 18:31:27.038 INFORMATION [main] org.apache.catalina.startup.VersionLoggerListener.log Command line argument: -Djava.util.logging.manager=org.apache.juli.ClassLoaderLogManager
05-Dec-2018 18:31:27.038 INFORMATION [main] org.apache.catalina.startup.VersionLoggerListener.log Command line argument: -Djdk.tls.ephemeralDHKeySize=2048
05-Dec-2018 18:31:27.038 INFORMATION [main] org.apache.catalina.startup.VersionLoggerListener.log Command line argument: -Djava.protocol.handler.pkgs=org.apache.catalina.webresources
05-Dec-2018 18:31:27.039 INFORMATION [main] org.apache.catalina.startup.VersionLoggerListener.log Command line argument: -Xmx512m
05-Dec-2018 18:31:27.039 INFORMATION [main] org.apache.catalina.startup.VersionLoggerListener.log Command line argument: -XX:MaxPermSize=256m
05-Dec-2018 18:31:27.040 INFORMATION [main] org.apache.catalina.startup.VersionLoggerListener.log Command line argument: -XX:PermSize=256m
05-Dec-2018 18:31:27.040 INFORMATION [main] org.apache.catalina.startup.VersionLoggerListener.log Command line argument: -Dignore.endorsed.dirs=
05-Dec-2018 18:31:27.040 INFORMATION [main] org.apache.catalina.startup.VersionLoggerListener.log Command line argument: -Dcatalina.base=C:\Users\Mario\Desktop\camunda-bpm-tomcat-7.10.0\server\apache-tomcat-9.0.12
05-Dec-2018 18:31:27.040 INFORMATION [main] org.apache.catalina.startup.VersionLoggerListener.log Command line argument: -Dcatalina.home=C:\Users\Mario\Desktop\camunda-bpm-tomcat-7.10.0\server\apache-tomcat-9.0.12
05-Dec-2018 18:31:27.040 INFORMATION [main] org.apache.catalina.startup.VersionLoggerListener.log Command line argument: -Djava.io.tmpdir=C:\Users\Mario\Desktop\camunda-bpm-tomcat-7.10.0\server\apache-tomcat-9.0.12\temp
05-Dec-2018 18:31:27.041 INFORMATION [main] org.apache.catalina.core.AprLifecycleListener.lifecycleEvent The APR based Apache Tomcat Native library which allows optimal performance in production environments was not found on the java.library.path: [C:\Program Files\Java\jdk1.8.0_191\bin;C:\WINDOWS\Sun\Java\bin;C:\WINDOWS\system32;C:\WINDOWS;C:\Program Files (x86)\Common Files\Oracle\Java\javapath;C:\ProgramData\Oracle\Java\javapath;C:\Windows\system32;C:\Windows;C:\Windows\System32\Wbem;C:\Windows\System32\WindowsPowerShell\v1.0\;C:\Program Files (x86)\Skype\Phone\;C:\WINDOWS\system32;C:\WINDOWS;C:\WINDOWS\System32\Wbem;C:\WINDOWS\System32\WindowsPowerShell\v1.0\;C:\WINDOWS\System32\OpenSSH\;C:\Program Files (x86)\NVIDIA Corporation\PhysX\Common;C:\Program Files\Git\cmd;C:\Program Files\nodejs\;C:\Program Files (x86)\Yarn\bin\;C:\Users\Mario\AppData\Local\Microsoft\WindowsApps;C:\Users\Mario\AppData\Local\GitHubDesktop\bin;C:\Users\Mario\AppData\Local\Programs\Microsoft VS Code\bin;C:\Users\Mario\AppData\Roaming\npm;C:\Users\Mario\AppData\Local\Yarn\bin;C:\Users\Mario\Desktop\apache-maven-3.6.0-bin\apache-maven-3.6.0\bin;;.]
05-Dec-2018 18:31:27.154 INFORMATION [main] org.apache.coyote.AbstractProtocol.init Initializing ProtocolHandler ["http-nio-8080"]
05-Dec-2018 18:31:27.213 INFORMATION [main] org.apache.tomcat.util.net.NioSelectorPool.getSharedSelector Using a shared selector for servlet write/read
05-Dec-2018 18:31:27.218 INFORMATION [main] org.apache.coyote.AbstractProtocol.init Initializing ProtocolHandler ["ajp-nio-8009"]
05-Dec-2018 18:31:27.219 INFORMATION [main] org.apache.tomcat.util.net.NioSelectorPool.getSharedSelector Using a shared selector for servlet write/read
05-Dec-2018 18:31:27.220 INFORMATION [main] org.apache.catalina.startup.Catalina.load Initialization processed in 498 ms
05-Dec-2018 18:31:27.379 INFORMATION [main] org.camunda.commons.logging.BaseLogger.logInfo ENGINE-08046 Found camunda bpm platform configuration in CATALINA_BASE/CATALINA_HOME conf directory [C:\Users\Mario\Desktop\camunda-bpm-tomcat-7.10.0\server\apache-tomcat-9.0.12\conf\bpm-platform.xml] at 'file:/C:/Users/Mario/Desktop/camunda-bpm-tomcat-7.10.0/server/apache-tomcat-9.0.12/conf/bpm-platform.xml'
05-Dec-2018 18:31:27.525 INFORMATION [main] org.camunda.commons.logging.BaseLogger.logInfo ENGINE-12003 Plugin 'ProcessApplicationEventListenerPlugin' activated on process engine 'default'
05-Dec-2018 18:31:27.530 INFORMATION [main] org.camunda.commons.logging.BaseLogger.logInfo ENGINE-12003 Plugin 'SpinProcessEnginePlugin' activated on process engine 'default'
05-Dec-2018 18:31:27.533 INFORMATION [main] org.camunda.commons.logging.BaseLogger.logInfo SPIN-01010 Discovered Spin data format provider: org.camunda.spin.impl.json.jackson.format.JacksonJsonDataFormatProvider[name = application/json]
05-Dec-2018 18:31:27.712 INFORMATION [main] org.camunda.commons.logging.BaseLogger.logInfo SPIN-01010 Discovered Spin data format provider: org.camunda.spin.impl.xml.dom.format.DomXmlDataFormatProvider[name = application/xml]
05-Dec-2018 18:31:27.721 INFORMATION [main] org.camunda.commons.logging.BaseLogger.logInfo SPIN-01009 Discovered Spin data format: org.camunda.spin.impl.xml.dom.format.DomXmlDataFormat[name = application/xml]
05-Dec-2018 18:31:27.721 INFORMATION [main] org.camunda.commons.logging.BaseLogger.logInfo SPIN-01009 Discovered Spin data format: org.camunda.spin.impl.json.jackson.format.JacksonJsonDataFormat[name = application/json]
05-Dec-2018 18:31:27.723 INFORMATION [main] org.camunda.commons.logging.BaseLogger.logInfo ENGINE-12003 Plugin 'ConnectProcessEnginePlugin' activated on process engine 'default'
05-Dec-2018 18:31:27.895 INFORMATION [main] org.camunda.commons.logging.BaseLogger.logInfo CNCT-01004 Discovered provider for connector id 'http-connector' and class 'org.camunda.connect.httpclient.impl.HttpConnectorImpl': 'org.camunda.connect.httpclient.impl.HttpConnectorProviderImpl'
05-Dec-2018 18:31:27.897 INFORMATION [main] org.camunda.commons.logging.BaseLogger.logInfo CNCT-01004 Discovered provider for connector id 'soap-http-connector' and class 'org.camunda.connect.httpclient.soap.impl.SoapHttpConnectorImpl': 'org.camunda.connect.httpclient.soap.impl.SoapHttpConnectorProviderImpl'
05-Dec-2018 18:31:30.281 INFORMATION [main] org.camunda.commons.logging.BaseLogger.logInfo ENGINE-03016 Performing database operation 'create' on component 'engine' with resource 'org/camunda/bpm/engine/db/create/activiti.h2.create.engine.sql'
05-Dec-2018 18:31:30.304 INFORMATION [main] org.camunda.commons.logging.BaseLogger.logInfo ENGINE-03016 Performing database operation 'create' on component 'history' with resource 'org/camunda/bpm/engine/db/create/activiti.h2.create.history.sql'
05-Dec-2018 18:31:30.313 INFORMATION [main] org.camunda.commons.logging.BaseLogger.logInfo ENGINE-03016 Performing database operation 'create' on component 'identity' with resource 'org/camunda/bpm/engine/db/create/activiti.h2.create.identity.sql'
05-Dec-2018 18:31:30.323 INFORMATION [main] org.camunda.commons.logging.BaseLogger.logInfo ENGINE-03016 Performing database operation 'create' on component 'case.engine' with resource 'org/camunda/bpm/engine/db/create/activiti.h2.create.case.engine.sql'
05-Dec-2018 18:31:30.328 INFORMATION [main] org.camunda.commons.logging.BaseLogger.logInfo ENGINE-03016 Performing database operation 'create' on component 'case.history' with resource 'org/camunda/bpm/engine/db/create/activiti.h2.create.case.history.sql'
05-Dec-2018 18:31:30.334 INFORMATION [main] org.camunda.commons.logging.BaseLogger.logInfo ENGINE-03016 Performing database operation 'create' on component 'decision.engine' with resource 'org/camunda/bpm/engine/db/create/activiti.h2.create.decision.engine.sql'
05-Dec-2018 18:31:30.341 INFORMATION [main] org.camunda.commons.logging.BaseLogger.logInfo ENGINE-03016 Performing database operation 'create' on component 'decision.history' with resource 'org/camunda/bpm/engine/db/create/activiti.h2.create.decision.history.sql'
05-Dec-2018 18:31:30.369 INFORMATION [main] org.camunda.commons.logging.BaseLogger.logInfo ENGINE-03067 No history level property found in database
05-Dec-2018 18:31:30.474 INFORMATION [main] org.camunda.commons.logging.BaseLogger.logInfo ENGINE-03065 Creating historyLevel property in database for level: HistoryLevelFull(name=full, id=3)
05-Dec-2018 18:31:30.518 INFORMATION [main] org.camunda.commons.logging.BaseLogger.logInfo ENGINE-00001 Process Engine default created.
05-Dec-2018 18:31:30.519 INFORMATION [main] org.camunda.commons.logging.BaseLogger.logInfo ENGINE-14014 Starting up the JobExecutor[org.camunda.bpm.engine.impl.jobexecutor.RuntimeContainerJobExecutor].
05-Dec-2018 18:31:30.521 INFORMATION [Thread-6] org.camunda.commons.logging.BaseLogger.logInfo ENGINE-14018 JobExecutor[org.camunda.bpm.engine.impl.jobexecutor.RuntimeContainerJobExecutor] starting to acquire jobs
05-Dec-2018 18:31:30.525 INFORMATION [main] org.camunda.commons.logging.BaseLogger.logInfo ENGINE-08048 Camunda BPM platform sucessfully started at 'Apache Tomcat/9.0.12'.
05-Dec-2018 18:31:30.539 INFORMATION [main] org.apache.catalina.core.StandardService.startInternal Starting service [Catalina]
05-Dec-2018 18:31:30.539 INFORMATION [main] org.apache.catalina.core.StandardEngine.startInternal Starting Servlet Engine: Apache Tomcat/9.0.12
05-Dec-2018 18:31:30.557 INFORMATION [main] org.apache.catalina.startup.HostConfig.deployDirectory Deploying web application directory [C:\Users\Mario\Desktop\camunda-bpm-tomcat-7.10.0\server\apache-tomcat-9.0.12\webapps\camunda]
05-Dec-2018 18:31:33.038 INFORMATION [main] org.apache.jasper.servlet.TldScanner.scanJars At least one JAR was scanned for TLDs yet contained no TLDs. Enable debug logging for this logger for a complete list of JARs that were scanned but no TLDs were found in them. Skipping unneeded JARs during scanning can improve startup time and JSP compilation time.
05-Dec-2018 18:31:33.427 INFORMATION [main] org.apache.catalina.startup.HostConfig.deployDirectory Deployment of web application directory [C:\Users\Mario\Desktop\camunda-bpm-tomcat-7.10.0\server\apache-tomcat-9.0.12\webapps\camunda] has finished in [2,870] ms
05-Dec-2018 18:31:33.427 INFORMATION [main] org.apache.catalina.startup.HostConfig.deployDirectory Deploying web application directory [C:\Users\Mario\Desktop\camunda-bpm-tomcat-7.10.0\server\apache-tomcat-9.0.12\webapps\camunda-invoice]
05-Dec-2018 18:31:35.011 INFORMATION [main] org.camunda.commons.logging.BaseLogger.logInfo ENGINE-07015 Detected @ProcessApplication class 'org.camunda.bpm.example.invoice.InvoiceProcessApplication'
05-Dec-2018 18:31:35.043 INFORMATION [main] org.apache.jasper.servlet.TldScanner.scanJars At least one JAR was scanned for TLDs yet contained no TLDs. Enable debug logging for this logger for a complete list of JARs that were scanned but no TLDs were found in them. Skipping unneeded JARs during scanning can improve startup time and JSP compilation time.
05-Dec-2018 18:31:35.049 INFORMATION [main] org.camunda.commons.logging.BaseLogger.logInfo ENGINE-08024 Found processes.xml file at file:/C:/Users/Mario/Desktop/camunda-bpm-tomcat-7.10.0/server/apache-tomcat-9.0.12/webapps/camunda-invoice/WEB-INF/classes/META-INF/processes.xml
05-Dec-2018 18:31:35.376 INFORMATION [main] org.camunda.commons.logging.BaseLogger.logInfo ENGINE-07021 ProcessApplication 'camunda-invoice' registered for DB deployments [9cf227ff-f8b3-11e8-b43c-d0509993700d]. Will execute process definitions 

        invoice[version: 1, id: invoice:1:9cfe0ee3-f8b3-11e8-b43c-d0509993700d]

Will execute case definitions 

        ReviewInvoiceCase[version: 1, id: ReviewInvoiceCase:1:9d123325-f8b3-11e8-b43c-d0509993700d]

05-Dec-2018 18:31:35.385 INFORMATION [main] org.camunda.commons.logging.BaseLogger.logInfo ENGINE-08023 Deployment summary for process archive 'camunda-invoice': 

        invoiceBusinessDecisions.dmn
        invoice.v2.bpmn
        review-invoice.cmmn

05-Dec-2018 18:31:35.458 INFORMATION [main] org.camunda.commons.logging.BaseLogger.logInfo ENGINE-07021 ProcessApplication 'camunda-invoice' registered for DB deployments [9d23bf59-f8b3-11e8-b43c-d0509993700d, 9cf227ff-f8b3-11e8-b43c-d0509993700d]. Will execute process definitions 

        invoice[version: 2, id: invoice:2:9d26a58d-f8b3-11e8-b43c-d0509993700d]
        invoice[version: 1, id: invoice:1:9cfe0ee3-f8b3-11e8-b43c-d0509993700d]

Will execute case definitions 

        ReviewInvoiceCase[version: 2, id: ReviewInvoiceCase:2:9d2a27ff-f8b3-11e8-b43c-d0509993700d]
        ReviewInvoiceCase[version: 1, id: ReviewInvoiceCase:1:9d123325-f8b3-11e8-b43c-d0509993700d]

05-Dec-2018 18:31:35.468 INFORMATION [main] org.camunda.commons.logging.BaseLogger.logInfo SPIN-01010 Discovered Spin data format provider: org.camunda.spin.impl.json.jackson.format.JacksonJsonDataFormatProvider[name = application/json]
05-Dec-2018 18:31:35.470 INFORMATION [main] org.camunda.commons.logging.BaseLogger.logInfo SPIN-01010 Discovered Spin data format provider: org.camunda.spin.impl.xml.dom.format.DomXmlDataFormatProvider[name = application/xml]
05-Dec-2018 18:31:35.471 INFORMATION [main] org.camunda.commons.logging.BaseLogger.logInfo SPIN-01009 Discovered Spin data format: org.camunda.spin.impl.xml.dom.format.DomXmlDataFormat[name = application/xml]
05-Dec-2018 18:31:35.472 INFORMATION [main] org.camunda.commons.logging.BaseLogger.logInfo SPIN-01009 Discovered Spin data format: org.camunda.spin.impl.json.jackson.format.JacksonJsonDataFormat[name = application/json]
05-Dec-2018 18:31:35.485 INFORMATION [main] org.camunda.bpm.example.invoice.DemoDataGenerator.createUsers Generating demo data for invoice showcase
05-Dec-2018 18:31:35.737 INFORMATION [main] org.camunda.bpm.example.invoice.InvoiceProcessApplication.startProcessInstances Start 3 instances of Invoice Receipt, version 1
05-Dec-2018 18:31:36.433 INFORMATION [main] org.camunda.bpm.example.invoice.service.NotifyCreditorService.execute 

  ... Now notifying creditor Bobby's Office Supplies


05-Dec-2018 18:31:36.555 INFORMATION [main] org.camunda.bpm.example.invoice.InvoiceProcessApplication.startProcessInstances Start 3 instances of Invoice Receipt, version 2
05-Dec-2018 18:31:36.733 INFORMATION [main] org.camunda.commons.logging.BaseLogger.logInfo ENGINE-08050 Process application camunda-invoice successfully deployed
05-Dec-2018 18:31:36.736 INFORMATION [main] org.apache.catalina.startup.HostConfig.deployDirectory Deployment of web application directory [C:\Users\Mario\Desktop\camunda-bpm-tomcat-7.10.0\server\apache-tomcat-9.0.12\webapps\camunda-invoice] has finished in [3,309] ms
05-Dec-2018 18:31:36.736 INFORMATION [main] org.apache.catalina.startup.HostConfig.deployDirectory Deploying web application directory [C:\Users\Mario\Desktop\camunda-bpm-tomcat-7.10.0\server\apache-tomcat-9.0.12\webapps\camunda-welcome]
05-Dec-2018 18:31:38.229 INFORMATION [main] org.apache.jasper.servlet.TldScanner.scanJars At least one JAR was scanned for TLDs yet contained no TLDs. Enable debug logging for this logger for a complete list of JARs that were scanned but no TLDs were found in them. Skipping unneeded JARs during scanning can improve startup time and JSP compilation time.
05-Dec-2018 18:31:38.231 INFORMATION [main] org.apache.catalina.startup.HostConfig.deployDirectory Deployment of web application directory [C:\Users\Mario\Desktop\camunda-bpm-tomcat-7.10.0\server\apache-tomcat-9.0.12\webapps\camunda-welcome] has finished in [1,495] ms
05-Dec-2018 18:31:38.231 INFORMATION [main] org.apache.catalina.startup.HostConfig.deployDirectory Deploying web application directory [C:\Users\Mario\Desktop\camunda-bpm-tomcat-7.10.0\server\apache-tomcat-9.0.12\webapps\docs]
05-Dec-2018 18:31:39.537 INFORMATION [main] org.apache.jasper.servlet.TldScanner.scanJars At least one JAR was scanned for TLDs yet contained no TLDs. Enable debug logging for this logger for a complete list of JARs that were scanned but no TLDs were found in them. Skipping unneeded JARs during scanning can improve startup time and JSP compilation time.
05-Dec-2018 18:31:39.539 INFORMATION [main] org.apache.catalina.startup.HostConfig.deployDirectory Deployment of web application directory [C:\Users\Mario\Desktop\camunda-bpm-tomcat-7.10.0\server\apache-tomcat-9.0.12\webapps\docs] has finished in [1,308] ms
05-Dec-2018 18:31:39.539 INFORMATION [main] org.apache.catalina.startup.HostConfig.deployDirectory Deploying web application directory [C:\Users\Mario\Desktop\camunda-bpm-tomcat-7.10.0\server\apache-tomcat-9.0.12\webapps\engine-rest]
05-Dec-2018 18:31:41.206 INFORMATION [main] org.apache.jasper.servlet.TldScanner.scanJars At least one JAR was scanned for TLDs yet contained no TLDs. Enable debug logging for this logger for a complete list of JARs that were scanned but no TLDs were found in them. Skipping unneeded JARs during scanning can improve startup time and JSP compilation time.
05-Dec-2018 18:31:41.653 INFORMATION [main] org.apache.catalina.startup.HostConfig.deployDirectory Deployment of web application directory [C:\Users\Mario\Desktop\camunda-bpm-tomcat-7.10.0\server\apache-tomcat-9.0.12\webapps\engine-rest] has finished in [2,114] ms
05-Dec-2018 18:31:41.654 INFORMATION [main] org.apache.catalina.startup.HostConfig.deployDirectory Deploying web application directory [C:\Users\Mario\Desktop\camunda-bpm-tomcat-7.10.0\server\apache-tomcat-9.0.12\webapps\examples]
05-Dec-2018 18:31:43.173 INFORMATION [main] org.apache.jasper.servlet.TldScanner.scanJars At least one JAR was scanned for TLDs yet contained no TLDs. Enable debug logging for this logger for a complete list of JARs that were scanned but no TLDs were found in them. Skipping unneeded JARs during scanning can improve startup time and JSP compilation time.
05-Dec-2018 18:31:43.207 INFORMATION [main] org.apache.catalina.startup.HostConfig.deployDirectory Deployment of web application directory [C:\Users\Mario\Desktop\camunda-bpm-tomcat-7.10.0\server\apache-tomcat-9.0.12\webapps\examples] has finished in [1,553] ms
05-Dec-2018 18:31:43.207 INFORMATION [main] org.apache.catalina.startup.HostConfig.deployDirectory Deploying web application directory [C:\Users\Mario\Desktop\camunda-bpm-tomcat-7.10.0\server\apache-tomcat-9.0.12\webapps\h2]
05-Dec-2018 18:31:44.597 INFORMATION [main] org.apache.jasper.servlet.TldScanner.scanJars At least one JAR was scanned for TLDs yet contained no TLDs. Enable debug logging for this logger for a complete list of JARs that were scanned but no TLDs were found in them. Skipping unneeded JARs during scanning can improve startup time and JSP compilation time.
05-Dec-2018 18:31:44.602 INFORMATION [main] org.apache.catalina.startup.HostConfig.deployDirectory Deployment of web application directory [C:\Users\Mario\Desktop\camunda-bpm-tomcat-7.10.0\server\apache-tomcat-9.0.12\webapps\h2] has finished in [1,395] ms
05-Dec-2018 18:31:44.602 INFORMATION [main] org.apache.catalina.startup.HostConfig.deployDirectory Deploying web application directory [C:\Users\Mario\Desktop\camunda-bpm-tomcat-7.10.0\server\apache-tomcat-9.0.12\webapps\host-manager]
05-Dec-2018 18:31:46.106 INFORMATION [main] org.apache.jasper.servlet.TldScanner.scanJars At least one JAR was scanned for TLDs yet contained no TLDs. Enable debug logging for this logger for a complete list of JARs that were scanned but no TLDs were found in them. Skipping unneeded JARs during scanning can improve startup time and JSP compilation time.
05-Dec-2018 18:31:46.113 INFORMATION [main] org.apache.catalina.startup.HostConfig.deployDirectory Deployment of web application directory [C:\Users\Mario\Desktop\camunda-bpm-tomcat-7.10.0\server\apache-tomcat-9.0.12\webapps\host-manager] has finished in [1,511] ms
05-Dec-2018 18:31:46.113 INFORMATION [main] org.apache.catalina.startup.HostConfig.deployDirectory Deploying web application directory [C:\Users\Mario\Desktop\camunda-bpm-tomcat-7.10.0\server\apache-tomcat-9.0.12\webapps\manager]
05-Dec-2018 18:31:47.504 INFORMATION [main] org.apache.jasper.servlet.TldScanner.scanJars At least one JAR was scanned for TLDs yet contained no TLDs. Enable debug logging for this logger for a complete list of JARs that were scanned but no TLDs were found in them. Skipping unneeded JARs during scanning can improve startup time and JSP compilation time.
05-Dec-2018 18:31:47.507 INFORMATION [main] org.apache.catalina.startup.HostConfig.deployDirectory Deployment of web application directory [C:\Users\Mario\Desktop\camunda-bpm-tomcat-7.10.0\server\apache-tomcat-9.0.12\webapps\manager] has finished in [1,393] ms
05-Dec-2018 18:31:47.507 INFORMATION [main] org.apache.catalina.startup.HostConfig.deployDirectory Deploying web application directory [C:\Users\Mario\Desktop\camunda-bpm-tomcat-7.10.0\server\apache-tomcat-9.0.12\webapps\ROOT]
05-Dec-2018 18:31:48.852 INFORMATION [main] org.apache.jasper.servlet.TldScanner.scanJars At least one JAR was scanned for TLDs yet contained no TLDs. Enable debug logging for this logger for a complete list of JARs that were scanned but no TLDs were found in them. Skipping unneeded JARs during scanning can improve startup time and JSP compilation time.
05-Dec-2018 18:31:48.854 INFORMATION [main] org.apache.catalina.startup.HostConfig.deployDirectory Deployment of web application directory [C:\Users\Mario\Desktop\camunda-bpm-tomcat-7.10.0\server\apache-tomcat-9.0.12\webapps\ROOT] has finished in [1,347] ms
05-Dec-2018 18:31:48.857 INFORMATION [main] org.apache.coyote.AbstractProtocol.start Starting ProtocolHandler ["http-nio-8080"]
05-Dec-2018 18:31:48.864 INFORMATION [main] org.apache.coyote.AbstractProtocol.start Starting ProtocolHandler ["ajp-nio-8009"]
05-Dec-2018 18:31:48.866 INFORMATION [main] org.apache.catalina.startup.Catalina.start Server startup in 21646 ms
05-Dec-2018 18:31:59.758 INFORMATION [http-nio-8080-exec-7] org.jboss.resteasy.logging.impl.Slf4jLogger.info Deploying javax.ws.rs.core.Application: class org.camunda.bpm.webapp.impl.engine.EngineRestApplication
05-Dec-2018 18:31:59.758 INFORMATION [http-nio-8080-exec-6] org.jboss.resteasy.logging.impl.Slf4jLogger.info Deploying javax.ws.rs.core.Application: class org.camunda.bpm.admin.impl.web.AdminApplication
05-Dec-2018 18:36:11.708 INFORMATION [http-nio-8080-exec-8] org.jboss.resteasy.logging.impl.Slf4jLogger.info Deploying javax.ws.rs.core.Application: class org.camunda.bpm.cockpit.impl.web.CockpitApplication
05-Dec-2018 18:59:50.314 INFORMATION [ContainerBackgroundProcessor[StandardEngine[Catalina]]] org.apache.catalina.startup.HostConfig.deployWAR Deploying web application archive [C:\Users\Mario\Desktop\camunda-bpm-tomcat-7.10.0\server\apache-tomcat-9.0.12\webapps\bachelorthesis.war]
05-Dec-2018 18:59:51.749 INFORMATION [ContainerBackgroundProcessor[StandardEngine[Catalina]]] org.camunda.commons.logging.BaseLogger.logInfo ENGINE-07015 Detected @ProcessApplication class 'de.fhaachen.gpm.practicum.CamundaBpmProcessApplication'
05-Dec-2018 18:59:51.766 INFORMATION [ContainerBackgroundProcessor[StandardEngine[Catalina]]] org.apache.jasper.servlet.TldScanner.scanJars At least one JAR was scanned for TLDs yet contained no TLDs. Enable debug logging for this logger for a complete list of JARs that were scanned but no TLDs were found in them. Skipping unneeded JARs during scanning can improve startup time and JSP compilation time.
05-Dec-2018 18:59:51.768 INFORMATION [ContainerBackgroundProcessor[StandardEngine[Catalina]]] org.camunda.commons.logging.BaseLogger.logInfo ENGINE-08024 Found processes.xml file at file:/C:/Users/Mario/Desktop/camunda-bpm-tomcat-7.10.0/server/apache-tomcat-9.0.12/webapps/bachelorthesis/WEB-INF/classes/META-INF/processes.xml
05-Dec-2018 18:59:51.777 INFORMATION [ContainerBackgroundProcessor[StandardEngine[Catalina]]] org.camunda.commons.logging.BaseLogger.logInfo ENGINE-08023 Deployment summary for process archive 'bachelorthesis': 

        Gr2 - GPM P3 -incl SOAP- SOLL Prozess.bpmn

05-Dec-2018 18:59:51.829 INFORMATION [ContainerBackgroundProcessor[StandardEngine[Catalina]]] org.camunda.commons.logging.BaseLogger.logInfo ENGINE-07021 ProcessApplication 'bachelorthesis' registered for DB deployments [9042cb1e-f8b7-11e8-b43c-d0509993700d]. Will execute process definitions 

        Process_1[version: 1, id: Process_1:1:904a1e20-f8b7-11e8-b43c-d0509993700d]
Deployment does not provide any case definitions.
05-Dec-2018 18:59:51.833 INFORMATION [ContainerBackgroundProcessor[StandardEngine[Catalina]]] org.camunda.commons.logging.BaseLogger.logInfo SPIN-01010 Discovered Spin data format provider: org.camunda.spin.impl.json.jackson.format.JacksonJsonDataFormatProvider[name = application/json]
05-Dec-2018 18:59:51.834 INFORMATION [ContainerBackgroundProcessor[StandardEngine[Catalina]]] org.camunda.commons.logging.BaseLogger.logInfo SPIN-01010 Discovered Spin data format provider: org.camunda.spin.impl.xml.dom.format.DomXmlDataFormatProvider[name = application/xml]
05-Dec-2018 18:59:51.837 INFORMATION [ContainerBackgroundProcessor[StandardEngine[Catalina]]] org.camunda.commons.logging.BaseLogger.logInfo SPIN-01009 Discovered Spin data format: org.camunda.spin.impl.xml.dom.format.DomXmlDataFormat[name = application/xml]
05-Dec-2018 18:59:51.837 INFORMATION [ContainerBackgroundProcessor[StandardEngine[Catalina]]] org.camunda.commons.logging.BaseLogger.logInfo SPIN-01009 Discovered Spin data format: org.camunda.spin.impl.json.jackson.format.JacksonJsonDataFormat[name = application/json]
05-Dec-2018 18:59:51.838 INFORMATION [ContainerBackgroundProcessor[StandardEngine[Catalina]]] org.camunda.commons.logging.BaseLogger.logInfo ENGINE-08050 Process application bachelorthesis successfully deployed
05-Dec-2018 18:59:51.841 INFORMATION [ContainerBackgroundProcessor[StandardEngine[Catalina]]] org.apache.catalina.startup.HostConfig.deployWAR Deployment of web application archive [C:\Users\Mario\Desktop\camunda-bpm-tomcat-7.10.0\server\apache-tomcat-9.0.12\webapps\bachelorthesis.war] has finished in [1,527] ms
