16-Dec-2018 13:52:34.434 INFORMATION [main] org.apache.catalina.startup.VersionLoggerListener.log Server version:        Apache Tomcat/9.0.12
16-Dec-2018 13:52:34.436 INFORMATION [main] org.apache.catalina.startup.VersionLoggerListener.log Server built:          Sep 4 2018 22:13:41 UTC
16-Dec-2018 13:52:34.436 INFORMATION [main] org.apache.catalina.startup.VersionLoggerListener.log Server number:         9.0.12.0
16-Dec-2018 13:52:34.436 INFORMATION [main] org.apache.catalina.startup.VersionLoggerListener.log OS Name:               Windows 10
16-Dec-2018 13:52:34.437 INFORMATION [main] org.apache.catalina.startup.VersionLoggerListener.log OS Version:            10.0
16-Dec-2018 13:52:34.437 INFORMATION [main] org.apache.catalina.startup.VersionLoggerListener.log Architecture:          amd64
16-Dec-2018 13:52:34.437 INFORMATION [main] org.apache.catalina.startup.VersionLoggerListener.log Java Home:             C:\Program Files\Java\jdk1.8.0_191\jre
16-Dec-2018 13:52:34.437 INFORMATION [main] org.apache.catalina.startup.VersionLoggerListener.log JVM Version:           1.8.0_191-b12
16-Dec-2018 13:52:34.437 INFORMATION [main] org.apache.catalina.startup.VersionLoggerListener.log JVM Vendor:            Oracle Corporation
16-Dec-2018 13:52:34.437 INFORMATION [main] org.apache.catalina.startup.VersionLoggerListener.log CATALINA_BASE:         C:\Users\Mario\Desktop\camunda-bpm-tomcat-7.10.0\server\apache-tomcat-9.0.12
16-Dec-2018 13:52:34.437 INFORMATION [main] org.apache.catalina.startup.VersionLoggerListener.log CATALINA_HOME:         C:\Users\Mario\Desktop\camunda-bpm-tomcat-7.10.0\server\apache-tomcat-9.0.12
16-Dec-2018 13:52:34.438 INFORMATION [main] org.apache.catalina.startup.VersionLoggerListener.log Command line argument: -Djava.util.logging.config.file=C:\Users\Mario\Desktop\camunda-bpm-tomcat-7.10.0\server\apache-tomcat-9.0.12\conf\logging.properties
16-Dec-2018 13:52:34.438 INFORMATION [main] org.apache.catalina.startup.VersionLoggerListener.log Command line argument: -Djava.util.logging.manager=org.apache.juli.ClassLoaderLogManager
16-Dec-2018 13:52:34.438 INFORMATION [main] org.apache.catalina.startup.VersionLoggerListener.log Command line argument: -Djdk.tls.ephemeralDHKeySize=2048
16-Dec-2018 13:52:34.438 INFORMATION [main] org.apache.catalina.startup.VersionLoggerListener.log Command line argument: -Djava.protocol.handler.pkgs=org.apache.catalina.webresources
16-Dec-2018 13:52:34.438 INFORMATION [main] org.apache.catalina.startup.VersionLoggerListener.log Command line argument: -Xmx512m
16-Dec-2018 13:52:34.439 INFORMATION [main] org.apache.catalina.startup.VersionLoggerListener.log Command line argument: -XX:MaxPermSize=256m
16-Dec-2018 13:52:34.439 INFORMATION [main] org.apache.catalina.startup.VersionLoggerListener.log Command line argument: -XX:PermSize=256m
16-Dec-2018 13:52:34.439 INFORMATION [main] org.apache.catalina.startup.VersionLoggerListener.log Command line argument: -Dignore.endorsed.dirs=
16-Dec-2018 13:52:34.439 INFORMATION [main] org.apache.catalina.startup.VersionLoggerListener.log Command line argument: -Dcatalina.base=C:\Users\Mario\Desktop\camunda-bpm-tomcat-7.10.0\server\apache-tomcat-9.0.12
16-Dec-2018 13:52:34.440 INFORMATION [main] org.apache.catalina.startup.VersionLoggerListener.log Command line argument: -Dcatalina.home=C:\Users\Mario\Desktop\camunda-bpm-tomcat-7.10.0\server\apache-tomcat-9.0.12
16-Dec-2018 13:52:34.440 INFORMATION [main] org.apache.catalina.startup.VersionLoggerListener.log Command line argument: -Djava.io.tmpdir=C:\Users\Mario\Desktop\camunda-bpm-tomcat-7.10.0\server\apache-tomcat-9.0.12\temp
16-Dec-2018 13:52:34.440 INFORMATION [main] org.apache.catalina.core.AprLifecycleListener.lifecycleEvent The APR based Apache Tomcat Native library which allows optimal performance in production environments was not found on the java.library.path: [C:\Program Files\Java\jdk1.8.0_191\bin;C:\WINDOWS\Sun\Java\bin;C:\WINDOWS\system32;C:\WINDOWS;C:\Program Files (x86)\Common Files\Oracle\Java\javapath;C:\ProgramData\Oracle\Java\javapath;C:\Windows\system32;C:\Windows;C:\Windows\System32\Wbem;C:\Windows\System32\WindowsPowerShell\v1.0\;C:\Program Files (x86)\Skype\Phone\;C:\WINDOWS\system32;C:\WINDOWS;C:\WINDOWS\System32\Wbem;C:\WINDOWS\System32\WindowsPowerShell\v1.0\;C:\WINDOWS\System32\OpenSSH\;C:\Program Files (x86)\NVIDIA Corporation\PhysX\Common;C:\Program Files\Git\cmd;C:\Program Files\nodejs\;C:\Program Files (x86)\Yarn\bin\;C:\Users\Mario\AppData\Local\Microsoft\WindowsApps;C:\Users\Mario\AppData\Local\GitHubDesktop\bin;C:\Users\Mario\AppData\Local\Programs\Microsoft VS Code\bin;C:\Users\Mario\AppData\Roaming\npm;C:\Users\Mario\AppData\Local\Yarn\bin;C:\Users\Mario\Desktop\apache-maven-3.6.0-bin\apache-maven-3.6.0\bin;;.]
16-Dec-2018 13:52:34.565 INFORMATION [main] org.apache.coyote.AbstractProtocol.init Initializing ProtocolHandler ["http-nio-8080"]
16-Dec-2018 13:52:34.631 INFORMATION [main] org.apache.tomcat.util.net.NioSelectorPool.getSharedSelector Using a shared selector for servlet write/read
16-Dec-2018 13:52:34.637 INFORMATION [main] org.apache.coyote.AbstractProtocol.init Initializing ProtocolHandler ["ajp-nio-8009"]
16-Dec-2018 13:52:34.639 INFORMATION [main] org.apache.tomcat.util.net.NioSelectorPool.getSharedSelector Using a shared selector for servlet write/read
16-Dec-2018 13:52:34.639 INFORMATION [main] org.apache.catalina.startup.Catalina.load Initialization processed in 588 ms
16-Dec-2018 13:52:34.929 INFORMATION [main] org.camunda.commons.logging.BaseLogger.logInfo ENGINE-08046 Found camunda bpm platform configuration in CATALINA_BASE/CATALINA_HOME conf directory [C:\Users\Mario\Desktop\camunda-bpm-tomcat-7.10.0\server\apache-tomcat-9.0.12\conf\bpm-platform.xml] at 'file:/C:/Users/Mario/Desktop/camunda-bpm-tomcat-7.10.0/server/apache-tomcat-9.0.12/conf/bpm-platform.xml'
16-Dec-2018 13:52:35.142 INFORMATION [main] org.camunda.commons.logging.BaseLogger.logInfo ENGINE-12003 Plugin 'ProcessApplicationEventListenerPlugin' activated on process engine 'default'
16-Dec-2018 13:52:35.150 INFORMATION [main] org.camunda.commons.logging.BaseLogger.logInfo ENGINE-12003 Plugin 'SpinProcessEnginePlugin' activated on process engine 'default'
16-Dec-2018 13:52:35.154 INFORMATION [main] org.camunda.commons.logging.BaseLogger.logInfo SPIN-01010 Discovered Spin data format provider: org.camunda.spin.impl.json.jackson.format.JacksonJsonDataFormatProvider[name = application/json]
16-Dec-2018 13:52:35.359 INFORMATION [main] org.camunda.commons.logging.BaseLogger.logInfo SPIN-01010 Discovered Spin data format provider: org.camunda.spin.impl.xml.dom.format.DomXmlDataFormatProvider[name = application/xml]
16-Dec-2018 13:52:35.370 INFORMATION [main] org.camunda.commons.logging.BaseLogger.logInfo SPIN-01009 Discovered Spin data format: org.camunda.spin.impl.xml.dom.format.DomXmlDataFormat[name = application/xml]
16-Dec-2018 13:52:35.370 INFORMATION [main] org.camunda.commons.logging.BaseLogger.logInfo SPIN-01009 Discovered Spin data format: org.camunda.spin.impl.json.jackson.format.JacksonJsonDataFormat[name = application/json]
16-Dec-2018 13:52:35.370 INFORMATION [main] org.camunda.commons.logging.BaseLogger.logInfo ENGINE-12003 Plugin 'ConnectProcessEnginePlugin' activated on process engine 'default'
16-Dec-2018 13:52:35.624 INFORMATION [main] org.camunda.commons.logging.BaseLogger.logInfo CNCT-01004 Discovered provider for connector id 'http-connector' and class 'org.camunda.connect.httpclient.impl.HttpConnectorImpl': 'org.camunda.connect.httpclient.impl.HttpConnectorProviderImpl'
16-Dec-2018 13:52:35.627 INFORMATION [main] org.camunda.commons.logging.BaseLogger.logInfo CNCT-01004 Discovered provider for connector id 'soap-http-connector' and class 'org.camunda.connect.httpclient.soap.impl.SoapHttpConnectorImpl': 'org.camunda.connect.httpclient.soap.impl.SoapHttpConnectorProviderImpl'
16-Dec-2018 13:52:37.950 INFORMATION [main] org.camunda.commons.logging.BaseLogger.logInfo ENGINE-00001 Process Engine default created.
16-Dec-2018 13:52:37.951 INFORMATION [main] org.camunda.commons.logging.BaseLogger.logInfo ENGINE-14014 Starting up the JobExecutor[org.camunda.bpm.engine.impl.jobexecutor.RuntimeContainerJobExecutor].
16-Dec-2018 13:52:37.953 INFORMATION [Thread-6] org.camunda.commons.logging.BaseLogger.logInfo ENGINE-14018 JobExecutor[org.camunda.bpm.engine.impl.jobexecutor.RuntimeContainerJobExecutor] starting to acquire jobs
16-Dec-2018 13:52:37.958 INFORMATION [main] org.camunda.commons.logging.BaseLogger.logInfo ENGINE-08048 Camunda BPM platform sucessfully started at 'Apache Tomcat/9.0.12'.
16-Dec-2018 13:52:38.108 INFORMATION [main] org.apache.catalina.core.StandardService.startInternal Starting service [Catalina]
16-Dec-2018 13:52:38.108 INFORMATION [main] org.apache.catalina.core.StandardEngine.startInternal Starting Servlet Engine: Apache Tomcat/9.0.12
16-Dec-2018 13:52:38.175 INFORMATION [main] org.apache.catalina.startup.HostConfig.deployWAR Deploying web application archive [C:\Users\Mario\Desktop\camunda-bpm-tomcat-7.10.0\server\apache-tomcat-9.0.12\webapps\bachelorthesis.war]
16-Dec-2018 13:52:40.210 INFORMATION [main] org.camunda.commons.logging.BaseLogger.logInfo ENGINE-07015 Detected @ProcessApplication class 'de.fhaachen.gpm.practicum.CamundaBpmProcessApplication'
16-Dec-2018 13:52:40.244 INFORMATION [main] org.apache.jasper.servlet.TldScanner.scanJars At least one JAR was scanned for TLDs yet contained no TLDs. Enable debug logging for this logger for a complete list of JARs that were scanned but no TLDs were found in them. Skipping unneeded JARs during scanning can improve startup time and JSP compilation time.
16-Dec-2018 13:52:40.268 INFORMATION [main] org.camunda.commons.logging.BaseLogger.logInfo ENGINE-08024 Found processes.xml file at file:/C:/Users/Mario/Desktop/camunda-bpm-tomcat-7.10.0/server/apache-tomcat-9.0.12/webapps/bachelorthesis/WEB-INF/classes/META-INF/processes.xml
16-Dec-2018 13:52:40.314 INFORMATION [main] org.camunda.commons.logging.BaseLogger.logInfo ENGINE-08023 Deployment summary for process archive 'bachelorthesis': 

        Gr2 - GPM P3 -incl SOAP- SOLL Prozess.bpmn

16-Dec-2018 13:52:40.709 INFORMATION [main] org.camunda.commons.logging.BaseLogger.logInfo ENGINE-07021 ProcessApplication 'bachelorthesis' registered for DB deployments [9042cb1e-f8b7-11e8-b43c-d0509993700d]. Will execute process definitions 

        Process_1[version: 1, id: Process_1:1:904a1e20-f8b7-11e8-b43c-d0509993700d]
Deployment does not provide any case definitions.
16-Dec-2018 13:52:40.713 INFORMATION [main] org.camunda.commons.logging.BaseLogger.logInfo SPIN-01010 Discovered Spin data format provider: org.camunda.spin.impl.json.jackson.format.JacksonJsonDataFormatProvider[name = application/json]
16-Dec-2018 13:52:40.715 INFORMATION [main] org.camunda.commons.logging.BaseLogger.logInfo SPIN-01010 Discovered Spin data format provider: org.camunda.spin.impl.xml.dom.format.DomXmlDataFormatProvider[name = application/xml]
16-Dec-2018 13:52:40.717 INFORMATION [main] org.camunda.commons.logging.BaseLogger.logInfo SPIN-01009 Discovered Spin data format: org.camunda.spin.impl.xml.dom.format.DomXmlDataFormat[name = application/xml]
16-Dec-2018 13:52:40.718 INFORMATION [main] org.camunda.commons.logging.BaseLogger.logInfo SPIN-01009 Discovered Spin data format: org.camunda.spin.impl.json.jackson.format.JacksonJsonDataFormat[name = application/json]
16-Dec-2018 13:52:40.719 INFORMATION [main] org.camunda.commons.logging.BaseLogger.logInfo ENGINE-08050 Process application bachelorthesis successfully deployed
16-Dec-2018 13:52:40.739 INFORMATION [main] org.apache.catalina.startup.HostConfig.deployWAR Deployment of web application archive [C:\Users\Mario\Desktop\camunda-bpm-tomcat-7.10.0\server\apache-tomcat-9.0.12\webapps\bachelorthesis.war] has finished in [2,563] ms
16-Dec-2018 13:52:40.804 INFORMATION [main] org.apache.catalina.startup.HostConfig.deployWAR Deploying web application archive [C:\Users\Mario\Desktop\camunda-bpm-tomcat-7.10.0\server\apache-tomcat-9.0.12\webapps\praxissemester.war]
16-Dec-2018 13:52:42.454 INFORMATION [main] org.camunda.commons.logging.BaseLogger.logInfo ENGINE-07015 Detected @ProcessApplication class 'de.fhaachen.praxissemester.CamundaBpmProcessApplication'
16-Dec-2018 13:52:42.486 INFORMATION [main] org.apache.jasper.servlet.TldScanner.scanJars At least one JAR was scanned for TLDs yet contained no TLDs. Enable debug logging for this logger for a complete list of JARs that were scanned but no TLDs were found in them. Skipping unneeded JARs during scanning can improve startup time and JSP compilation time.
16-Dec-2018 13:52:42.489 INFORMATION [main] org.camunda.commons.logging.BaseLogger.logInfo ENGINE-08024 Found processes.xml file at file:/C:/Users/Mario/Desktop/camunda-bpm-tomcat-7.10.0/server/apache-tomcat-9.0.12/webapps/praxissemester/WEB-INF/classes/META-INF/processes.xml
16-Dec-2018 13:52:42.506 INFORMATION [main] org.camunda.commons.logging.BaseLogger.logInfo ENGINE-08023 Deployment summary for process archive 'praxissemester': 

        praxissemester.bpmn

16-Dec-2018 13:52:42.540 INFORMATION [main] org.camunda.commons.logging.BaseLogger.logInfo ENGINE-07021 ProcessApplication 'praxissemester' registered for DB deployments [15aac73c-f97a-11e8-bc42-d0509993700d]. Will execute process definitions 

        Praxissemester[version: 1, id: Praxissemester:1:15ad5f4e-f97a-11e8-bc42-d0509993700d]
Deployment does not provide any case definitions.
16-Dec-2018 13:52:42.542 INFORMATION [main] org.camunda.commons.logging.BaseLogger.logInfo SPIN-01010 Discovered Spin data format provider: org.camunda.spin.impl.json.jackson.format.JacksonJsonDataFormatProvider[name = application/json]
16-Dec-2018 13:52:42.544 INFORMATION [main] org.camunda.commons.logging.BaseLogger.logInfo SPIN-01010 Discovered Spin data format provider: org.camunda.spin.impl.xml.dom.format.DomXmlDataFormatProvider[name = application/xml]
16-Dec-2018 13:52:42.546 INFORMATION [main] org.camunda.commons.logging.BaseLogger.logInfo SPIN-01009 Discovered Spin data format: org.camunda.spin.impl.xml.dom.format.DomXmlDataFormat[name = application/xml]
16-Dec-2018 13:52:42.546 INFORMATION [main] org.camunda.commons.logging.BaseLogger.logInfo SPIN-01009 Discovered Spin data format: org.camunda.spin.impl.json.jackson.format.JacksonJsonDataFormat[name = application/json]
16-Dec-2018 13:52:42.547 INFORMATION [main] org.camunda.commons.logging.BaseLogger.logInfo ENGINE-08050 Process application praxissemester successfully deployed
16-Dec-2018 13:52:42.551 INFORMATION [main] org.apache.catalina.startup.HostConfig.deployWAR Deployment of web application archive [C:\Users\Mario\Desktop\camunda-bpm-tomcat-7.10.0\server\apache-tomcat-9.0.12\webapps\praxissemester.war] has finished in [1,747] ms
16-Dec-2018 13:52:42.559 INFORMATION [main] org.apache.catalina.startup.HostConfig.deployWAR Deploying web application archive [C:\Users\Mario\Desktop\camunda-bpm-tomcat-7.10.0\server\apache-tomcat-9.0.12\webapps\pruefungabmelden.war]
16-Dec-2018 13:52:44.484 INFORMATION [main] org.camunda.commons.logging.BaseLogger.logInfo ENGINE-07015 Detected @ProcessApplication class 'de.fhaachen.ip.pruefungabmelden.CamundaBpmProcessApplication'
16-Dec-2018 13:52:44.505 INFORMATION [main] org.apache.jasper.servlet.TldScanner.scanJars At least one JAR was scanned for TLDs yet contained no TLDs. Enable debug logging for this logger for a complete list of JARs that were scanned but no TLDs were found in them. Skipping unneeded JARs during scanning can improve startup time and JSP compilation time.
16-Dec-2018 13:52:44.507 INFORMATION [main] org.camunda.commons.logging.BaseLogger.logInfo ENGINE-08024 Found processes.xml file at file:/C:/Users/Mario/Desktop/camunda-bpm-tomcat-7.10.0/server/apache-tomcat-9.0.12/webapps/pruefungabmelden/WEB-INF/classes/META-INF/processes.xml
16-Dec-2018 13:52:44.518 INFORMATION [main] org.camunda.commons.logging.BaseLogger.logInfo ENGINE-08023 Deployment summary for process archive 'pruefungabmelden': 

        process.bpmn

16-Dec-2018 13:52:44.535 INFORMATION [main] org.camunda.commons.logging.BaseLogger.logInfo ENGINE-07021 ProcessApplication 'pruefungabmelden' registered for DB deployments [6a793cdc-fb17-11e8-8b11-d0509993700d]. Will execute process definitions 

        pruefungabmelden[version: 1, id: pruefungabmelden:1:6a8041be-fb17-11e8-8b11-d0509993700d]
Deployment does not provide any case definitions.
16-Dec-2018 13:52:44.539 INFORMATION [main] org.camunda.commons.logging.BaseLogger.logInfo SPIN-01010 Discovered Spin data format provider: org.camunda.spin.impl.json.jackson.format.JacksonJsonDataFormatProvider[name = application/json]
16-Dec-2018 13:52:44.541 INFORMATION [main] org.camunda.commons.logging.BaseLogger.logInfo SPIN-01010 Discovered Spin data format provider: org.camunda.spin.impl.xml.dom.format.DomXmlDataFormatProvider[name = application/xml]
16-Dec-2018 13:52:44.544 INFORMATION [main] org.camunda.commons.logging.BaseLogger.logInfo SPIN-01009 Discovered Spin data format: org.camunda.spin.impl.xml.dom.format.DomXmlDataFormat[name = application/xml]
16-Dec-2018 13:52:44.545 INFORMATION [main] org.camunda.commons.logging.BaseLogger.logInfo SPIN-01009 Discovered Spin data format: org.camunda.spin.impl.json.jackson.format.JacksonJsonDataFormat[name = application/json]
16-Dec-2018 13:52:44.545 INFORMATION [main] org.camunda.commons.logging.BaseLogger.logInfo ENGINE-08050 Process application pruefungabmelden successfully deployed
16-Dec-2018 13:52:44.550 INFORMATION [main] org.apache.catalina.startup.HostConfig.deployWAR Deployment of web application archive [C:\Users\Mario\Desktop\camunda-bpm-tomcat-7.10.0\server\apache-tomcat-9.0.12\webapps\pruefungabmelden.war] has finished in [1,991] ms
16-Dec-2018 13:52:44.551 INFORMATION [main] org.apache.catalina.startup.HostConfig.deployDirectory Deploying web application directory [C:\Users\Mario\Desktop\camunda-bpm-tomcat-7.10.0\server\apache-tomcat-9.0.12\webapps\browser-forms]
16-Dec-2018 13:52:45.946 INFORMATION [main] org.apache.jasper.servlet.TldScanner.scanJars At least one JAR was scanned for TLDs yet contained no TLDs. Enable debug logging for this logger for a complete list of JARs that were scanned but no TLDs were found in them. Skipping unneeded JARs during scanning can improve startup time and JSP compilation time.
16-Dec-2018 13:52:45.949 INFORMATION [main] org.apache.catalina.startup.HostConfig.deployDirectory Deployment of web application directory [C:\Users\Mario\Desktop\camunda-bpm-tomcat-7.10.0\server\apache-tomcat-9.0.12\webapps\browser-forms] has finished in [1,398] ms
16-Dec-2018 13:52:45.949 INFORMATION [main] org.apache.catalina.startup.HostConfig.deployDirectory Deploying web application directory [C:\Users\Mario\Desktop\camunda-bpm-tomcat-7.10.0\server\apache-tomcat-9.0.12\webapps\browser-forms-angular]
16-Dec-2018 13:52:47.322 INFORMATION [main] org.apache.jasper.servlet.TldScanner.scanJars At least one JAR was scanned for TLDs yet contained no TLDs. Enable debug logging for this logger for a complete list of JARs that were scanned but no TLDs were found in them. Skipping unneeded JARs during scanning can improve startup time and JSP compilation time.
16-Dec-2018 13:52:47.324 INFORMATION [main] org.apache.catalina.startup.HostConfig.deployDirectory Deployment of web application directory [C:\Users\Mario\Desktop\camunda-bpm-tomcat-7.10.0\server\apache-tomcat-9.0.12\webapps\browser-forms-angular] has finished in [1,375] ms
16-Dec-2018 13:52:47.324 INFORMATION [main] org.apache.catalina.startup.HostConfig.deployDirectory Deploying web application directory [C:\Users\Mario\Desktop\camunda-bpm-tomcat-7.10.0\server\apache-tomcat-9.0.12\webapps\camunda]
16-Dec-2018 13:52:50.465 INFORMATION [main] org.apache.jasper.servlet.TldScanner.scanJars At least one JAR was scanned for TLDs yet contained no TLDs. Enable debug logging for this logger for a complete list of JARs that were scanned but no TLDs were found in them. Skipping unneeded JARs during scanning can improve startup time and JSP compilation time.
16-Dec-2018 13:52:50.770 INFORMATION [main] org.apache.catalina.startup.HostConfig.deployDirectory Deployment of web application directory [C:\Users\Mario\Desktop\camunda-bpm-tomcat-7.10.0\server\apache-tomcat-9.0.12\webapps\camunda] has finished in [3,446] ms
16-Dec-2018 13:52:50.771 INFORMATION [main] org.apache.catalina.startup.HostConfig.deployDirectory Deploying web application directory [C:\Users\Mario\Desktop\camunda-bpm-tomcat-7.10.0\server\apache-tomcat-9.0.12\webapps\camunda-invoice]
16-Dec-2018 13:52:52.272 INFORMATION [main] org.camunda.commons.logging.BaseLogger.logInfo ENGINE-07015 Detected @ProcessApplication class 'org.camunda.bpm.example.invoice.InvoiceProcessApplication'
16-Dec-2018 13:52:52.290 INFORMATION [main] org.apache.jasper.servlet.TldScanner.scanJars At least one JAR was scanned for TLDs yet contained no TLDs. Enable debug logging for this logger for a complete list of JARs that were scanned but no TLDs were found in them. Skipping unneeded JARs during scanning can improve startup time and JSP compilation time.
16-Dec-2018 13:52:52.292 INFORMATION [main] org.camunda.commons.logging.BaseLogger.logInfo ENGINE-08024 Found processes.xml file at file:/C:/Users/Mario/Desktop/camunda-bpm-tomcat-7.10.0/server/apache-tomcat-9.0.12/webapps/camunda-invoice/WEB-INF/classes/META-INF/processes.xml
16-Dec-2018 13:52:52.323 INFORMATION [main] org.camunda.commons.logging.BaseLogger.logInfo ENGINE-08023 Deployment summary for process archive 'camunda-invoice': 

        invoiceBusinessDecisions.dmn
        invoice.v2.bpmn
        review-invoice.cmmn

16-Dec-2018 13:52:52.437 INFORMATION [main] org.camunda.commons.logging.BaseLogger.logInfo ENGINE-07021 ProcessApplication 'camunda-invoice' registered for DB deployments [9d23bf59-f8b3-11e8-b43c-d0509993700d, 9cf227ff-f8b3-11e8-b43c-d0509993700d]. Will execute process definitions 

        invoice[version: 2, id: invoice:2:9d26a58d-f8b3-11e8-b43c-d0509993700d]
        invoice[version: 1, id: invoice:1:9cfe0ee3-f8b3-11e8-b43c-d0509993700d]

Will execute case definitions 

        ReviewInvoiceCase[version: 2, id: ReviewInvoiceCase:2:9d2a27ff-f8b3-11e8-b43c-d0509993700d]
        ReviewInvoiceCase[version: 1, id: ReviewInvoiceCase:1:9d123325-f8b3-11e8-b43c-d0509993700d]

16-Dec-2018 13:52:52.440 INFORMATION [main] org.camunda.commons.logging.BaseLogger.logInfo SPIN-01010 Discovered Spin data format provider: org.camunda.spin.impl.json.jackson.format.JacksonJsonDataFormatProvider[name = application/json]
16-Dec-2018 13:52:52.442 INFORMATION [main] org.camunda.commons.logging.BaseLogger.logInfo SPIN-01010 Discovered Spin data format provider: org.camunda.spin.impl.xml.dom.format.DomXmlDataFormatProvider[name = application/xml]
16-Dec-2018 13:52:52.445 INFORMATION [main] org.camunda.commons.logging.BaseLogger.logInfo SPIN-01009 Discovered Spin data format: org.camunda.spin.impl.xml.dom.format.DomXmlDataFormat[name = application/xml]
16-Dec-2018 13:52:52.445 INFORMATION [main] org.camunda.commons.logging.BaseLogger.logInfo SPIN-01009 Discovered Spin data format: org.camunda.spin.impl.json.jackson.format.JacksonJsonDataFormat[name = application/json]
16-Dec-2018 13:52:52.494 INFORMATION [main] org.camunda.bpm.example.invoice.InvoiceProcessApplication.startProcessInstances No new instances of Invoice Receipt version 1 started, there are 3 instances running
16-Dec-2018 13:52:52.513 INFORMATION [main] org.camunda.bpm.example.invoice.InvoiceProcessApplication.startProcessInstances No new instances of Invoice Receipt version 2 started, there are 3 instances running
16-Dec-2018 13:52:52.513 INFORMATION [main] org.camunda.commons.logging.BaseLogger.logInfo ENGINE-08050 Process application camunda-invoice successfully deployed
16-Dec-2018 13:52:52.518 INFORMATION [main] org.apache.catalina.startup.HostConfig.deployDirectory Deployment of web application directory [C:\Users\Mario\Desktop\camunda-bpm-tomcat-7.10.0\server\apache-tomcat-9.0.12\webapps\camunda-invoice] has finished in [1,747] ms
16-Dec-2018 13:52:52.518 INFORMATION [main] org.apache.catalina.startup.HostConfig.deployDirectory Deploying web application directory [C:\Users\Mario\Desktop\camunda-bpm-tomcat-7.10.0\server\apache-tomcat-9.0.12\webapps\camunda-welcome]
16-Dec-2018 13:52:53.861 INFORMATION [main] org.apache.jasper.servlet.TldScanner.scanJars At least one JAR was scanned for TLDs yet contained no TLDs. Enable debug logging for this logger for a complete list of JARs that were scanned but no TLDs were found in them. Skipping unneeded JARs during scanning can improve startup time and JSP compilation time.
16-Dec-2018 13:52:53.863 INFORMATION [main] org.apache.catalina.startup.HostConfig.deployDirectory Deployment of web application directory [C:\Users\Mario\Desktop\camunda-bpm-tomcat-7.10.0\server\apache-tomcat-9.0.12\webapps\camunda-welcome] has finished in [1,345] ms
16-Dec-2018 13:52:53.864 INFORMATION [main] org.apache.catalina.startup.HostConfig.deployDirectory Deploying web application directory [C:\Users\Mario\Desktop\camunda-bpm-tomcat-7.10.0\server\apache-tomcat-9.0.12\webapps\docs]
16-Dec-2018 13:52:55.218 INFORMATION [main] org.apache.jasper.servlet.TldScanner.scanJars At least one JAR was scanned for TLDs yet contained no TLDs. Enable debug logging for this logger for a complete list of JARs that were scanned but no TLDs were found in them. Skipping unneeded JARs during scanning can improve startup time and JSP compilation time.
16-Dec-2018 13:52:55.221 INFORMATION [main] org.apache.catalina.startup.HostConfig.deployDirectory Deployment of web application directory [C:\Users\Mario\Desktop\camunda-bpm-tomcat-7.10.0\server\apache-tomcat-9.0.12\webapps\docs] has finished in [1,357] ms
16-Dec-2018 13:52:55.222 INFORMATION [main] org.apache.catalina.startup.HostConfig.deployDirectory Deploying web application directory [C:\Users\Mario\Desktop\camunda-bpm-tomcat-7.10.0\server\apache-tomcat-9.0.12\webapps\engine-rest]
16-Dec-2018 13:52:57.386 INFORMATION [main] org.apache.jasper.servlet.TldScanner.scanJars At least one JAR was scanned for TLDs yet contained no TLDs. Enable debug logging for this logger for a complete list of JARs that were scanned but no TLDs were found in them. Skipping unneeded JARs during scanning can improve startup time and JSP compilation time.
16-Dec-2018 13:52:57.530 INFORMATION [main] org.apache.catalina.startup.HostConfig.deployDirectory Deployment of web application directory [C:\Users\Mario\Desktop\camunda-bpm-tomcat-7.10.0\server\apache-tomcat-9.0.12\webapps\engine-rest] has finished in [2,308] ms
16-Dec-2018 13:52:57.530 INFORMATION [main] org.apache.catalina.startup.HostConfig.deployDirectory Deploying web application directory [C:\Users\Mario\Desktop\camunda-bpm-tomcat-7.10.0\server\apache-tomcat-9.0.12\webapps\examples]
16-Dec-2018 13:52:59.766 INFORMATION [main] org.apache.jasper.servlet.TldScanner.scanJars At least one JAR was scanned for TLDs yet contained no TLDs. Enable debug logging for this logger for a complete list of JARs that were scanned but no TLDs were found in them. Skipping unneeded JARs during scanning can improve startup time and JSP compilation time.
16-Dec-2018 13:52:59.806 INFORMATION [main] org.apache.catalina.startup.HostConfig.deployDirectory Deployment of web application directory [C:\Users\Mario\Desktop\camunda-bpm-tomcat-7.10.0\server\apache-tomcat-9.0.12\webapps\examples] has finished in [2,276] ms
16-Dec-2018 13:52:59.807 INFORMATION [main] org.apache.catalina.startup.HostConfig.deployDirectory Deploying web application directory [C:\Users\Mario\Desktop\camunda-bpm-tomcat-7.10.0\server\apache-tomcat-9.0.12\webapps\h2]
16-Dec-2018 13:53:01.209 INFORMATION [main] org.apache.jasper.servlet.TldScanner.scanJars At least one JAR was scanned for TLDs yet contained no TLDs. Enable debug logging for this logger for a complete list of JARs that were scanned but no TLDs were found in them. Skipping unneeded JARs during scanning can improve startup time and JSP compilation time.
16-Dec-2018 13:53:01.213 INFORMATION [main] org.apache.catalina.startup.HostConfig.deployDirectory Deployment of web application directory [C:\Users\Mario\Desktop\camunda-bpm-tomcat-7.10.0\server\apache-tomcat-9.0.12\webapps\h2] has finished in [1,406] ms
16-Dec-2018 13:53:01.214 INFORMATION [main] org.apache.catalina.startup.HostConfig.deployDirectory Deploying web application directory [C:\Users\Mario\Desktop\camunda-bpm-tomcat-7.10.0\server\apache-tomcat-9.0.12\webapps\host-manager]
16-Dec-2018 13:53:02.574 INFORMATION [main] org.apache.jasper.servlet.TldScanner.scanJars At least one JAR was scanned for TLDs yet contained no TLDs. Enable debug logging for this logger for a complete list of JARs that were scanned but no TLDs were found in them. Skipping unneeded JARs during scanning can improve startup time and JSP compilation time.
16-Dec-2018 13:53:02.578 INFORMATION [main] org.apache.catalina.startup.HostConfig.deployDirectory Deployment of web application directory [C:\Users\Mario\Desktop\camunda-bpm-tomcat-7.10.0\server\apache-tomcat-9.0.12\webapps\host-manager] has finished in [1,364] ms
16-Dec-2018 13:53:02.578 INFORMATION [main] org.apache.catalina.startup.HostConfig.deployDirectory Deploying web application directory [C:\Users\Mario\Desktop\camunda-bpm-tomcat-7.10.0\server\apache-tomcat-9.0.12\webapps\manager]
16-Dec-2018 13:53:03.931 INFORMATION [main] org.apache.jasper.servlet.TldScanner.scanJars At least one JAR was scanned for TLDs yet contained no TLDs. Enable debug logging for this logger for a complete list of JARs that were scanned but no TLDs were found in them. Skipping unneeded JARs during scanning can improve startup time and JSP compilation time.
16-Dec-2018 13:53:03.933 INFORMATION [main] org.apache.catalina.startup.HostConfig.deployDirectory Deployment of web application directory [C:\Users\Mario\Desktop\camunda-bpm-tomcat-7.10.0\server\apache-tomcat-9.0.12\webapps\manager] has finished in [1,355] ms
16-Dec-2018 13:53:03.934 INFORMATION [main] org.apache.catalina.startup.HostConfig.deployDirectory Deploying web application directory [C:\Users\Mario\Desktop\camunda-bpm-tomcat-7.10.0\server\apache-tomcat-9.0.12\webapps\ROOT]
16-Dec-2018 13:53:05.282 INFORMATION [main] org.apache.jasper.servlet.TldScanner.scanJars At least one JAR was scanned for TLDs yet contained no TLDs. Enable debug logging for this logger for a complete list of JARs that were scanned but no TLDs were found in them. Skipping unneeded JARs during scanning can improve startup time and JSP compilation time.
16-Dec-2018 13:53:05.284 INFORMATION [main] org.apache.catalina.startup.HostConfig.deployDirectory Deployment of web application directory [C:\Users\Mario\Desktop\camunda-bpm-tomcat-7.10.0\server\apache-tomcat-9.0.12\webapps\ROOT] has finished in [1,350] ms
16-Dec-2018 13:53:05.287 INFORMATION [main] org.apache.coyote.AbstractProtocol.start Starting ProtocolHandler ["http-nio-8080"]
16-Dec-2018 13:53:05.293 INFORMATION [main] org.apache.coyote.AbstractProtocol.start Starting ProtocolHandler ["ajp-nio-8009"]
16-Dec-2018 13:53:05.296 INFORMATION [main] org.apache.catalina.startup.Catalina.start Server startup in 30655 ms
16-Dec-2018 13:54:21.040 INFORMATION [http-nio-8080-exec-9] org.jboss.resteasy.logging.impl.Slf4jLogger.info Deploying javax.ws.rs.core.Application: class org.camunda.bpm.engine.rest.impl.application.DefaultApplication
16-Dec-2018 13:54:21.061 INFORMATION [http-nio-8080-exec-9] org.jboss.resteasy.logging.impl.Slf4jLogger.info Adding provider class org.camunda.bpm.engine.rest.mapper.MultipartPayloadProvider from Application class org.camunda.bpm.engine.rest.impl.application.DefaultApplication
16-Dec-2018 13:54:21.062 INFORMATION [http-nio-8080-exec-9] org.jboss.resteasy.logging.impl.Slf4jLogger.info Adding provider class org.camunda.bpm.engine.rest.exception.RestExceptionHandler from Application class org.camunda.bpm.engine.rest.impl.application.DefaultApplication
16-Dec-2018 13:54:21.063 INFORMATION [http-nio-8080-exec-9] org.jboss.resteasy.logging.impl.Slf4jLogger.info Adding provider class org.camunda.bpm.engine.rest.mapper.JacksonConfigurator from Application class org.camunda.bpm.engine.rest.impl.application.DefaultApplication
16-Dec-2018 13:54:21.064 INFORMATION [http-nio-8080-exec-9] org.jboss.resteasy.logging.impl.Slf4jLogger.info Adding provider class com.fasterxml.jackson.jaxrs.json.JacksonJsonProvider from Application class org.camunda.bpm.engine.rest.impl.application.DefaultApplication
16-Dec-2018 13:54:21.064 INFORMATION [http-nio-8080-exec-9] org.jboss.resteasy.logging.impl.Slf4jLogger.info Adding provider class org.camunda.bpm.engine.rest.exception.JsonParseExceptionHandler from Application class org.camunda.bpm.engine.rest.impl.application.DefaultApplication
16-Dec-2018 13:54:21.064 INFORMATION [http-nio-8080-exec-9] org.jboss.resteasy.logging.impl.Slf4jLogger.info Adding provider class org.camunda.bpm.engine.rest.exception.JsonMappingExceptionHandler from Application class org.camunda.bpm.engine.rest.impl.application.DefaultApplication
16-Dec-2018 13:54:21.064 INFORMATION [http-nio-8080-exec-9] org.jboss.resteasy.logging.impl.Slf4jLogger.info Adding provider class org.camunda.bpm.engine.rest.exception.ProcessEngineExceptionHandler from Application class org.camunda.bpm.engine.rest.impl.application.DefaultApplication
16-Dec-2018 13:54:21.065 INFORMATION [http-nio-8080-exec-9] org.jboss.resteasy.logging.impl.Slf4jLogger.info Adding provider class org.camunda.bpm.engine.rest.hal.JacksonHalJsonProvider from Application class org.camunda.bpm.engine.rest.impl.application.DefaultApplication
16-Dec-2018 13:54:21.067 INFORMATION [http-nio-8080-exec-9] org.jboss.resteasy.logging.impl.Slf4jLogger.info Adding class resource org.camunda.bpm.engine.rest.impl.JaxRsTwoNamedProcessEngineRestServiceImpl from Application class org.camunda.bpm.engine.rest.impl.application.DefaultApplication
16-Dec-2018 13:54:21.067 INFORMATION [http-nio-8080-exec-9] org.jboss.resteasy.logging.impl.Slf4jLogger.info Adding class resource org.camunda.bpm.engine.rest.impl.JaxRsTwoDefaultProcessEngineRestServiceImpl from Application class org.camunda.bpm.engine.rest.impl.application.DefaultApplication
16-Dec-2018 13:58:12.537 INFORMATION [http-nio-8080-exec-8] org.jboss.resteasy.logging.impl.Slf4jLogger.info Deploying javax.ws.rs.core.Application: class org.camunda.bpm.webapp.impl.engine.EngineRestApplication
16-Dec-2018 13:58:12.538 INFORMATION [http-nio-8080-exec-7] org.jboss.resteasy.logging.impl.Slf4jLogger.info Deploying javax.ws.rs.core.Application: class org.camunda.bpm.admin.impl.web.AdminApplication
16-Dec-2018 13:58:16.572 INFORMATION [http-nio-8080-exec-2] org.jboss.resteasy.logging.impl.Slf4jLogger.info Deploying javax.ws.rs.core.Application: class org.camunda.bpm.tasklist.impl.web.TasklistApplication
16-Dec-2018 14:05:09.252 INFORMATION [http-nio-8080-exec-4] org.jboss.resteasy.logging.impl.Slf4jLogger.info Deploying javax.ws.rs.core.Application: class org.camunda.bpm.cockpit.impl.web.CockpitApplication
16-Dec-2018 15:13:38.574 WARNUNG [http-nio-8080-exec-2] org.camunda.bpm.engine.rest.exception.RestExceptionHandler.toResponse org.camunda.bpm.engine.rest.exception.InvalidRequestException: No matching rendered form for task with the id 9dc185aa-f8b3-11e8-b43c-d0509993700d found.
	at org.camunda.bpm.engine.rest.sub.task.impl.TaskResourceImpl.getRenderedForm(TaskResourceImpl.java:241)
	at sun.reflect.NativeMethodAccessorImpl.invoke0(Native Method)
	at sun.reflect.NativeMethodAccessorImpl.invoke(NativeMethodAccessorImpl.java:62)
	at sun.reflect.DelegatingMethodAccessorImpl.invoke(DelegatingMethodAccessorImpl.java:43)
	at java.lang.reflect.Method.invoke(Method.java:498)
	at org.jboss.resteasy.core.MethodInjectorImpl.invoke(MethodInjectorImpl.java:137)
	at org.jboss.resteasy.core.ResourceMethodInvoker.invokeOnTarget(ResourceMethodInvoker.java:296)
	at org.jboss.resteasy.core.ResourceMethodInvoker.invoke(ResourceMethodInvoker.java:250)
	at org.jboss.resteasy.core.ResourceLocatorInvoker.invokeOnTargetObject(ResourceLocatorInvoker.java:140)
	at org.jboss.resteasy.core.ResourceLocatorInvoker.invoke(ResourceLocatorInvoker.java:109)
	at org.jboss.resteasy.core.ResourceLocatorInvoker.invokeOnTargetObject(ResourceLocatorInvoker.java:135)
	at org.jboss.resteasy.core.ResourceLocatorInvoker.invoke(ResourceLocatorInvoker.java:103)
	at org.jboss.resteasy.core.SynchronousDispatcher.invoke(SynchronousDispatcher.java:377)
	at org.jboss.resteasy.core.SynchronousDispatcher.invoke(SynchronousDispatcher.java:200)
	at org.jboss.resteasy.plugins.server.servlet.ServletContainerDispatcher.service(ServletContainerDispatcher.java:220)
	at org.jboss.resteasy.plugins.server.servlet.HttpServletDispatcher.service(HttpServletDispatcher.java:56)
	at org.jboss.resteasy.plugins.server.servlet.HttpServletDispatcher.service(HttpServletDispatcher.java:51)
	at javax.servlet.http.HttpServlet.service(HttpServlet.java:741)
	at org.apache.catalina.core.ApplicationFilterChain.internalDoFilter(ApplicationFilterChain.java:231)
	at org.apache.catalina.core.ApplicationFilterChain.doFilter(ApplicationFilterChain.java:166)
	at org.apache.tomcat.websocket.server.WsFilter.doFilter(WsFilter.java:53)
	at org.apache.catalina.core.ApplicationFilterChain.internalDoFilter(ApplicationFilterChain.java:193)
	at org.apache.catalina.core.ApplicationFilterChain.doFilter(ApplicationFilterChain.java:166)
	at org.apache.catalina.filters.CorsFilter.handleNonCORS(CorsFilter.java:352)
	at org.apache.catalina.filters.CorsFilter.doFilter(CorsFilter.java:171)
	at org.apache.catalina.core.ApplicationFilterChain.internalDoFilter(ApplicationFilterChain.java:193)
	at org.apache.catalina.core.ApplicationFilterChain.doFilter(ApplicationFilterChain.java:166)
	at org.camunda.bpm.engine.rest.filter.CacheControlFilter.doFilter(CacheControlFilter.java:44)
	at org.apache.catalina.core.ApplicationFilterChain.internalDoFilter(ApplicationFilterChain.java:193)
	at org.apache.catalina.core.ApplicationFilterChain.doFilter(ApplicationFilterChain.java:166)
	at org.camunda.bpm.engine.rest.filter.EmptyBodyFilter.doFilter(EmptyBodyFilter.java:98)
	at org.apache.catalina.core.ApplicationFilterChain.internalDoFilter(ApplicationFilterChain.java:193)
	at org.apache.catalina.core.ApplicationFilterChain.doFilter(ApplicationFilterChain.java:166)
	at org.apache.catalina.core.StandardWrapperValve.invoke(StandardWrapperValve.java:199)
	at org.apache.catalina.core.StandardContextValve.invoke(StandardContextValve.java:96)
	at org.apache.catalina.authenticator.AuthenticatorBase.invoke(AuthenticatorBase.java:490)
	at org.apache.catalina.core.StandardHostValve.invoke(StandardHostValve.java:139)
	at org.apache.catalina.valves.ErrorReportValve.invoke(ErrorReportValve.java:92)
	at org.apache.catalina.valves.AbstractAccessLogValve.invoke(AbstractAccessLogValve.java:668)
	at org.apache.catalina.core.StandardEngineValve.invoke(StandardEngineValve.java:74)
	at org.apache.catalina.connector.CoyoteAdapter.service(CoyoteAdapter.java:343)
	at org.apache.coyote.http11.Http11Processor.service(Http11Processor.java:408)
	at org.apache.coyote.AbstractProcessorLight.process(AbstractProcessorLight.java:66)
	at org.apache.coyote.AbstractProtocol$ConnectionHandler.process(AbstractProtocol.java:770)
	at org.apache.tomcat.util.net.NioEndpoint$SocketProcessor.doRun(NioEndpoint.java:1415)
	at org.apache.tomcat.util.net.SocketProcessorBase.run(SocketProcessorBase.java:49)
	at java.util.concurrent.ThreadPoolExecutor.runWorker(ThreadPoolExecutor.java:1149)
	at java.util.concurrent.ThreadPoolExecutor$Worker.run(ThreadPoolExecutor.java:624)
	at org.apache.tomcat.util.threads.TaskThread$WrappingRunnable.run(TaskThread.java:61)
	at java.lang.Thread.run(Thread.java:748)

